15-May-2020 15:34:36.829 信息 [main] org.apache.catalina.startup.VersionLoggerListener.log Server version:        Apache Tomcat/8.5.20
15-May-2020 15:34:36.834 信息 [main] org.apache.catalina.startup.VersionLoggerListener.log Server built:          Aug 2 2017 21:35:49 UTC
15-May-2020 15:34:36.834 信息 [main] org.apache.catalina.startup.VersionLoggerListener.log Server number:         8.5.20.0
15-May-2020 15:34:36.834 信息 [main] org.apache.catalina.startup.VersionLoggerListener.log OS Name:               Windows 10
15-May-2020 15:34:36.834 信息 [main] org.apache.catalina.startup.VersionLoggerListener.log OS Version:            10.0
15-May-2020 15:34:36.834 信息 [main] org.apache.catalina.startup.VersionLoggerListener.log Architecture:          amd64
15-May-2020 15:34:36.834 信息 [main] org.apache.catalina.startup.VersionLoggerListener.log Java Home:             E:\UserProgram\JAVA\jre
15-May-2020 15:34:36.834 信息 [main] org.apache.catalina.startup.VersionLoggerListener.log JVM Version:           1.8.0_161-b12
15-May-2020 15:34:36.834 信息 [main] org.apache.catalina.startup.VersionLoggerListener.log JVM Vendor:            Oracle Corporation
15-May-2020 15:34:36.837 信息 [main] org.apache.catalina.startup.VersionLoggerListener.log CATALINA_BASE:         E:\Server\apache-tomcat-8.5.20
15-May-2020 15:34:36.837 信息 [main] org.apache.catalina.startup.VersionLoggerListener.log CATALINA_HOME:         E:\Server\apache-tomcat-8.5.20
15-May-2020 15:34:36.837 信息 [main] org.apache.catalina.startup.VersionLoggerListener.log Command line argument: -Dcatalina.home=E:\Server\apache-tomcat-8.5.20
15-May-2020 15:34:36.837 信息 [main] org.apache.catalina.startup.VersionLoggerListener.log Command line argument: -Dcatalina.base=E:\Server\apache-tomcat-8.5.20
15-May-2020 15:34:36.837 信息 [main] org.apache.catalina.startup.VersionLoggerListener.log Command line argument: -Djava.io.tmpdir=E:\Server\apache-tomcat-8.5.20\temp
15-May-2020 15:34:36.837 信息 [main] org.apache.catalina.startup.VersionLoggerListener.log Command line argument: -Djava.util.logging.manager=org.apache.juli.ClassLoaderLogManager
15-May-2020 15:34:36.838 信息 [main] org.apache.catalina.startup.VersionLoggerListener.log Command line argument: -Djava.util.logging.config.file=E:\Server\apache-tomcat-8.5.20\conf\logging.properties
15-May-2020 15:34:36.838 信息 [main] org.apache.catalina.startup.VersionLoggerListener.log Command line argument: exit
15-May-2020 15:34:36.838 信息 [main] org.apache.catalina.startup.VersionLoggerListener.log Command line argument: -Xms128m
15-May-2020 15:34:36.838 信息 [main] org.apache.catalina.startup.VersionLoggerListener.log Command line argument: -Xmx256m
15-May-2020 15:34:36.838 信息 [main] org.apache.catalina.core.AprLifecycleListener.lifecycleEvent Loaded APR based Apache Tomcat Native library [1.2.12] using APR version [1.5.2].
15-May-2020 15:34:36.838 信息 [main] org.apache.catalina.core.AprLifecycleListener.lifecycleEvent APR capabilities: IPv6 [true], sendfile [true], accept filters [false], random [true].
15-May-2020 15:34:36.838 信息 [main] org.apache.catalina.core.AprLifecycleListener.lifecycleEvent APR/OpenSSL configuration: useAprConnector [false], useOpenSSL [true]
15-May-2020 15:34:37.433 信息 [main] org.apache.catalina.core.AprLifecycleListener.initializeSSL OpenSSL successfully initialized [OpenSSL 1.0.2k  26 Jan 2017]
15-May-2020 15:34:37.586 信息 [main] org.apache.coyote.AbstractProtocol.init Initializing ProtocolHandler ["http-nio-80"]
15-May-2020 15:34:37.939 信息 [main] org.apache.tomcat.util.net.NioSelectorPool.getSharedSelector Using a shared selector for servlet write/read
15-May-2020 15:34:37.944 信息 [main] org.apache.coyote.AbstractProtocol.init Initializing ProtocolHandler ["ajp-nio-8009"]
15-May-2020 15:34:37.950 信息 [main] org.apache.tomcat.util.net.NioSelectorPool.getSharedSelector Using a shared selector for servlet write/read
15-May-2020 15:34:37.950 信息 [main] org.apache.catalina.startup.Catalina.load Initialization processed in 1586 ms
15-May-2020 15:34:38.031 信息 [main] org.apache.catalina.core.StandardService.startInternal Starting service [Catalina]
15-May-2020 15:34:38.031 信息 [main] org.apache.catalina.core.StandardEngine.startInternal Starting Servlet Engine: Apache Tomcat/8.5.20
15-May-2020 15:34:39.081 信息 [localhost-startStop-1] org.apache.jasper.servlet.TldScanner.scanJars At least one JAR was scanned for TLDs yet contained no TLDs. Enable debug logging for this logger for a complete list of JARs that were scanned but no TLDs were found in them. Skipping unneeded JARs during scanning can improve startup time and JSP compilation time.
15-May-2020 15:34:39.164 信息 [localhost-startStop-1] org.apache.catalina.startup.HostConfig.deployDirectory Deploying web application directory [E:\Server\apache-tomcat-8.5.20\webapps\ExamSystem]
15-May-2020 15:34:39.218 严重 [localhost-startStop-1] org.apache.catalina.core.StandardContext.startInternal One or more Filters failed to start. Full details will be found in the appropriate container log file
15-May-2020 15:34:39.218 严重 [localhost-startStop-1] org.apache.catalina.core.StandardContext.startInternal Context [/ExamSystem] startup failed due to previous errors
15-May-2020 15:34:39.229 信息 [localhost-startStop-1] org.apache.catalina.startup.HostConfig.deployDirectory Deployment of web application directory [E:\Server\apache-tomcat-8.5.20\webapps\ExamSystem] has finished in [64] ms
15-May-2020 15:34:39.229 信息 [localhost-startStop-1] org.apache.catalina.startup.HostConfig.deployDirectory Deploying web application directory [E:\Server\apache-tomcat-8.5.20\webapps\HomeOfMovie]
15-May-2020 15:34:39.273 严重 [localhost-startStop-1] org.apache.catalina.core.StandardContext.startInternal One or more Filters failed to start. Full details will be found in the appropriate container log file
15-May-2020 15:34:39.273 严重 [localhost-startStop-1] org.apache.catalina.core.StandardContext.startInternal Context [/HomeOfMovie] startup failed due to previous errors
15-May-2020 15:34:39.279 信息 [localhost-startStop-1] org.apache.catalina.startup.HostConfig.deployDirectory Deployment of web application directory [E:\Server\apache-tomcat-8.5.20\webapps\HomeOfMovie] has finished in [49] ms
15-May-2020 15:34:39.283 信息 [main] org.apache.coyote.AbstractProtocol.start Starting ProtocolHandler ["http-nio-80"]
15-May-2020 15:34:39.297 信息 [main] org.apache.coyote.AbstractProtocol.start Starting ProtocolHandler ["ajp-nio-8009"]
15-May-2020 15:34:39.302 信息 [main] org.apache.catalina.startup.Catalina.start Server startup in 1309 ms
15-May-2020 15:37:39.476 信息 [Thread-6] org.apache.coyote.AbstractProtocol.pause Pausing ProtocolHandler ["http-nio-80"]
15-May-2020 15:37:39.726 信息 [Thread-6] org.apache.coyote.AbstractProtocol.pause Pausing ProtocolHandler ["ajp-nio-8009"]
15-May-2020 15:37:39.961 信息 [Thread-6] org.apache.catalina.core.StandardService.stopInternal Stopping service [Catalina]
15-May-2020 15:37:40.055 警告 [localhost-startStop-2] org.apache.catalina.loader.WebappClassLoaderBase.clearReferencesJdbc The web application [ROOT] registered the JDBC driver [com.mysql.jdbc.Driver] but failed to unregister it when the web application was stopped. To prevent a memory leak, the JDBC Driver has been forcibly unregistered.
15-May-2020 15:37:40.058 信息 [Thread-6] org.apache.coyote.AbstractProtocol.stop Stopping ProtocolHandler ["http-nio-80"]
15-May-2020 15:37:40.060 信息 [Thread-6] org.apache.coyote.AbstractProtocol.stop Stopping ProtocolHandler ["ajp-nio-8009"]
15-May-2020 15:40:47.941 信息 [main] org.apache.catalina.startup.VersionLoggerListener.log Server version:        Apache Tomcat/8.5.20
15-May-2020 15:40:47.946 信息 [main] org.apache.catalina.startup.VersionLoggerListener.log Server built:          Aug 2 2017 21:35:49 UTC
15-May-2020 15:40:47.946 信息 [main] org.apache.catalina.startup.VersionLoggerListener.log Server number:         8.5.20.0
15-May-2020 15:40:47.946 信息 [main] org.apache.catalina.startup.VersionLoggerListener.log OS Name:               Windows 10
15-May-2020 15:40:47.946 信息 [main] org.apache.catalina.startup.VersionLoggerListener.log OS Version:            10.0
15-May-2020 15:40:47.946 信息 [main] org.apache.catalina.startup.VersionLoggerListener.log Architecture:          amd64
15-May-2020 15:40:47.946 信息 [main] org.apache.catalina.startup.VersionLoggerListener.log Java Home:             E:\UserProgram\JAVA\jre
15-May-2020 15:40:47.946 信息 [main] org.apache.catalina.startup.VersionLoggerListener.log JVM Version:           1.8.0_161-b12
15-May-2020 15:40:47.946 信息 [main] org.apache.catalina.startup.VersionLoggerListener.log JVM Vendor:            Oracle Corporation
15-May-2020 15:40:47.946 信息 [main] org.apache.catalina.startup.VersionLoggerListener.log CATALINA_BASE:         E:\Server\apache-tomcat-8.5.20
15-May-2020 15:40:47.946 信息 [main] org.apache.catalina.startup.VersionLoggerListener.log CATALINA_HOME:         E:\Server\apache-tomcat-8.5.20
15-May-2020 15:40:47.946 信息 [main] org.apache.catalina.startup.VersionLoggerListener.log Command line argument: -Dcatalina.home=E:\Server\apache-tomcat-8.5.20
15-May-2020 15:40:47.947 信息 [main] org.apache.catalina.startup.VersionLoggerListener.log Command line argument: -Dcatalina.base=E:\Server\apache-tomcat-8.5.20
15-May-2020 15:40:47.947 信息 [main] org.apache.catalina.startup.VersionLoggerListener.log Command line argument: -Djava.io.tmpdir=E:\Server\apache-tomcat-8.5.20\temp
15-May-2020 15:40:47.947 信息 [main] org.apache.catalina.startup.VersionLoggerListener.log Command line argument: -Djava.util.logging.manager=org.apache.juli.ClassLoaderLogManager
15-May-2020 15:40:47.947 信息 [main] org.apache.catalina.startup.VersionLoggerListener.log Command line argument: -Djava.util.logging.config.file=E:\Server\apache-tomcat-8.5.20\conf\logging.properties
15-May-2020 15:40:47.947 信息 [main] org.apache.catalina.startup.VersionLoggerListener.log Command line argument: exit
15-May-2020 15:40:47.949 信息 [main] org.apache.catalina.startup.VersionLoggerListener.log Command line argument: -Xms128m
15-May-2020 15:40:47.950 信息 [main] org.apache.catalina.startup.VersionLoggerListener.log Command line argument: -Xmx256m
15-May-2020 15:40:47.950 信息 [main] org.apache.catalina.core.AprLifecycleListener.lifecycleEvent Loaded APR based Apache Tomcat Native library [1.2.12] using APR version [1.5.2].
15-May-2020 15:40:47.950 信息 [main] org.apache.catalina.core.AprLifecycleListener.lifecycleEvent APR capabilities: IPv6 [true], sendfile [true], accept filters [false], random [true].
15-May-2020 15:40:47.950 信息 [main] org.apache.catalina.core.AprLifecycleListener.lifecycleEvent APR/OpenSSL configuration: useAprConnector [false], useOpenSSL [true]
15-May-2020 15:40:48.556 信息 [main] org.apache.catalina.core.AprLifecycleListener.initializeSSL OpenSSL successfully initialized [OpenSSL 1.0.2k  26 Jan 2017]
15-May-2020 15:40:48.711 信息 [main] org.apache.coyote.AbstractProtocol.init Initializing ProtocolHandler ["http-nio-80"]
15-May-2020 15:40:49.039 信息 [main] org.apache.tomcat.util.net.NioSelectorPool.getSharedSelector Using a shared selector for servlet write/read
15-May-2020 15:40:49.042 信息 [main] org.apache.coyote.AbstractProtocol.init Initializing ProtocolHandler ["ajp-nio-8009"]
15-May-2020 15:40:49.047 信息 [main] org.apache.tomcat.util.net.NioSelectorPool.getSharedSelector Using a shared selector for servlet write/read
15-May-2020 15:40:49.048 信息 [main] org.apache.catalina.startup.Catalina.load Initialization processed in 1610 ms
15-May-2020 15:40:49.090 信息 [main] org.apache.catalina.core.StandardService.startInternal Starting service [Catalina]
15-May-2020 15:40:49.091 信息 [main] org.apache.catalina.core.StandardEngine.startInternal Starting Servlet Engine: Apache Tomcat/8.5.20
15-May-2020 15:40:50.110 信息 [localhost-startStop-1] org.apache.jasper.servlet.TldScanner.scanJars At least one JAR was scanned for TLDs yet contained no TLDs. Enable debug logging for this logger for a complete list of JARs that were scanned but no TLDs were found in them. Skipping unneeded JARs during scanning can improve startup time and JSP compilation time.
15-May-2020 15:40:50.198 信息 [localhost-startStop-1] org.apache.catalina.startup.HostConfig.deployDirectory Deploying web application directory [E:\Server\apache-tomcat-8.5.20\webapps\ExamSystem]
15-May-2020 15:40:50.231 严重 [localhost-startStop-1] org.apache.catalina.core.StandardContext.startInternal One or more Filters failed to start. Full details will be found in the appropriate container log file
15-May-2020 15:40:50.232 严重 [localhost-startStop-1] org.apache.catalina.core.StandardContext.startInternal Context [/ExamSystem] startup failed due to previous errors
15-May-2020 15:40:50.241 信息 [localhost-startStop-1] org.apache.catalina.startup.HostConfig.deployDirectory Deployment of web application directory [E:\Server\apache-tomcat-8.5.20\webapps\ExamSystem] has finished in [44] ms
15-May-2020 15:40:50.241 信息 [localhost-startStop-1] org.apache.catalina.startup.HostConfig.deployDirectory Deploying web application directory [E:\Server\apache-tomcat-8.5.20\webapps\HomeOfMovie]
15-May-2020 15:40:50.279 严重 [localhost-startStop-1] org.apache.catalina.core.StandardContext.startInternal One or more Filters failed to start. Full details will be found in the appropriate container log file
15-May-2020 15:40:50.279 严重 [localhost-startStop-1] org.apache.catalina.core.StandardContext.startInternal Context [/HomeOfMovie] startup failed due to previous errors
15-May-2020 15:40:50.284 信息 [localhost-startStop-1] org.apache.catalina.startup.HostConfig.deployDirectory Deployment of web application directory [E:\Server\apache-tomcat-8.5.20\webapps\HomeOfMovie] has finished in [43] ms
15-May-2020 15:40:50.287 信息 [main] org.apache.coyote.AbstractProtocol.start Starting ProtocolHandler ["http-nio-80"]
15-May-2020 15:40:50.302 信息 [main] org.apache.coyote.AbstractProtocol.start Starting ProtocolHandler ["ajp-nio-8009"]
15-May-2020 15:40:50.307 信息 [main] org.apache.catalina.startup.Catalina.start Server startup in 1259 ms
