17-Mar-2020 12:26:55.098 信息 [main] org.apache.catalina.startup.VersionLoggerListener.log Server version:        Apache Tomcat/8.5.20
17-Mar-2020 12:26:55.103 信息 [main] org.apache.catalina.startup.VersionLoggerListener.log Server built:          Aug 2 2017 21:35:49 UTC
17-Mar-2020 12:26:55.103 信息 [main] org.apache.catalina.startup.VersionLoggerListener.log Server number:         8.5.20.0
17-Mar-2020 12:26:55.103 信息 [main] org.apache.catalina.startup.VersionLoggerListener.log OS Name:               Windows 10
17-Mar-2020 12:26:55.103 信息 [main] org.apache.catalina.startup.VersionLoggerListener.log OS Version:            10.0
17-Mar-2020 12:26:55.103 信息 [main] org.apache.catalina.startup.VersionLoggerListener.log Architecture:          amd64
17-Mar-2020 12:26:55.103 信息 [main] org.apache.catalina.startup.VersionLoggerListener.log Java Home:             E:\UserProgram\JAVA\jre
17-Mar-2020 12:26:55.103 信息 [main] org.apache.catalina.startup.VersionLoggerListener.log JVM Version:           1.8.0_161-b12
17-Mar-2020 12:26:55.103 信息 [main] org.apache.catalina.startup.VersionLoggerListener.log JVM Vendor:            Oracle Corporation
17-Mar-2020 12:26:55.103 信息 [main] org.apache.catalina.startup.VersionLoggerListener.log CATALINA_BASE:         E:\Server\apache-tomcat-8.5.20
17-Mar-2020 12:26:55.103 信息 [main] org.apache.catalina.startup.VersionLoggerListener.log CATALINA_HOME:         E:\Server\apache-tomcat-8.5.20
17-Mar-2020 12:26:55.104 信息 [main] org.apache.catalina.startup.VersionLoggerListener.log Command line argument: -Dcatalina.home=E:\Server\apache-tomcat-8.5.20
17-Mar-2020 12:26:55.104 信息 [main] org.apache.catalina.startup.VersionLoggerListener.log Command line argument: -Dcatalina.base=E:\Server\apache-tomcat-8.5.20
17-Mar-2020 12:26:55.104 信息 [main] org.apache.catalina.startup.VersionLoggerListener.log Command line argument: -Djava.io.tmpdir=E:\Server\apache-tomcat-8.5.20\temp
17-Mar-2020 12:26:55.104 信息 [main] org.apache.catalina.startup.VersionLoggerListener.log Command line argument: -Djava.util.logging.manager=org.apache.juli.ClassLoaderLogManager
17-Mar-2020 12:26:55.104 信息 [main] org.apache.catalina.startup.VersionLoggerListener.log Command line argument: -Djava.util.logging.config.file=E:\Server\apache-tomcat-8.5.20\conf\logging.properties
17-Mar-2020 12:26:55.104 信息 [main] org.apache.catalina.startup.VersionLoggerListener.log Command line argument: exit
17-Mar-2020 12:26:55.106 信息 [main] org.apache.catalina.startup.VersionLoggerListener.log Command line argument: -Xms128m
17-Mar-2020 12:26:55.106 信息 [main] org.apache.catalina.startup.VersionLoggerListener.log Command line argument: -Xmx256m
17-Mar-2020 12:26:55.106 信息 [main] org.apache.catalina.core.AprLifecycleListener.lifecycleEvent Loaded APR based Apache Tomcat Native library [1.2.12] using APR version [1.5.2].
17-Mar-2020 12:26:55.106 信息 [main] org.apache.catalina.core.AprLifecycleListener.lifecycleEvent APR capabilities: IPv6 [true], sendfile [true], accept filters [false], random [true].
17-Mar-2020 12:26:55.106 信息 [main] org.apache.catalina.core.AprLifecycleListener.lifecycleEvent APR/OpenSSL configuration: useAprConnector [false], useOpenSSL [true]
17-Mar-2020 12:26:55.870 信息 [main] org.apache.catalina.core.AprLifecycleListener.initializeSSL OpenSSL successfully initialized [OpenSSL 1.0.2k  26 Jan 2017]
17-Mar-2020 12:26:56.049 信息 [main] org.apache.coyote.AbstractProtocol.init Initializing ProtocolHandler ["http-nio-80"]
17-Mar-2020 12:26:56.327 信息 [main] org.apache.tomcat.util.net.NioSelectorPool.getSharedSelector Using a shared selector for servlet write/read
17-Mar-2020 12:26:56.332 信息 [main] org.apache.coyote.AbstractProtocol.init Initializing ProtocolHandler ["ajp-nio-8009"]
17-Mar-2020 12:26:56.335 信息 [main] org.apache.tomcat.util.net.NioSelectorPool.getSharedSelector Using a shared selector for servlet write/read
17-Mar-2020 12:26:56.336 信息 [main] org.apache.catalina.startup.Catalina.load Initialization processed in 1760 ms
17-Mar-2020 12:26:56.384 信息 [main] org.apache.catalina.core.StandardService.startInternal Starting service [Catalina]
17-Mar-2020 12:26:56.384 信息 [main] org.apache.catalina.core.StandardEngine.startInternal Starting Servlet Engine: Apache Tomcat/8.5.20
17-Mar-2020 12:26:57.271 信息 [localhost-startStop-1] org.apache.jasper.servlet.TldScanner.scanJars At least one JAR was scanned for TLDs yet contained no TLDs. Enable debug logging for this logger for a complete list of JARs that were scanned but no TLDs were found in them. Skipping unneeded JARs during scanning can improve startup time and JSP compilation time.
17-Mar-2020 12:26:57.356 信息 [localhost-startStop-1] org.apache.catalina.startup.HostConfig.deployDirectory Deploying web application directory [E:\Server\apache-tomcat-8.5.20\webapps\examSystem]
17-Mar-2020 12:26:57.443 严重 [localhost-startStop-1] org.apache.catalina.core.StandardContext.startInternal One or more Filters failed to start. Full details will be found in the appropriate container log file
17-Mar-2020 12:26:57.444 严重 [localhost-startStop-1] org.apache.catalina.core.StandardContext.startInternal Context [/examSystem] startup failed due to previous errors
17-Mar-2020 12:26:57.458 信息 [localhost-startStop-1] org.apache.catalina.startup.HostConfig.deployDirectory Deployment of web application directory [E:\Server\apache-tomcat-8.5.20\webapps\examSystem] has finished in [102] ms
17-Mar-2020 12:26:57.463 信息 [main] org.apache.coyote.AbstractProtocol.start Starting ProtocolHandler ["http-nio-80"]
17-Mar-2020 12:26:57.474 信息 [main] org.apache.coyote.AbstractProtocol.start Starting ProtocolHandler ["ajp-nio-8009"]
17-Mar-2020 12:26:57.478 信息 [main] org.apache.catalina.startup.Catalina.start Server startup in 1142 ms
17-Mar-2020 13:25:54.328 信息 [ContainerBackgroundProcessor[StandardEngine[Catalina]]] org.apache.catalina.core.StandardContext.reload Reloading Context with name [] has started
17-Mar-2020 13:25:54.383 警告 [ContainerBackgroundProcessor[StandardEngine[Catalina]]] org.apache.catalina.loader.WebappClassLoaderBase.clearReferencesJdbc The web application [ROOT] registered the JDBC driver [com.mysql.jdbc.Driver] but failed to unregister it when the web application was stopped. To prevent a memory leak, the JDBC Driver has been forcibly unregistered.
17-Mar-2020 13:25:54.643 信息 [ContainerBackgroundProcessor[StandardEngine[Catalina]]] org.apache.catalina.core.StandardContext.reload Reloading Context with name [] is completed
17-Mar-2020 13:26:54.775 信息 [ContainerBackgroundProcessor[StandardEngine[Catalina]]] org.apache.catalina.core.StandardContext.reload Reloading Context with name [] has started
17-Mar-2020 13:26:54.991 信息 [ContainerBackgroundProcessor[StandardEngine[Catalina]]] org.apache.catalina.core.StandardContext.reload Reloading Context with name [] is completed
17-Mar-2020 13:27:05.018 信息 [ContainerBackgroundProcessor[StandardEngine[Catalina]]] org.apache.catalina.core.StandardContext.reload Reloading Context with name [] has started
17-Mar-2020 13:27:05.337 信息 [ContainerBackgroundProcessor[StandardEngine[Catalina]]] org.apache.catalina.core.StandardContext.reload Reloading Context with name [] is completed
17-Mar-2020 13:27:15.360 信息 [ContainerBackgroundProcessor[StandardEngine[Catalina]]] org.apache.catalina.core.StandardContext.reload Reloading Context with name [] has started
17-Mar-2020 13:27:15.583 信息 [ContainerBackgroundProcessor[StandardEngine[Catalina]]] org.apache.catalina.core.StandardContext.reload Reloading Context with name [] is completed
17-Mar-2020 13:27:25.616 信息 [ContainerBackgroundProcessor[StandardEngine[Catalina]]] org.apache.catalina.core.StandardContext.reload Reloading Context with name [] has started
17-Mar-2020 13:27:25.881 信息 [ContainerBackgroundProcessor[StandardEngine[Catalina]]] org.apache.catalina.core.StandardContext.reload Reloading Context with name [] is completed
17-Mar-2020 13:27:55.949 信息 [ContainerBackgroundProcessor[StandardEngine[Catalina]]] org.apache.catalina.core.StandardContext.reload Reloading Context with name [] has started
17-Mar-2020 13:27:56.186 信息 [ContainerBackgroundProcessor[StandardEngine[Catalina]]] org.apache.catalina.core.StandardContext.reload Reloading Context with name [] is completed
17-Mar-2020 13:28:26.254 信息 [ContainerBackgroundProcessor[StandardEngine[Catalina]]] org.apache.catalina.core.StandardContext.reload Reloading Context with name [] has started
17-Mar-2020 13:28:26.493 信息 [ContainerBackgroundProcessor[StandardEngine[Catalina]]] org.apache.catalina.core.StandardContext.reload Reloading Context with name [] is completed
17-Mar-2020 13:28:46.562 信息 [ContainerBackgroundProcessor[StandardEngine[Catalina]]] org.apache.catalina.core.StandardContext.reload Reloading Context with name [] has started
17-Mar-2020 13:28:46.564 警告 [ContainerBackgroundProcessor[StandardEngine[Catalina]]] org.apache.catalina.loader.WebappClassLoaderBase.clearReferencesJdbc The web application [ROOT] registered the JDBC driver [com.mysql.jdbc.Driver] but failed to unregister it when the web application was stopped. To prevent a memory leak, the JDBC Driver has been forcibly unregistered.
17-Mar-2020 13:28:46.804 信息 [ContainerBackgroundProcessor[StandardEngine[Catalina]]] org.apache.catalina.core.StandardContext.reload Reloading Context with name [] is completed
17-Mar-2020 15:20:30.686 信息 [ContainerBackgroundProcessor[StandardEngine[Catalina]]] org.apache.catalina.core.StandardContext.reload Reloading Context with name [] has started
17-Mar-2020 15:20:30.701 警告 [ContainerBackgroundProcessor[StandardEngine[Catalina]]] org.apache.catalina.loader.WebappClassLoaderBase.clearReferencesJdbc The web application [ROOT] registered the JDBC driver [com.mysql.jdbc.Driver] but failed to unregister it when the web application was stopped. To prevent a memory leak, the JDBC Driver has been forcibly unregistered.
17-Mar-2020 15:20:31.035 信息 [ContainerBackgroundProcessor[StandardEngine[Catalina]]] org.apache.catalina.core.StandardContext.reload Reloading Context with name [] is completed
17-Mar-2020 15:32:36.126 信息 [ContainerBackgroundProcessor[StandardEngine[Catalina]]] org.apache.catalina.core.StandardContext.reload Reloading Context with name [] has started
17-Mar-2020 15:32:36.131 警告 [ContainerBackgroundProcessor[StandardEngine[Catalina]]] org.apache.catalina.loader.WebappClassLoaderBase.clearReferencesJdbc The web application [ROOT] registered the JDBC driver [com.mysql.jdbc.Driver] but failed to unregister it when the web application was stopped. To prevent a memory leak, the JDBC Driver has been forcibly unregistered.
17-Mar-2020 15:32:36.359 信息 [ContainerBackgroundProcessor[StandardEngine[Catalina]]] org.apache.catalina.core.StandardContext.reload Reloading Context with name [] is completed
17-Mar-2020 15:33:16.440 信息 [ContainerBackgroundProcessor[StandardEngine[Catalina]]] org.apache.catalina.core.StandardContext.reload Reloading Context with name [] has started
17-Mar-2020 15:33:16.749 信息 [ContainerBackgroundProcessor[StandardEngine[Catalina]]] org.apache.catalina.core.StandardContext.reload Reloading Context with name [] is completed
17-Mar-2020 15:33:26.765 信息 [ContainerBackgroundProcessor[StandardEngine[Catalina]]] org.apache.catalina.core.StandardContext.reload Reloading Context with name [] has started
17-Mar-2020 15:33:27.063 信息 [ContainerBackgroundProcessor[StandardEngine[Catalina]]] org.apache.catalina.core.StandardContext.reload Reloading Context with name [] is completed
17-Mar-2020 20:16:57.251 信息 [Thread-6] org.apache.coyote.AbstractProtocol.pause Pausing ProtocolHandler ["http-nio-80"]
17-Mar-2020 20:16:57.434 信息 [Thread-6] org.apache.coyote.AbstractProtocol.pause Pausing ProtocolHandler ["ajp-nio-8009"]
17-Mar-2020 20:16:57.601 信息 [Thread-6] org.apache.catalina.core.StandardService.stopInternal Stopping service [Catalina]
17-Mar-2020 20:16:57.618 警告 [localhost-startStop-2] org.apache.catalina.loader.WebappClassLoaderBase.clearReferencesJdbc The web application [ROOT] registered the JDBC driver [com.mysql.jdbc.Driver] but failed to unregister it when the web application was stopped. To prevent a memory leak, the JDBC Driver has been forcibly unregistered.
17-Mar-2020 20:16:57.621 信息 [Thread-6] org.apache.coyote.AbstractProtocol.stop Stopping ProtocolHandler ["http-nio-80"]
17-Mar-2020 20:16:57.626 信息 [Thread-6] org.apache.coyote.AbstractProtocol.stop Stopping ProtocolHandler ["ajp-nio-8009"]
17-Mar-2020 20:17:00.480 信息 [main] org.apache.catalina.startup.VersionLoggerListener.log Server version:        Apache Tomcat/8.5.20
17-Mar-2020 20:17:00.483 信息 [main] org.apache.catalina.startup.VersionLoggerListener.log Server built:          Aug 2 2017 21:35:49 UTC
17-Mar-2020 20:17:00.483 信息 [main] org.apache.catalina.startup.VersionLoggerListener.log Server number:         8.5.20.0
17-Mar-2020 20:17:00.484 信息 [main] org.apache.catalina.startup.VersionLoggerListener.log OS Name:               Windows 10
17-Mar-2020 20:17:00.484 信息 [main] org.apache.catalina.startup.VersionLoggerListener.log OS Version:            10.0
17-Mar-2020 20:17:00.484 信息 [main] org.apache.catalina.startup.VersionLoggerListener.log Architecture:          amd64
17-Mar-2020 20:17:00.484 信息 [main] org.apache.catalina.startup.VersionLoggerListener.log Java Home:             E:\UserProgram\JAVA\jre
17-Mar-2020 20:17:00.484 信息 [main] org.apache.catalina.startup.VersionLoggerListener.log JVM Version:           1.8.0_161-b12
17-Mar-2020 20:17:00.484 信息 [main] org.apache.catalina.startup.VersionLoggerListener.log JVM Vendor:            Oracle Corporation
17-Mar-2020 20:17:00.484 信息 [main] org.apache.catalina.startup.VersionLoggerListener.log CATALINA_BASE:         E:\Server\apache-tomcat-8.5.20
17-Mar-2020 20:17:00.487 信息 [main] org.apache.catalina.startup.VersionLoggerListener.log CATALINA_HOME:         E:\Server\apache-tomcat-8.5.20
17-Mar-2020 20:17:00.487 信息 [main] org.apache.catalina.startup.VersionLoggerListener.log Command line argument: -Dcatalina.home=E:\Server\apache-tomcat-8.5.20
17-Mar-2020 20:17:00.488 信息 [main] org.apache.catalina.startup.VersionLoggerListener.log Command line argument: -Dcatalina.base=E:\Server\apache-tomcat-8.5.20
17-Mar-2020 20:17:00.488 信息 [main] org.apache.catalina.startup.VersionLoggerListener.log Command line argument: -Djava.io.tmpdir=E:\Server\apache-tomcat-8.5.20\temp
17-Mar-2020 20:17:00.488 信息 [main] org.apache.catalina.startup.VersionLoggerListener.log Command line argument: -Djava.util.logging.manager=org.apache.juli.ClassLoaderLogManager
17-Mar-2020 20:17:00.488 信息 [main] org.apache.catalina.startup.VersionLoggerListener.log Command line argument: -Djava.util.logging.config.file=E:\Server\apache-tomcat-8.5.20\conf\logging.properties
17-Mar-2020 20:17:00.488 信息 [main] org.apache.catalina.startup.VersionLoggerListener.log Command line argument: exit
17-Mar-2020 20:17:00.489 信息 [main] org.apache.catalina.startup.VersionLoggerListener.log Command line argument: -Xms128m
17-Mar-2020 20:17:00.489 信息 [main] org.apache.catalina.startup.VersionLoggerListener.log Command line argument: -Xmx256m
17-Mar-2020 20:17:00.489 信息 [main] org.apache.catalina.core.AprLifecycleListener.lifecycleEvent Loaded APR based Apache Tomcat Native library [1.2.12] using APR version [1.5.2].
17-Mar-2020 20:17:00.489 信息 [main] org.apache.catalina.core.AprLifecycleListener.lifecycleEvent APR capabilities: IPv6 [true], sendfile [true], accept filters [false], random [true].
17-Mar-2020 20:17:00.489 信息 [main] org.apache.catalina.core.AprLifecycleListener.lifecycleEvent APR/OpenSSL configuration: useAprConnector [false], useOpenSSL [true]
17-Mar-2020 20:17:01.147 信息 [main] org.apache.catalina.core.AprLifecycleListener.initializeSSL OpenSSL successfully initialized [OpenSSL 1.0.2k  26 Jan 2017]
17-Mar-2020 20:17:01.336 信息 [main] org.apache.coyote.AbstractProtocol.init Initializing ProtocolHandler ["http-nio-80"]
17-Mar-2020 20:17:01.648 信息 [main] org.apache.tomcat.util.net.NioSelectorPool.getSharedSelector Using a shared selector for servlet write/read
17-Mar-2020 20:17:01.651 信息 [main] org.apache.coyote.AbstractProtocol.init Initializing ProtocolHandler ["ajp-nio-8009"]
17-Mar-2020 20:17:01.655 信息 [main] org.apache.tomcat.util.net.NioSelectorPool.getSharedSelector Using a shared selector for servlet write/read
17-Mar-2020 20:17:01.656 信息 [main] org.apache.catalina.startup.Catalina.load Initialization processed in 1723 ms
17-Mar-2020 20:17:01.692 信息 [main] org.apache.catalina.core.StandardService.startInternal Starting service [Catalina]
17-Mar-2020 20:17:01.693 信息 [main] org.apache.catalina.core.StandardEngine.startInternal Starting Servlet Engine: Apache Tomcat/8.5.20
17-Mar-2020 20:17:02.751 信息 [localhost-startStop-1] org.apache.jasper.servlet.TldScanner.scanJars At least one JAR was scanned for TLDs yet contained no TLDs. Enable debug logging for this logger for a complete list of JARs that were scanned but no TLDs were found in them. Skipping unneeded JARs during scanning can improve startup time and JSP compilation time.
17-Mar-2020 20:17:02.865 信息 [localhost-startStop-1] org.apache.catalina.startup.HostConfig.deployDirectory Deploying web application directory [E:\Server\apache-tomcat-8.5.20\webapps\examSystem]
17-Mar-2020 20:17:02.894 严重 [localhost-startStop-1] org.apache.catalina.core.StandardContext.startInternal One or more Filters failed to start. Full details will be found in the appropriate container log file
17-Mar-2020 20:17:02.894 严重 [localhost-startStop-1] org.apache.catalina.core.StandardContext.startInternal Context [/examSystem] startup failed due to previous errors
17-Mar-2020 20:17:02.901 信息 [localhost-startStop-1] org.apache.catalina.startup.HostConfig.deployDirectory Deployment of web application directory [E:\Server\apache-tomcat-8.5.20\webapps\examSystem] has finished in [36] ms
17-Mar-2020 20:17:02.906 信息 [main] org.apache.coyote.AbstractProtocol.start Starting ProtocolHandler ["http-nio-80"]
17-Mar-2020 20:17:02.917 信息 [main] org.apache.coyote.AbstractProtocol.start Starting ProtocolHandler ["ajp-nio-8009"]
17-Mar-2020 20:17:02.920 信息 [main] org.apache.catalina.startup.Catalina.start Server startup in 1264 ms
17-Mar-2020 22:35:18.292 信息 [Thread-6] org.apache.coyote.AbstractProtocol.pause Pausing ProtocolHandler ["http-nio-80"]
17-Mar-2020 22:35:18.464 信息 [Thread-6] org.apache.coyote.AbstractProtocol.pause Pausing ProtocolHandler ["ajp-nio-8009"]
17-Mar-2020 22:35:18.650 信息 [Thread-6] org.apache.catalina.core.StandardService.stopInternal Stopping service [Catalina]
17-Mar-2020 22:35:18.734 警告 [localhost-startStop-2] org.apache.catalina.loader.WebappClassLoaderBase.clearReferencesJdbc The web application [ROOT] registered the JDBC driver [com.mysql.jdbc.Driver] but failed to unregister it when the web application was stopped. To prevent a memory leak, the JDBC Driver has been forcibly unregistered.
17-Mar-2020 22:35:18.738 信息 [Thread-6] org.apache.coyote.AbstractProtocol.stop Stopping ProtocolHandler ["http-nio-80"]
17-Mar-2020 22:35:18.740 信息 [Thread-6] org.apache.coyote.AbstractProtocol.stop Stopping ProtocolHandler ["ajp-nio-8009"]
17-Mar-2020 23:06:59.427 信息 [main] org.apache.catalina.startup.VersionLoggerListener.log Server version:        Apache Tomcat/8.5.20
17-Mar-2020 23:06:59.430 信息 [main] org.apache.catalina.startup.VersionLoggerListener.log Server built:          Aug 2 2017 21:35:49 UTC
17-Mar-2020 23:06:59.430 信息 [main] org.apache.catalina.startup.VersionLoggerListener.log Server number:         8.5.20.0
17-Mar-2020 23:06:59.431 信息 [main] org.apache.catalina.startup.VersionLoggerListener.log OS Name:               Windows 10
17-Mar-2020 23:06:59.431 信息 [main] org.apache.catalina.startup.VersionLoggerListener.log OS Version:            10.0
17-Mar-2020 23:06:59.431 信息 [main] org.apache.catalina.startup.VersionLoggerListener.log Architecture:          amd64
17-Mar-2020 23:06:59.431 信息 [main] org.apache.catalina.startup.VersionLoggerListener.log Java Home:             E:\UserProgram\JAVA\jre
17-Mar-2020 23:06:59.431 信息 [main] org.apache.catalina.startup.VersionLoggerListener.log JVM Version:           1.8.0_161-b12
17-Mar-2020 23:06:59.431 信息 [main] org.apache.catalina.startup.VersionLoggerListener.log JVM Vendor:            Oracle Corporation
17-Mar-2020 23:06:59.431 信息 [main] org.apache.catalina.startup.VersionLoggerListener.log CATALINA_BASE:         E:\Server\apache-tomcat-8.5.20
17-Mar-2020 23:06:59.431 信息 [main] org.apache.catalina.startup.VersionLoggerListener.log CATALINA_HOME:         E:\Server\apache-tomcat-8.5.20
17-Mar-2020 23:06:59.431 信息 [main] org.apache.catalina.startup.VersionLoggerListener.log Command line argument: -Dcatalina.home=E:\Server\apache-tomcat-8.5.20
17-Mar-2020 23:06:59.431 信息 [main] org.apache.catalina.startup.VersionLoggerListener.log Command line argument: -Dcatalina.base=E:\Server\apache-tomcat-8.5.20
17-Mar-2020 23:06:59.431 信息 [main] org.apache.catalina.startup.VersionLoggerListener.log Command line argument: -Djava.io.tmpdir=E:\Server\apache-tomcat-8.5.20\temp
17-Mar-2020 23:06:59.431 信息 [main] org.apache.catalina.startup.VersionLoggerListener.log Command line argument: -Djava.util.logging.manager=org.apache.juli.ClassLoaderLogManager
17-Mar-2020 23:06:59.432 信息 [main] org.apache.catalina.startup.VersionLoggerListener.log Command line argument: -Djava.util.logging.config.file=E:\Server\apache-tomcat-8.5.20\conf\logging.properties
17-Mar-2020 23:06:59.432 信息 [main] org.apache.catalina.startup.VersionLoggerListener.log Command line argument: exit
17-Mar-2020 23:06:59.432 信息 [main] org.apache.catalina.startup.VersionLoggerListener.log Command line argument: -Xms128m
17-Mar-2020 23:06:59.432 信息 [main] org.apache.catalina.startup.VersionLoggerListener.log Command line argument: -Xmx256m
17-Mar-2020 23:06:59.432 信息 [main] org.apache.catalina.core.AprLifecycleListener.lifecycleEvent Loaded APR based Apache Tomcat Native library [1.2.12] using APR version [1.5.2].
17-Mar-2020 23:06:59.432 信息 [main] org.apache.catalina.core.AprLifecycleListener.lifecycleEvent APR capabilities: IPv6 [true], sendfile [true], accept filters [false], random [true].
17-Mar-2020 23:06:59.432 信息 [main] org.apache.catalina.core.AprLifecycleListener.lifecycleEvent APR/OpenSSL configuration: useAprConnector [false], useOpenSSL [true]
17-Mar-2020 23:06:59.992 信息 [main] org.apache.catalina.core.AprLifecycleListener.initializeSSL OpenSSL successfully initialized [OpenSSL 1.0.2k  26 Jan 2017]
17-Mar-2020 23:07:00.124 信息 [main] org.apache.coyote.AbstractProtocol.init Initializing ProtocolHandler ["http-nio-80"]
17-Mar-2020 23:07:00.311 信息 [main] org.apache.tomcat.util.net.NioSelectorPool.getSharedSelector Using a shared selector for servlet write/read
17-Mar-2020 23:07:00.314 信息 [main] org.apache.coyote.AbstractProtocol.init Initializing ProtocolHandler ["ajp-nio-8009"]
17-Mar-2020 23:07:00.316 信息 [main] org.apache.tomcat.util.net.NioSelectorPool.getSharedSelector Using a shared selector for servlet write/read
17-Mar-2020 23:07:00.316 信息 [main] org.apache.catalina.startup.Catalina.load Initialization processed in 1311 ms
17-Mar-2020 23:07:00.346 信息 [main] org.apache.catalina.core.StandardService.startInternal Starting service [Catalina]
17-Mar-2020 23:07:00.347 信息 [main] org.apache.catalina.core.StandardEngine.startInternal Starting Servlet Engine: Apache Tomcat/8.5.20
17-Mar-2020 23:07:01.005 信息 [localhost-startStop-1] org.apache.jasper.servlet.TldScanner.scanJars At least one JAR was scanned for TLDs yet contained no TLDs. Enable debug logging for this logger for a complete list of JARs that were scanned but no TLDs were found in them. Skipping unneeded JARs during scanning can improve startup time and JSP compilation time.
17-Mar-2020 23:07:01.059 信息 [localhost-startStop-1] org.apache.catalina.startup.HostConfig.deployDirectory Deploying web application directory [E:\Server\apache-tomcat-8.5.20\webapps\examSystem]
17-Mar-2020 23:07:01.081 严重 [localhost-startStop-1] org.apache.catalina.core.StandardContext.startInternal One or more Filters failed to start. Full details will be found in the appropriate container log file
17-Mar-2020 23:07:01.081 严重 [localhost-startStop-1] org.apache.catalina.core.StandardContext.startInternal Context [/examSystem] startup failed due to previous errors
17-Mar-2020 23:07:01.087 信息 [localhost-startStop-1] org.apache.catalina.startup.HostConfig.deployDirectory Deployment of web application directory [E:\Server\apache-tomcat-8.5.20\webapps\examSystem] has finished in [28] ms
17-Mar-2020 23:07:01.089 信息 [main] org.apache.coyote.AbstractProtocol.start Starting ProtocolHandler ["http-nio-80"]
17-Mar-2020 23:07:01.096 信息 [main] org.apache.coyote.AbstractProtocol.start Starting ProtocolHandler ["ajp-nio-8009"]
17-Mar-2020 23:07:01.098 信息 [main] org.apache.catalina.startup.Catalina.start Server startup in 782 ms
17-Mar-2020 23:25:21.705 信息 [ContainerBackgroundProcessor[StandardEngine[Catalina]]] org.apache.catalina.core.StandardContext.reload Reloading Context with name [] has started
17-Mar-2020 23:25:21.713 警告 [ContainerBackgroundProcessor[StandardEngine[Catalina]]] org.apache.catalina.loader.WebappClassLoaderBase.clearReferencesJdbc The web application [ROOT] registered the JDBC driver [com.mysql.jdbc.Driver] but failed to unregister it when the web application was stopped. To prevent a memory leak, the JDBC Driver has been forcibly unregistered.
17-Mar-2020 23:25:21.947 信息 [ContainerBackgroundProcessor[StandardEngine[Catalina]]] org.apache.catalina.core.StandardContext.reload Reloading Context with name [] is completed
