12-Mar-2020 20:09:32.650 信息 [main] org.apache.catalina.startup.VersionLoggerListener.log Server version:        Apache Tomcat/8.5.20
12-Mar-2020 20:09:32.654 信息 [main] org.apache.catalina.startup.VersionLoggerListener.log Server built:          Aug 2 2017 21:35:49 UTC
12-Mar-2020 20:09:32.654 信息 [main] org.apache.catalina.startup.VersionLoggerListener.log Server number:         8.5.20.0
12-Mar-2020 20:09:32.654 信息 [main] org.apache.catalina.startup.VersionLoggerListener.log OS Name:               Windows 10
12-Mar-2020 20:09:32.654 信息 [main] org.apache.catalina.startup.VersionLoggerListener.log OS Version:            10.0
12-Mar-2020 20:09:32.654 信息 [main] org.apache.catalina.startup.VersionLoggerListener.log Architecture:          amd64
12-Mar-2020 20:09:32.654 信息 [main] org.apache.catalina.startup.VersionLoggerListener.log Java Home:             E:\UserProgram\JAVA\jre
12-Mar-2020 20:09:32.655 信息 [main] org.apache.catalina.startup.VersionLoggerListener.log JVM Version:           1.8.0_161-b12
12-Mar-2020 20:09:32.655 信息 [main] org.apache.catalina.startup.VersionLoggerListener.log JVM Vendor:            Oracle Corporation
12-Mar-2020 20:09:32.655 信息 [main] org.apache.catalina.startup.VersionLoggerListener.log CATALINA_BASE:         E:\Server\apache-tomcat-8.5.20
12-Mar-2020 20:09:32.655 信息 [main] org.apache.catalina.startup.VersionLoggerListener.log CATALINA_HOME:         E:\Server\apache-tomcat-8.5.20
12-Mar-2020 20:09:32.655 信息 [main] org.apache.catalina.startup.VersionLoggerListener.log Command line argument: -Dcatalina.home=E:\Server\apache-tomcat-8.5.20
12-Mar-2020 20:09:32.655 信息 [main] org.apache.catalina.startup.VersionLoggerListener.log Command line argument: -Dcatalina.base=E:\Server\apache-tomcat-8.5.20
12-Mar-2020 20:09:32.655 信息 [main] org.apache.catalina.startup.VersionLoggerListener.log Command line argument: -Djava.io.tmpdir=E:\Server\apache-tomcat-8.5.20\temp
12-Mar-2020 20:09:32.655 信息 [main] org.apache.catalina.startup.VersionLoggerListener.log Command line argument: -Djava.util.logging.manager=org.apache.juli.ClassLoaderLogManager
12-Mar-2020 20:09:32.656 信息 [main] org.apache.catalina.startup.VersionLoggerListener.log Command line argument: -Djava.util.logging.config.file=E:\Server\apache-tomcat-8.5.20\conf\logging.properties
12-Mar-2020 20:09:32.656 信息 [main] org.apache.catalina.startup.VersionLoggerListener.log Command line argument: exit
12-Mar-2020 20:09:32.657 信息 [main] org.apache.catalina.startup.VersionLoggerListener.log Command line argument: -Xms128m
12-Mar-2020 20:09:32.658 信息 [main] org.apache.catalina.startup.VersionLoggerListener.log Command line argument: -Xmx256m
12-Mar-2020 20:09:32.658 信息 [main] org.apache.catalina.core.AprLifecycleListener.lifecycleEvent Loaded APR based Apache Tomcat Native library [1.2.12] using APR version [1.5.2].
12-Mar-2020 20:09:32.658 信息 [main] org.apache.catalina.core.AprLifecycleListener.lifecycleEvent APR capabilities: IPv6 [true], sendfile [true], accept filters [false], random [true].
12-Mar-2020 20:09:32.658 信息 [main] org.apache.catalina.core.AprLifecycleListener.lifecycleEvent APR/OpenSSL configuration: useAprConnector [false], useOpenSSL [true]
12-Mar-2020 20:09:33.233 信息 [main] org.apache.catalina.core.AprLifecycleListener.initializeSSL OpenSSL successfully initialized [OpenSSL 1.0.2k  26 Jan 2017]
12-Mar-2020 20:09:33.365 信息 [main] org.apache.coyote.AbstractProtocol.init Initializing ProtocolHandler ["http-nio-80"]
12-Mar-2020 20:09:33.554 信息 [main] org.apache.tomcat.util.net.NioSelectorPool.getSharedSelector Using a shared selector for servlet write/read
12-Mar-2020 20:09:33.556 信息 [main] org.apache.coyote.AbstractProtocol.init Initializing ProtocolHandler ["ajp-nio-8009"]
12-Mar-2020 20:09:33.558 信息 [main] org.apache.tomcat.util.net.NioSelectorPool.getSharedSelector Using a shared selector for servlet write/read
12-Mar-2020 20:09:33.559 信息 [main] org.apache.catalina.startup.Catalina.load Initialization processed in 1326 ms
12-Mar-2020 20:09:33.582 信息 [main] org.apache.catalina.core.StandardService.startInternal Starting service [Catalina]
12-Mar-2020 20:09:33.582 信息 [main] org.apache.catalina.core.StandardEngine.startInternal Starting Servlet Engine: Apache Tomcat/8.5.20
12-Mar-2020 20:09:34.267 信息 [localhost-startStop-1] org.apache.jasper.servlet.TldScanner.scanJars At least one JAR was scanned for TLDs yet contained no TLDs. Enable debug logging for this logger for a complete list of JARs that were scanned but no TLDs were found in them. Skipping unneeded JARs during scanning can improve startup time and JSP compilation time.
12-Mar-2020 20:09:34.350 信息 [localhost-startStop-1] org.apache.catalina.startup.HostConfig.deployDirectory Deploying web application directory [E:\Server\apache-tomcat-8.5.20\webapps\examSystem]
12-Mar-2020 20:09:34.386 信息 [localhost-startStop-1] org.apache.catalina.startup.HostConfig.deployDirectory Deployment of web application directory [E:\Server\apache-tomcat-8.5.20\webapps\examSystem] has finished in [37] ms
12-Mar-2020 20:09:34.388 信息 [main] org.apache.coyote.AbstractProtocol.start Starting ProtocolHandler ["http-nio-80"]
12-Mar-2020 20:09:34.395 信息 [main] org.apache.coyote.AbstractProtocol.start Starting ProtocolHandler ["ajp-nio-8009"]
12-Mar-2020 20:09:34.398 信息 [main] org.apache.catalina.startup.Catalina.start Server startup in 838 ms
12-Mar-2020 21:30:45.325 信息 [ContainerBackgroundProcessor[StandardEngine[Catalina]]] org.apache.catalina.core.StandardContext.reload Reloading Context with name [] has started
12-Mar-2020 21:30:45.731 信息 [ContainerBackgroundProcessor[StandardEngine[Catalina]]] org.apache.catalina.core.StandardContext.reload Reloading Context with name [] is completed
12-Mar-2020 21:41:57.169 信息 [ContainerBackgroundProcessor[StandardEngine[Catalina]]] org.apache.catalina.core.StandardContext.reload Reloading Context with name [] has started
12-Mar-2020 21:41:57.356 信息 [ContainerBackgroundProcessor[StandardEngine[Catalina]]] org.apache.catalina.core.StandardContext.reload Reloading Context with name [] is completed
12-Mar-2020 21:42:13.618 信息 [Thread-6] org.apache.coyote.AbstractProtocol.pause Pausing ProtocolHandler ["http-nio-80"]
12-Mar-2020 21:42:13.932 信息 [Thread-6] org.apache.coyote.AbstractProtocol.pause Pausing ProtocolHandler ["ajp-nio-8009"]
12-Mar-2020 21:42:14.083 信息 [Thread-6] org.apache.catalina.core.StandardService.stopInternal Stopping service [Catalina]
12-Mar-2020 21:42:14.097 信息 [Thread-6] org.apache.coyote.AbstractProtocol.stop Stopping ProtocolHandler ["http-nio-80"]
12-Mar-2020 21:42:14.099 信息 [Thread-6] org.apache.coyote.AbstractProtocol.stop Stopping ProtocolHandler ["ajp-nio-8009"]
12-Mar-2020 21:42:17.202 信息 [main] org.apache.catalina.startup.VersionLoggerListener.log Server version:        Apache Tomcat/8.5.20
12-Mar-2020 21:42:17.208 信息 [main] org.apache.catalina.startup.VersionLoggerListener.log Server built:          Aug 2 2017 21:35:49 UTC
12-Mar-2020 21:42:17.209 信息 [main] org.apache.catalina.startup.VersionLoggerListener.log Server number:         8.5.20.0
12-Mar-2020 21:42:17.209 信息 [main] org.apache.catalina.startup.VersionLoggerListener.log OS Name:               Windows 10
12-Mar-2020 21:42:17.209 信息 [main] org.apache.catalina.startup.VersionLoggerListener.log OS Version:            10.0
12-Mar-2020 21:42:17.209 信息 [main] org.apache.catalina.startup.VersionLoggerListener.log Architecture:          amd64
12-Mar-2020 21:42:17.209 信息 [main] org.apache.catalina.startup.VersionLoggerListener.log Java Home:             E:\UserProgram\JAVA\jre
12-Mar-2020 21:42:17.210 信息 [main] org.apache.catalina.startup.VersionLoggerListener.log JVM Version:           1.8.0_161-b12
12-Mar-2020 21:42:17.210 信息 [main] org.apache.catalina.startup.VersionLoggerListener.log JVM Vendor:            Oracle Corporation
12-Mar-2020 21:42:17.210 信息 [main] org.apache.catalina.startup.VersionLoggerListener.log CATALINA_BASE:         E:\Server\apache-tomcat-8.5.20
12-Mar-2020 21:42:17.211 信息 [main] org.apache.catalina.startup.VersionLoggerListener.log CATALINA_HOME:         E:\Server\apache-tomcat-8.5.20
12-Mar-2020 21:42:17.212 信息 [main] org.apache.catalina.startup.VersionLoggerListener.log Command line argument: -Dcatalina.home=E:\Server\apache-tomcat-8.5.20
12-Mar-2020 21:42:17.212 信息 [main] org.apache.catalina.startup.VersionLoggerListener.log Command line argument: -Dcatalina.base=E:\Server\apache-tomcat-8.5.20
12-Mar-2020 21:42:17.212 信息 [main] org.apache.catalina.startup.VersionLoggerListener.log Command line argument: -Djava.io.tmpdir=E:\Server\apache-tomcat-8.5.20\temp
12-Mar-2020 21:42:17.212 信息 [main] org.apache.catalina.startup.VersionLoggerListener.log Command line argument: -Djava.util.logging.manager=org.apache.juli.ClassLoaderLogManager
12-Mar-2020 21:42:17.212 信息 [main] org.apache.catalina.startup.VersionLoggerListener.log Command line argument: -Djava.util.logging.config.file=E:\Server\apache-tomcat-8.5.20\conf\logging.properties
12-Mar-2020 21:42:17.213 信息 [main] org.apache.catalina.startup.VersionLoggerListener.log Command line argument: exit
12-Mar-2020 21:42:17.214 信息 [main] org.apache.catalina.startup.VersionLoggerListener.log Command line argument: -Xms128m
12-Mar-2020 21:42:17.214 信息 [main] org.apache.catalina.startup.VersionLoggerListener.log Command line argument: -Xmx256m
12-Mar-2020 21:42:17.214 信息 [main] org.apache.catalina.core.AprLifecycleListener.lifecycleEvent Loaded APR based Apache Tomcat Native library [1.2.12] using APR version [1.5.2].
12-Mar-2020 21:42:17.214 信息 [main] org.apache.catalina.core.AprLifecycleListener.lifecycleEvent APR capabilities: IPv6 [true], sendfile [true], accept filters [false], random [true].
12-Mar-2020 21:42:17.214 信息 [main] org.apache.catalina.core.AprLifecycleListener.lifecycleEvent APR/OpenSSL configuration: useAprConnector [false], useOpenSSL [true]
12-Mar-2020 21:42:18.009 信息 [main] org.apache.catalina.core.AprLifecycleListener.initializeSSL OpenSSL successfully initialized [OpenSSL 1.0.2k  26 Jan 2017]
12-Mar-2020 21:42:18.233 信息 [main] org.apache.coyote.AbstractProtocol.init Initializing ProtocolHandler ["http-nio-80"]
12-Mar-2020 21:42:18.558 信息 [main] org.apache.tomcat.util.net.NioSelectorPool.getSharedSelector Using a shared selector for servlet write/read
12-Mar-2020 21:42:18.565 信息 [main] org.apache.coyote.AbstractProtocol.init Initializing ProtocolHandler ["ajp-nio-8009"]
12-Mar-2020 21:42:18.567 信息 [main] org.apache.tomcat.util.net.NioSelectorPool.getSharedSelector Using a shared selector for servlet write/read
12-Mar-2020 21:42:18.568 信息 [main] org.apache.catalina.startup.Catalina.load Initialization processed in 2010 ms
12-Mar-2020 21:42:18.603 信息 [main] org.apache.catalina.core.StandardService.startInternal Starting service [Catalina]
12-Mar-2020 21:42:18.603 信息 [main] org.apache.catalina.core.StandardEngine.startInternal Starting Servlet Engine: Apache Tomcat/8.5.20
12-Mar-2020 21:42:19.432 信息 [localhost-startStop-1] org.apache.jasper.servlet.TldScanner.scanJars At least one JAR was scanned for TLDs yet contained no TLDs. Enable debug logging for this logger for a complete list of JARs that were scanned but no TLDs were found in them. Skipping unneeded JARs during scanning can improve startup time and JSP compilation time.
12-Mar-2020 21:42:19.517 信息 [localhost-startStop-1] org.apache.catalina.startup.HostConfig.deployDirectory Deploying web application directory [E:\Server\apache-tomcat-8.5.20\webapps\examSystem]
12-Mar-2020 21:42:19.560 信息 [localhost-startStop-1] org.apache.catalina.startup.HostConfig.deployDirectory Deployment of web application directory [E:\Server\apache-tomcat-8.5.20\webapps\examSystem] has finished in [41] ms
12-Mar-2020 21:42:19.565 信息 [main] org.apache.coyote.AbstractProtocol.start Starting ProtocolHandler ["http-nio-80"]
12-Mar-2020 21:42:19.577 信息 [main] org.apache.coyote.AbstractProtocol.start Starting ProtocolHandler ["ajp-nio-8009"]
12-Mar-2020 21:42:19.582 信息 [main] org.apache.catalina.startup.Catalina.start Server startup in 1013 ms
12-Mar-2020 21:50:50.895 信息 [ContainerBackgroundProcessor[StandardEngine[Catalina]]] org.apache.catalina.core.StandardContext.reload Reloading Context with name [] has started
12-Mar-2020 21:50:51.190 信息 [ContainerBackgroundProcessor[StandardEngine[Catalina]]] org.apache.catalina.core.StandardContext.reload Reloading Context with name [] is completed
12-Mar-2020 21:51:37.507 信息 [Thread-6] org.apache.coyote.AbstractProtocol.pause Pausing ProtocolHandler ["http-nio-80"]
12-Mar-2020 21:51:37.674 信息 [Thread-6] org.apache.coyote.AbstractProtocol.pause Pausing ProtocolHandler ["ajp-nio-8009"]
12-Mar-2020 21:51:37.838 信息 [Thread-6] org.apache.catalina.core.StandardService.stopInternal Stopping service [Catalina]
12-Mar-2020 21:51:37.850 信息 [Thread-6] org.apache.coyote.AbstractProtocol.stop Stopping ProtocolHandler ["http-nio-80"]
12-Mar-2020 21:51:37.854 信息 [Thread-6] org.apache.coyote.AbstractProtocol.stop Stopping ProtocolHandler ["ajp-nio-8009"]
12-Mar-2020 21:51:41.096 信息 [main] org.apache.catalina.startup.VersionLoggerListener.log Server version:        Apache Tomcat/8.5.20
12-Mar-2020 21:51:41.104 信息 [main] org.apache.catalina.startup.VersionLoggerListener.log Server built:          Aug 2 2017 21:35:49 UTC
12-Mar-2020 21:51:41.105 信息 [main] org.apache.catalina.startup.VersionLoggerListener.log Server number:         8.5.20.0
12-Mar-2020 21:51:41.105 信息 [main] org.apache.catalina.startup.VersionLoggerListener.log OS Name:               Windows 10
12-Mar-2020 21:51:41.105 信息 [main] org.apache.catalina.startup.VersionLoggerListener.log OS Version:            10.0
12-Mar-2020 21:51:41.106 信息 [main] org.apache.catalina.startup.VersionLoggerListener.log Architecture:          amd64
12-Mar-2020 21:51:41.106 信息 [main] org.apache.catalina.startup.VersionLoggerListener.log Java Home:             E:\UserProgram\JAVA\jre
12-Mar-2020 21:51:41.106 信息 [main] org.apache.catalina.startup.VersionLoggerListener.log JVM Version:           1.8.0_161-b12
12-Mar-2020 21:51:41.106 信息 [main] org.apache.catalina.startup.VersionLoggerListener.log JVM Vendor:            Oracle Corporation
12-Mar-2020 21:51:41.106 信息 [main] org.apache.catalina.startup.VersionLoggerListener.log CATALINA_BASE:         E:\Server\apache-tomcat-8.5.20
12-Mar-2020 21:51:41.106 信息 [main] org.apache.catalina.startup.VersionLoggerListener.log CATALINA_HOME:         E:\Server\apache-tomcat-8.5.20
12-Mar-2020 21:51:41.107 信息 [main] org.apache.catalina.startup.VersionLoggerListener.log Command line argument: -Dcatalina.home=E:\Server\apache-tomcat-8.5.20
12-Mar-2020 21:51:41.107 信息 [main] org.apache.catalina.startup.VersionLoggerListener.log Command line argument: -Dcatalina.base=E:\Server\apache-tomcat-8.5.20
12-Mar-2020 21:51:41.108 信息 [main] org.apache.catalina.startup.VersionLoggerListener.log Command line argument: -Djava.io.tmpdir=E:\Server\apache-tomcat-8.5.20\temp
12-Mar-2020 21:51:41.108 信息 [main] org.apache.catalina.startup.VersionLoggerListener.log Command line argument: -Djava.util.logging.manager=org.apache.juli.ClassLoaderLogManager
12-Mar-2020 21:51:41.109 信息 [main] org.apache.catalina.startup.VersionLoggerListener.log Command line argument: -Djava.util.logging.config.file=E:\Server\apache-tomcat-8.5.20\conf\logging.properties
12-Mar-2020 21:51:41.109 信息 [main] org.apache.catalina.startup.VersionLoggerListener.log Command line argument: exit
12-Mar-2020 21:51:41.111 信息 [main] org.apache.catalina.startup.VersionLoggerListener.log Command line argument: -Xms128m
12-Mar-2020 21:51:41.111 信息 [main] org.apache.catalina.startup.VersionLoggerListener.log Command line argument: -Xmx256m
12-Mar-2020 21:51:41.111 信息 [main] org.apache.catalina.core.AprLifecycleListener.lifecycleEvent Loaded APR based Apache Tomcat Native library [1.2.12] using APR version [1.5.2].
12-Mar-2020 21:51:41.111 信息 [main] org.apache.catalina.core.AprLifecycleListener.lifecycleEvent APR capabilities: IPv6 [true], sendfile [true], accept filters [false], random [true].
12-Mar-2020 21:51:41.111 信息 [main] org.apache.catalina.core.AprLifecycleListener.lifecycleEvent APR/OpenSSL configuration: useAprConnector [false], useOpenSSL [true]
12-Mar-2020 21:51:42.077 信息 [main] org.apache.catalina.core.AprLifecycleListener.initializeSSL OpenSSL successfully initialized [OpenSSL 1.0.2k  26 Jan 2017]
12-Mar-2020 21:51:42.391 信息 [main] org.apache.coyote.AbstractProtocol.init Initializing ProtocolHandler ["http-nio-80"]
12-Mar-2020 21:51:42.714 信息 [main] org.apache.tomcat.util.net.NioSelectorPool.getSharedSelector Using a shared selector for servlet write/read
12-Mar-2020 21:51:42.719 信息 [main] org.apache.coyote.AbstractProtocol.init Initializing ProtocolHandler ["ajp-nio-8009"]
12-Mar-2020 21:51:42.724 信息 [main] org.apache.tomcat.util.net.NioSelectorPool.getSharedSelector Using a shared selector for servlet write/read
12-Mar-2020 21:51:42.724 信息 [main] org.apache.catalina.startup.Catalina.load Initialization processed in 2425 ms
12-Mar-2020 21:51:42.767 信息 [main] org.apache.catalina.core.StandardService.startInternal Starting service [Catalina]
12-Mar-2020 21:51:42.767 信息 [main] org.apache.catalina.core.StandardEngine.startInternal Starting Servlet Engine: Apache Tomcat/8.5.20
12-Mar-2020 21:51:43.567 信息 [localhost-startStop-1] org.apache.jasper.servlet.TldScanner.scanJars At least one JAR was scanned for TLDs yet contained no TLDs. Enable debug logging for this logger for a complete list of JARs that were scanned but no TLDs were found in them. Skipping unneeded JARs during scanning can improve startup time and JSP compilation time.
12-Mar-2020 21:51:43.627 信息 [localhost-startStop-1] org.apache.catalina.startup.HostConfig.deployDirectory Deploying web application directory [E:\Server\apache-tomcat-8.5.20\webapps\examSystem]
12-Mar-2020 21:51:43.650 信息 [localhost-startStop-1] org.apache.catalina.startup.HostConfig.deployDirectory Deployment of web application directory [E:\Server\apache-tomcat-8.5.20\webapps\examSystem] has finished in [22] ms
12-Mar-2020 21:51:43.655 信息 [main] org.apache.coyote.AbstractProtocol.start Starting ProtocolHandler ["http-nio-80"]
12-Mar-2020 21:51:43.662 信息 [main] org.apache.coyote.AbstractProtocol.start Starting ProtocolHandler ["ajp-nio-8009"]
12-Mar-2020 21:51:43.664 信息 [main] org.apache.catalina.startup.Catalina.start Server startup in 939 ms
12-Mar-2020 22:02:57.039 信息 [Thread-6] org.apache.coyote.AbstractProtocol.pause Pausing ProtocolHandler ["http-nio-80"]
12-Mar-2020 22:02:57.209 信息 [Thread-6] org.apache.coyote.AbstractProtocol.pause Pausing ProtocolHandler ["ajp-nio-8009"]
12-Mar-2020 22:02:57.375 信息 [Thread-6] org.apache.catalina.core.StandardService.stopInternal Stopping service [Catalina]
12-Mar-2020 22:02:57.385 警告 [localhost-startStop-2] org.apache.catalina.loader.WebappClassLoaderBase.clearReferencesJdbc The web application [ROOT] registered the JDBC driver [com.mysql.jdbc.Driver] but failed to unregister it when the web application was stopped. To prevent a memory leak, the JDBC Driver has been forcibly unregistered.
12-Mar-2020 22:02:57.393 信息 [Thread-6] org.apache.coyote.AbstractProtocol.stop Stopping ProtocolHandler ["http-nio-80"]
12-Mar-2020 22:02:57.396 信息 [Thread-6] org.apache.coyote.AbstractProtocol.stop Stopping ProtocolHandler ["ajp-nio-8009"]
12-Mar-2020 22:03:15.569 信息 [main] org.apache.catalina.startup.VersionLoggerListener.log Server version:        Apache Tomcat/8.5.20
12-Mar-2020 22:03:15.572 信息 [main] org.apache.catalina.startup.VersionLoggerListener.log Server built:          Aug 2 2017 21:35:49 UTC
12-Mar-2020 22:03:15.572 信息 [main] org.apache.catalina.startup.VersionLoggerListener.log Server number:         8.5.20.0
12-Mar-2020 22:03:15.572 信息 [main] org.apache.catalina.startup.VersionLoggerListener.log OS Name:               Windows 10
12-Mar-2020 22:03:15.572 信息 [main] org.apache.catalina.startup.VersionLoggerListener.log OS Version:            10.0
12-Mar-2020 22:03:15.573 信息 [main] org.apache.catalina.startup.VersionLoggerListener.log Architecture:          amd64
12-Mar-2020 22:03:15.573 信息 [main] org.apache.catalina.startup.VersionLoggerListener.log Java Home:             E:\UserProgram\JAVA\jre
12-Mar-2020 22:03:15.573 信息 [main] org.apache.catalina.startup.VersionLoggerListener.log JVM Version:           1.8.0_161-b12
12-Mar-2020 22:03:15.573 信息 [main] org.apache.catalina.startup.VersionLoggerListener.log JVM Vendor:            Oracle Corporation
12-Mar-2020 22:03:15.573 信息 [main] org.apache.catalina.startup.VersionLoggerListener.log CATALINA_BASE:         E:\Server\apache-tomcat-8.5.20
12-Mar-2020 22:03:15.573 信息 [main] org.apache.catalina.startup.VersionLoggerListener.log CATALINA_HOME:         E:\Server\apache-tomcat-8.5.20
12-Mar-2020 22:03:15.574 信息 [main] org.apache.catalina.startup.VersionLoggerListener.log Command line argument: -Dcatalina.home=E:\Server\apache-tomcat-8.5.20
12-Mar-2020 22:03:15.574 信息 [main] org.apache.catalina.startup.VersionLoggerListener.log Command line argument: -Dcatalina.base=E:\Server\apache-tomcat-8.5.20
12-Mar-2020 22:03:15.574 信息 [main] org.apache.catalina.startup.VersionLoggerListener.log Command line argument: -Djava.io.tmpdir=E:\Server\apache-tomcat-8.5.20\temp
12-Mar-2020 22:03:15.574 信息 [main] org.apache.catalina.startup.VersionLoggerListener.log Command line argument: -Djava.util.logging.manager=org.apache.juli.ClassLoaderLogManager
12-Mar-2020 22:03:15.574 信息 [main] org.apache.catalina.startup.VersionLoggerListener.log Command line argument: -Djava.util.logging.config.file=E:\Server\apache-tomcat-8.5.20\conf\logging.properties
12-Mar-2020 22:03:15.574 信息 [main] org.apache.catalina.startup.VersionLoggerListener.log Command line argument: exit
12-Mar-2020 22:03:15.576 信息 [main] org.apache.catalina.startup.VersionLoggerListener.log Command line argument: -Xms128m
12-Mar-2020 22:03:15.576 信息 [main] org.apache.catalina.startup.VersionLoggerListener.log Command line argument: -Xmx256m
12-Mar-2020 22:03:15.576 信息 [main] org.apache.catalina.core.AprLifecycleListener.lifecycleEvent Loaded APR based Apache Tomcat Native library [1.2.12] using APR version [1.5.2].
12-Mar-2020 22:03:15.576 信息 [main] org.apache.catalina.core.AprLifecycleListener.lifecycleEvent APR capabilities: IPv6 [true], sendfile [true], accept filters [false], random [true].
12-Mar-2020 22:03:15.576 信息 [main] org.apache.catalina.core.AprLifecycleListener.lifecycleEvent APR/OpenSSL configuration: useAprConnector [false], useOpenSSL [true]
12-Mar-2020 22:03:16.185 信息 [main] org.apache.catalina.core.AprLifecycleListener.initializeSSL OpenSSL successfully initialized [OpenSSL 1.0.2k  26 Jan 2017]
12-Mar-2020 22:03:16.345 信息 [main] org.apache.coyote.AbstractProtocol.init Initializing ProtocolHandler ["http-nio-80"]
12-Mar-2020 22:03:16.605 信息 [main] org.apache.tomcat.util.net.NioSelectorPool.getSharedSelector Using a shared selector for servlet write/read
12-Mar-2020 22:03:16.608 信息 [main] org.apache.coyote.AbstractProtocol.init Initializing ProtocolHandler ["ajp-nio-8009"]
12-Mar-2020 22:03:16.616 信息 [main] org.apache.tomcat.util.net.NioSelectorPool.getSharedSelector Using a shared selector for servlet write/read
12-Mar-2020 22:03:16.616 信息 [main] org.apache.catalina.startup.Catalina.load Initialization processed in 1579 ms
12-Mar-2020 22:03:16.657 信息 [main] org.apache.catalina.core.StandardService.startInternal Starting service [Catalina]
12-Mar-2020 22:03:16.657 信息 [main] org.apache.catalina.core.StandardEngine.startInternal Starting Servlet Engine: Apache Tomcat/8.5.20
12-Mar-2020 22:03:17.441 信息 [localhost-startStop-1] org.apache.jasper.servlet.TldScanner.scanJars At least one JAR was scanned for TLDs yet contained no TLDs. Enable debug logging for this logger for a complete list of JARs that were scanned but no TLDs were found in them. Skipping unneeded JARs during scanning can improve startup time and JSP compilation time.
12-Mar-2020 22:03:17.505 信息 [localhost-startStop-1] org.apache.catalina.startup.HostConfig.deployDirectory Deploying web application directory [E:\Server\apache-tomcat-8.5.20\webapps\examSystem]
12-Mar-2020 22:03:17.527 信息 [localhost-startStop-1] org.apache.catalina.startup.HostConfig.deployDirectory Deployment of web application directory [E:\Server\apache-tomcat-8.5.20\webapps\examSystem] has finished in [21] ms
12-Mar-2020 22:03:17.531 信息 [main] org.apache.coyote.AbstractProtocol.start Starting ProtocolHandler ["http-nio-80"]
12-Mar-2020 22:03:17.538 信息 [main] org.apache.coyote.AbstractProtocol.start Starting ProtocolHandler ["ajp-nio-8009"]
12-Mar-2020 22:03:17.539 信息 [main] org.apache.catalina.startup.Catalina.start Server startup in 922 ms
12-Mar-2020 22:05:38.229 信息 [Thread-6] org.apache.coyote.AbstractProtocol.pause Pausing ProtocolHandler ["http-nio-80"]
12-Mar-2020 22:05:38.389 信息 [Thread-6] org.apache.coyote.AbstractProtocol.pause Pausing ProtocolHandler ["ajp-nio-8009"]
12-Mar-2020 22:05:38.552 信息 [Thread-6] org.apache.catalina.core.StandardService.stopInternal Stopping service [Catalina]
12-Mar-2020 22:05:38.633 警告 [localhost-startStop-2] org.apache.catalina.loader.WebappClassLoaderBase.clearReferencesJdbc The web application [ROOT] registered the JDBC driver [com.mysql.jdbc.Driver] but failed to unregister it when the web application was stopped. To prevent a memory leak, the JDBC Driver has been forcibly unregistered.
12-Mar-2020 22:05:38.641 信息 [Thread-6] org.apache.coyote.AbstractProtocol.stop Stopping ProtocolHandler ["http-nio-80"]
12-Mar-2020 22:05:38.645 信息 [Thread-6] org.apache.coyote.AbstractProtocol.stop Stopping ProtocolHandler ["ajp-nio-8009"]
12-Mar-2020 22:05:41.459 信息 [main] org.apache.catalina.startup.VersionLoggerListener.log Server version:        Apache Tomcat/8.5.20
12-Mar-2020 22:05:41.466 信息 [main] org.apache.catalina.startup.VersionLoggerListener.log Server built:          Aug 2 2017 21:35:49 UTC
12-Mar-2020 22:05:41.466 信息 [main] org.apache.catalina.startup.VersionLoggerListener.log Server number:         8.5.20.0
12-Mar-2020 22:05:41.466 信息 [main] org.apache.catalina.startup.VersionLoggerListener.log OS Name:               Windows 10
12-Mar-2020 22:05:41.466 信息 [main] org.apache.catalina.startup.VersionLoggerListener.log OS Version:            10.0
12-Mar-2020 22:05:41.466 信息 [main] org.apache.catalina.startup.VersionLoggerListener.log Architecture:          amd64
12-Mar-2020 22:05:41.467 信息 [main] org.apache.catalina.startup.VersionLoggerListener.log Java Home:             E:\UserProgram\JAVA\jre
12-Mar-2020 22:05:41.467 信息 [main] org.apache.catalina.startup.VersionLoggerListener.log JVM Version:           1.8.0_161-b12
12-Mar-2020 22:05:41.467 信息 [main] org.apache.catalina.startup.VersionLoggerListener.log JVM Vendor:            Oracle Corporation
12-Mar-2020 22:05:41.467 信息 [main] org.apache.catalina.startup.VersionLoggerListener.log CATALINA_BASE:         E:\Server\apache-tomcat-8.5.20
12-Mar-2020 22:05:41.467 信息 [main] org.apache.catalina.startup.VersionLoggerListener.log CATALINA_HOME:         E:\Server\apache-tomcat-8.5.20
12-Mar-2020 22:05:41.467 信息 [main] org.apache.catalina.startup.VersionLoggerListener.log Command line argument: -Dcatalina.home=E:\Server\apache-tomcat-8.5.20
12-Mar-2020 22:05:41.467 信息 [main] org.apache.catalina.startup.VersionLoggerListener.log Command line argument: -Dcatalina.base=E:\Server\apache-tomcat-8.5.20
12-Mar-2020 22:05:41.467 信息 [main] org.apache.catalina.startup.VersionLoggerListener.log Command line argument: -Djava.io.tmpdir=E:\Server\apache-tomcat-8.5.20\temp
12-Mar-2020 22:05:41.467 信息 [main] org.apache.catalina.startup.VersionLoggerListener.log Command line argument: -Djava.util.logging.manager=org.apache.juli.ClassLoaderLogManager
12-Mar-2020 22:05:41.467 信息 [main] org.apache.catalina.startup.VersionLoggerListener.log Command line argument: -Djava.util.logging.config.file=E:\Server\apache-tomcat-8.5.20\conf\logging.properties
12-Mar-2020 22:05:41.468 信息 [main] org.apache.catalina.startup.VersionLoggerListener.log Command line argument: exit
12-Mar-2020 22:05:41.469 信息 [main] org.apache.catalina.startup.VersionLoggerListener.log Command line argument: -Xms128m
12-Mar-2020 22:05:41.469 信息 [main] org.apache.catalina.startup.VersionLoggerListener.log Command line argument: -Xmx256m
12-Mar-2020 22:05:41.469 信息 [main] org.apache.catalina.core.AprLifecycleListener.lifecycleEvent Loaded APR based Apache Tomcat Native library [1.2.12] using APR version [1.5.2].
12-Mar-2020 22:05:41.469 信息 [main] org.apache.catalina.core.AprLifecycleListener.lifecycleEvent APR capabilities: IPv6 [true], sendfile [true], accept filters [false], random [true].
12-Mar-2020 22:05:41.470 信息 [main] org.apache.catalina.core.AprLifecycleListener.lifecycleEvent APR/OpenSSL configuration: useAprConnector [false], useOpenSSL [true]
12-Mar-2020 22:05:42.146 信息 [main] org.apache.catalina.core.AprLifecycleListener.initializeSSL OpenSSL successfully initialized [OpenSSL 1.0.2k  26 Jan 2017]
12-Mar-2020 22:05:42.356 信息 [main] org.apache.coyote.AbstractProtocol.init Initializing ProtocolHandler ["http-nio-80"]
12-Mar-2020 22:05:42.639 信息 [main] org.apache.tomcat.util.net.NioSelectorPool.getSharedSelector Using a shared selector for servlet write/read
12-Mar-2020 22:05:42.646 信息 [main] org.apache.coyote.AbstractProtocol.init Initializing ProtocolHandler ["ajp-nio-8009"]
12-Mar-2020 22:05:42.650 信息 [main] org.apache.tomcat.util.net.NioSelectorPool.getSharedSelector Using a shared selector for servlet write/read
12-Mar-2020 22:05:42.650 信息 [main] org.apache.catalina.startup.Catalina.load Initialization processed in 1762 ms
12-Mar-2020 22:05:42.691 信息 [main] org.apache.catalina.core.StandardService.startInternal Starting service [Catalina]
12-Mar-2020 22:05:42.692 信息 [main] org.apache.catalina.core.StandardEngine.startInternal Starting Servlet Engine: Apache Tomcat/8.5.20
12-Mar-2020 22:05:43.880 信息 [localhost-startStop-1] org.apache.jasper.servlet.TldScanner.scanJars At least one JAR was scanned for TLDs yet contained no TLDs. Enable debug logging for this logger for a complete list of JARs that were scanned but no TLDs were found in them. Skipping unneeded JARs during scanning can improve startup time and JSP compilation time.
12-Mar-2020 22:05:44.199 信息 [localhost-startStop-1] org.apache.catalina.startup.HostConfig.deployDirectory Deploying web application directory [E:\Server\apache-tomcat-8.5.20\webapps\examSystem]
12-Mar-2020 22:05:44.231 信息 [localhost-startStop-1] org.apache.catalina.startup.HostConfig.deployDirectory Deployment of web application directory [E:\Server\apache-tomcat-8.5.20\webapps\examSystem] has finished in [32] ms
12-Mar-2020 22:05:44.233 信息 [main] org.apache.coyote.AbstractProtocol.start Starting ProtocolHandler ["http-nio-80"]
12-Mar-2020 22:05:44.243 信息 [main] org.apache.coyote.AbstractProtocol.start Starting ProtocolHandler ["ajp-nio-8009"]
12-Mar-2020 22:05:44.250 信息 [main] org.apache.catalina.startup.Catalina.start Server startup in 1599 ms
12-Mar-2020 22:11:05.145 信息 [Thread-6] org.apache.coyote.AbstractProtocol.pause Pausing ProtocolHandler ["http-nio-80"]
12-Mar-2020 22:11:05.342 信息 [Thread-6] org.apache.coyote.AbstractProtocol.pause Pausing ProtocolHandler ["ajp-nio-8009"]
12-Mar-2020 22:11:05.545 信息 [Thread-6] org.apache.catalina.core.StandardService.stopInternal Stopping service [Catalina]
12-Mar-2020 22:11:05.563 警告 [localhost-startStop-2] org.apache.catalina.loader.WebappClassLoaderBase.clearReferencesJdbc The web application [ROOT] registered the JDBC driver [com.mysql.jdbc.Driver] but failed to unregister it when the web application was stopped. To prevent a memory leak, the JDBC Driver has been forcibly unregistered.
12-Mar-2020 22:11:05.588 信息 [Thread-6] org.apache.coyote.AbstractProtocol.stop Stopping ProtocolHandler ["http-nio-80"]
12-Mar-2020 22:11:05.595 信息 [Thread-6] org.apache.coyote.AbstractProtocol.stop Stopping ProtocolHandler ["ajp-nio-8009"]
12-Mar-2020 22:11:08.691 信息 [main] org.apache.catalina.startup.VersionLoggerListener.log Server version:        Apache Tomcat/8.5.20
12-Mar-2020 22:11:08.694 信息 [main] org.apache.catalina.startup.VersionLoggerListener.log Server built:          Aug 2 2017 21:35:49 UTC
12-Mar-2020 22:11:08.694 信息 [main] org.apache.catalina.startup.VersionLoggerListener.log Server number:         8.5.20.0
12-Mar-2020 22:11:08.694 信息 [main] org.apache.catalina.startup.VersionLoggerListener.log OS Name:               Windows 10
12-Mar-2020 22:11:08.694 信息 [main] org.apache.catalina.startup.VersionLoggerListener.log OS Version:            10.0
12-Mar-2020 22:11:08.694 信息 [main] org.apache.catalina.startup.VersionLoggerListener.log Architecture:          amd64
12-Mar-2020 22:11:08.694 信息 [main] org.apache.catalina.startup.VersionLoggerListener.log Java Home:             E:\UserProgram\JAVA\jre
12-Mar-2020 22:11:08.694 信息 [main] org.apache.catalina.startup.VersionLoggerListener.log JVM Version:           1.8.0_161-b12
12-Mar-2020 22:11:08.695 信息 [main] org.apache.catalina.startup.VersionLoggerListener.log JVM Vendor:            Oracle Corporation
12-Mar-2020 22:11:08.695 信息 [main] org.apache.catalina.startup.VersionLoggerListener.log CATALINA_BASE:         E:\Server\apache-tomcat-8.5.20
12-Mar-2020 22:11:08.695 信息 [main] org.apache.catalina.startup.VersionLoggerListener.log CATALINA_HOME:         E:\Server\apache-tomcat-8.5.20
12-Mar-2020 22:11:08.695 信息 [main] org.apache.catalina.startup.VersionLoggerListener.log Command line argument: -Dcatalina.home=E:\Server\apache-tomcat-8.5.20
12-Mar-2020 22:11:08.695 信息 [main] org.apache.catalina.startup.VersionLoggerListener.log Command line argument: -Dcatalina.base=E:\Server\apache-tomcat-8.5.20
12-Mar-2020 22:11:08.695 信息 [main] org.apache.catalina.startup.VersionLoggerListener.log Command line argument: -Djava.io.tmpdir=E:\Server\apache-tomcat-8.5.20\temp
12-Mar-2020 22:11:08.695 信息 [main] org.apache.catalina.startup.VersionLoggerListener.log Command line argument: -Djava.util.logging.manager=org.apache.juli.ClassLoaderLogManager
12-Mar-2020 22:11:08.695 信息 [main] org.apache.catalina.startup.VersionLoggerListener.log Command line argument: -Djava.util.logging.config.file=E:\Server\apache-tomcat-8.5.20\conf\logging.properties
12-Mar-2020 22:11:08.695 信息 [main] org.apache.catalina.startup.VersionLoggerListener.log Command line argument: exit
12-Mar-2020 22:11:08.697 信息 [main] org.apache.catalina.startup.VersionLoggerListener.log Command line argument: -Xms128m
12-Mar-2020 22:11:08.698 信息 [main] org.apache.catalina.startup.VersionLoggerListener.log Command line argument: -Xmx256m
12-Mar-2020 22:11:08.698 信息 [main] org.apache.catalina.core.AprLifecycleListener.lifecycleEvent Loaded APR based Apache Tomcat Native library [1.2.12] using APR version [1.5.2].
12-Mar-2020 22:11:08.698 信息 [main] org.apache.catalina.core.AprLifecycleListener.lifecycleEvent APR capabilities: IPv6 [true], sendfile [true], accept filters [false], random [true].
12-Mar-2020 22:11:08.698 信息 [main] org.apache.catalina.core.AprLifecycleListener.lifecycleEvent APR/OpenSSL configuration: useAprConnector [false], useOpenSSL [true]
12-Mar-2020 22:11:09.384 信息 [main] org.apache.catalina.core.AprLifecycleListener.initializeSSL OpenSSL successfully initialized [OpenSSL 1.0.2k  26 Jan 2017]
12-Mar-2020 22:11:09.581 信息 [main] org.apache.coyote.AbstractProtocol.init Initializing ProtocolHandler ["http-nio-80"]
12-Mar-2020 22:11:09.936 信息 [main] org.apache.tomcat.util.net.NioSelectorPool.getSharedSelector Using a shared selector for servlet write/read
12-Mar-2020 22:11:09.941 信息 [main] org.apache.coyote.AbstractProtocol.init Initializing ProtocolHandler ["ajp-nio-8009"]
12-Mar-2020 22:11:09.943 信息 [main] org.apache.tomcat.util.net.NioSelectorPool.getSharedSelector Using a shared selector for servlet write/read
12-Mar-2020 22:11:09.943 信息 [main] org.apache.catalina.startup.Catalina.load Initialization processed in 1910 ms
12-Mar-2020 22:11:09.984 信息 [main] org.apache.catalina.core.StandardService.startInternal Starting service [Catalina]
12-Mar-2020 22:11:09.984 信息 [main] org.apache.catalina.core.StandardEngine.startInternal Starting Servlet Engine: Apache Tomcat/8.5.20
12-Mar-2020 22:11:10.993 信息 [localhost-startStop-1] org.apache.jasper.servlet.TldScanner.scanJars At least one JAR was scanned for TLDs yet contained no TLDs. Enable debug logging for this logger for a complete list of JARs that were scanned but no TLDs were found in them. Skipping unneeded JARs during scanning can improve startup time and JSP compilation time.
12-Mar-2020 22:11:11.090 信息 [localhost-startStop-1] org.apache.catalina.startup.HostConfig.deployDirectory Deploying web application directory [E:\Server\apache-tomcat-8.5.20\webapps\examSystem]
12-Mar-2020 22:11:11.126 信息 [localhost-startStop-1] org.apache.catalina.startup.HostConfig.deployDirectory Deployment of web application directory [E:\Server\apache-tomcat-8.5.20\webapps\examSystem] has finished in [36] ms
12-Mar-2020 22:11:11.128 信息 [main] org.apache.coyote.AbstractProtocol.start Starting ProtocolHandler ["http-nio-80"]
12-Mar-2020 22:11:11.143 信息 [main] org.apache.coyote.AbstractProtocol.start Starting ProtocolHandler ["ajp-nio-8009"]
12-Mar-2020 22:11:11.146 信息 [main] org.apache.catalina.startup.Catalina.start Server startup in 1201 ms
12-Mar-2020 22:12:21.751 信息 [ContainerBackgroundProcessor[StandardEngine[Catalina]]] org.apache.catalina.core.StandardContext.reload Reloading Context with name [] has started
12-Mar-2020 22:12:21.759 警告 [ContainerBackgroundProcessor[StandardEngine[Catalina]]] org.apache.catalina.loader.WebappClassLoaderBase.clearReferencesJdbc The web application [ROOT] registered the JDBC driver [com.mysql.jdbc.Driver] but failed to unregister it when the web application was stopped. To prevent a memory leak, the JDBC Driver has been forcibly unregistered.
12-Mar-2020 22:12:22.054 信息 [ContainerBackgroundProcessor[StandardEngine[Catalina]]] org.apache.catalina.core.StandardContext.reload Reloading Context with name [] is completed
12-Mar-2020 22:12:32.073 信息 [ContainerBackgroundProcessor[StandardEngine[Catalina]]] org.apache.catalina.core.StandardContext.reload Reloading Context with name [] has started
12-Mar-2020 22:12:32.379 信息 [ContainerBackgroundProcessor[StandardEngine[Catalina]]] org.apache.catalina.core.StandardContext.reload Reloading Context with name [] is completed
12-Mar-2020 22:12:42.442 信息 [ContainerBackgroundProcessor[StandardEngine[Catalina]]] org.apache.catalina.core.StandardContext.reload Reloading Context with name [] has started
12-Mar-2020 22:12:42.665 信息 [ContainerBackgroundProcessor[StandardEngine[Catalina]]] org.apache.catalina.core.StandardContext.reload Reloading Context with name [] is completed
12-Mar-2020 22:13:22.824 信息 [ContainerBackgroundProcessor[StandardEngine[Catalina]]] org.apache.catalina.core.StandardContext.reload Reloading Context with name [] has started
12-Mar-2020 22:13:22.827 警告 [ContainerBackgroundProcessor[StandardEngine[Catalina]]] org.apache.catalina.loader.WebappClassLoaderBase.clearReferencesJdbc The web application [ROOT] registered the JDBC driver [com.mysql.jdbc.Driver] but failed to unregister it when the web application was stopped. To prevent a memory leak, the JDBC Driver has been forcibly unregistered.
12-Mar-2020 22:13:23.308 信息 [ContainerBackgroundProcessor[StandardEngine[Catalina]]] org.apache.catalina.core.StandardContext.reload Reloading Context with name [] is completed
12-Mar-2020 22:14:23.732 信息 [ContainerBackgroundProcessor[StandardEngine[Catalina]]] org.apache.catalina.core.StandardContext.reload Reloading Context with name [] has started
12-Mar-2020 22:14:23.737 警告 [ContainerBackgroundProcessor[StandardEngine[Catalina]]] org.apache.catalina.loader.WebappClassLoaderBase.clearReferencesJdbc The web application [ROOT] registered the JDBC driver [com.mysql.jdbc.Driver] but failed to unregister it when the web application was stopped. To prevent a memory leak, the JDBC Driver has been forcibly unregistered.
12-Mar-2020 22:14:24.015 信息 [ContainerBackgroundProcessor[StandardEngine[Catalina]]] org.apache.catalina.core.StandardContext.reload Reloading Context with name [] is completed
12-Mar-2020 22:14:54.279 信息 [ContainerBackgroundProcessor[StandardEngine[Catalina]]] org.apache.catalina.core.StandardContext.reload Reloading Context with name [] has started
12-Mar-2020 22:14:54.282 警告 [ContainerBackgroundProcessor[StandardEngine[Catalina]]] org.apache.catalina.loader.WebappClassLoaderBase.clearReferencesJdbc The web application [ROOT] registered the JDBC driver [com.mysql.jdbc.Driver] but failed to unregister it when the web application was stopped. To prevent a memory leak, the JDBC Driver has been forcibly unregistered.
12-Mar-2020 22:14:54.585 信息 [ContainerBackgroundProcessor[StandardEngine[Catalina]]] org.apache.catalina.core.StandardContext.reload Reloading Context with name [] is completed
12-Mar-2020 22:18:06.117 信息 [ContainerBackgroundProcessor[StandardEngine[Catalina]]] org.apache.catalina.core.StandardContext.reload Reloading Context with name [] has started
12-Mar-2020 22:18:06.122 警告 [ContainerBackgroundProcessor[StandardEngine[Catalina]]] org.apache.catalina.loader.WebappClassLoaderBase.clearReferencesJdbc The web application [ROOT] registered the JDBC driver [com.mysql.jdbc.Driver] but failed to unregister it when the web application was stopped. To prevent a memory leak, the JDBC Driver has been forcibly unregistered.
12-Mar-2020 22:18:06.657 信息 [ContainerBackgroundProcessor[StandardEngine[Catalina]]] org.apache.catalina.core.StandardContext.reload Reloading Context with name [] is completed
12-Mar-2020 22:19:57.760 信息 [ContainerBackgroundProcessor[StandardEngine[Catalina]]] org.apache.catalina.core.StandardContext.reload Reloading Context with name [] has started
12-Mar-2020 22:19:57.766 警告 [ContainerBackgroundProcessor[StandardEngine[Catalina]]] org.apache.catalina.loader.WebappClassLoaderBase.clearReferencesJdbc The web application [ROOT] registered the JDBC driver [com.mysql.jdbc.Driver] but failed to unregister it when the web application was stopped. To prevent a memory leak, the JDBC Driver has been forcibly unregistered.
12-Mar-2020 22:19:58.018 信息 [ContainerBackgroundProcessor[StandardEngine[Catalina]]] org.apache.catalina.core.StandardContext.reload Reloading Context with name [] is completed
12-Mar-2020 22:20:28.086 信息 [ContainerBackgroundProcessor[StandardEngine[Catalina]]] org.apache.catalina.core.StandardContext.reload Reloading Context with name [] has started
12-Mar-2020 22:20:28.324 信息 [ContainerBackgroundProcessor[StandardEngine[Catalina]]] org.apache.catalina.core.StandardContext.reload Reloading Context with name [] is completed
12-Mar-2020 22:20:38.488 信息 [ContainerBackgroundProcessor[StandardEngine[Catalina]]] org.apache.catalina.core.StandardContext.reload Reloading Context with name [] has started
12-Mar-2020 22:20:38.917 信息 [ContainerBackgroundProcessor[StandardEngine[Catalina]]] org.apache.catalina.core.StandardContext.reload Reloading Context with name [] is completed
12-Mar-2020 22:20:58.984 信息 [ContainerBackgroundProcessor[StandardEngine[Catalina]]] org.apache.catalina.core.StandardContext.reload Reloading Context with name [] has started
12-Mar-2020 22:20:59.186 信息 [ContainerBackgroundProcessor[StandardEngine[Catalina]]] org.apache.catalina.core.StandardContext.reload Reloading Context with name [] is completed
12-Mar-2020 22:21:49.589 信息 [ContainerBackgroundProcessor[StandardEngine[Catalina]]] org.apache.catalina.core.StandardContext.reload Reloading Context with name [] has started
12-Mar-2020 22:21:49.595 警告 [ContainerBackgroundProcessor[StandardEngine[Catalina]]] org.apache.catalina.loader.WebappClassLoaderBase.clearReferencesJdbc The web application [ROOT] registered the JDBC driver [com.mysql.jdbc.Driver] but failed to unregister it when the web application was stopped. To prevent a memory leak, the JDBC Driver has been forcibly unregistered.
12-Mar-2020 22:21:50.010 信息 [ContainerBackgroundProcessor[StandardEngine[Catalina]]] org.apache.catalina.core.StandardContext.reload Reloading Context with name [] is completed
12-Mar-2020 22:22:00.088 信息 [ContainerBackgroundProcessor[StandardEngine[Catalina]]] org.apache.catalina.core.StandardContext.reload Reloading Context with name [] has started
12-Mar-2020 22:22:00.373 信息 [ContainerBackgroundProcessor[StandardEngine[Catalina]]] org.apache.catalina.core.StandardContext.reload Reloading Context with name [] is completed
12-Mar-2020 22:22:07.736 信息 [Thread-6] org.apache.coyote.AbstractProtocol.pause Pausing ProtocolHandler ["http-nio-80"]
12-Mar-2020 22:22:07.905 信息 [Thread-6] org.apache.coyote.AbstractProtocol.pause Pausing ProtocolHandler ["ajp-nio-8009"]
12-Mar-2020 22:22:08.073 信息 [Thread-6] org.apache.catalina.core.StandardService.stopInternal Stopping service [Catalina]
12-Mar-2020 22:22:08.081 警告 [localhost-startStop-2] org.apache.catalina.loader.WebappClassLoaderBase.clearReferencesJdbc The web application [ROOT] registered the JDBC driver [com.mysql.jdbc.Driver] but failed to unregister it when the web application was stopped. To prevent a memory leak, the JDBC Driver has been forcibly unregistered.
12-Mar-2020 22:22:08.090 信息 [Thread-6] org.apache.coyote.AbstractProtocol.stop Stopping ProtocolHandler ["http-nio-80"]
12-Mar-2020 22:22:08.091 信息 [Thread-6] org.apache.coyote.AbstractProtocol.stop Stopping ProtocolHandler ["ajp-nio-8009"]
12-Mar-2020 22:22:11.076 信息 [main] org.apache.catalina.startup.VersionLoggerListener.log Server version:        Apache Tomcat/8.5.20
12-Mar-2020 22:22:11.082 信息 [main] org.apache.catalina.startup.VersionLoggerListener.log Server built:          Aug 2 2017 21:35:49 UTC
12-Mar-2020 22:22:11.082 信息 [main] org.apache.catalina.startup.VersionLoggerListener.log Server number:         8.5.20.0
12-Mar-2020 22:22:11.083 信息 [main] org.apache.catalina.startup.VersionLoggerListener.log OS Name:               Windows 10
12-Mar-2020 22:22:11.083 信息 [main] org.apache.catalina.startup.VersionLoggerListener.log OS Version:            10.0
12-Mar-2020 22:22:11.083 信息 [main] org.apache.catalina.startup.VersionLoggerListener.log Architecture:          amd64
12-Mar-2020 22:22:11.083 信息 [main] org.apache.catalina.startup.VersionLoggerListener.log Java Home:             E:\UserProgram\JAVA\jre
12-Mar-2020 22:22:11.084 信息 [main] org.apache.catalina.startup.VersionLoggerListener.log JVM Version:           1.8.0_161-b12
12-Mar-2020 22:22:11.084 信息 [main] org.apache.catalina.startup.VersionLoggerListener.log JVM Vendor:            Oracle Corporation
12-Mar-2020 22:22:11.084 信息 [main] org.apache.catalina.startup.VersionLoggerListener.log CATALINA_BASE:         E:\Server\apache-tomcat-8.5.20
12-Mar-2020 22:22:11.084 信息 [main] org.apache.catalina.startup.VersionLoggerListener.log CATALINA_HOME:         E:\Server\apache-tomcat-8.5.20
12-Mar-2020 22:22:11.085 信息 [main] org.apache.catalina.startup.VersionLoggerListener.log Command line argument: -Dcatalina.home=E:\Server\apache-tomcat-8.5.20
12-Mar-2020 22:22:11.085 信息 [main] org.apache.catalina.startup.VersionLoggerListener.log Command line argument: -Dcatalina.base=E:\Server\apache-tomcat-8.5.20
12-Mar-2020 22:22:11.085 信息 [main] org.apache.catalina.startup.VersionLoggerListener.log Command line argument: -Djava.io.tmpdir=E:\Server\apache-tomcat-8.5.20\temp
12-Mar-2020 22:22:11.085 信息 [main] org.apache.catalina.startup.VersionLoggerListener.log Command line argument: -Djava.util.logging.manager=org.apache.juli.ClassLoaderLogManager
12-Mar-2020 22:22:11.085 信息 [main] org.apache.catalina.startup.VersionLoggerListener.log Command line argument: -Djava.util.logging.config.file=E:\Server\apache-tomcat-8.5.20\conf\logging.properties
12-Mar-2020 22:22:11.085 信息 [main] org.apache.catalina.startup.VersionLoggerListener.log Command line argument: exit
12-Mar-2020 22:22:11.086 信息 [main] org.apache.catalina.startup.VersionLoggerListener.log Command line argument: -Xms128m
12-Mar-2020 22:22:11.086 信息 [main] org.apache.catalina.startup.VersionLoggerListener.log Command line argument: -Xmx256m
12-Mar-2020 22:22:11.086 信息 [main] org.apache.catalina.core.AprLifecycleListener.lifecycleEvent Loaded APR based Apache Tomcat Native library [1.2.12] using APR version [1.5.2].
12-Mar-2020 22:22:11.086 信息 [main] org.apache.catalina.core.AprLifecycleListener.lifecycleEvent APR capabilities: IPv6 [true], sendfile [true], accept filters [false], random [true].
12-Mar-2020 22:22:11.086 信息 [main] org.apache.catalina.core.AprLifecycleListener.lifecycleEvent APR/OpenSSL configuration: useAprConnector [false], useOpenSSL [true]
12-Mar-2020 22:22:11.753 信息 [main] org.apache.catalina.core.AprLifecycleListener.initializeSSL OpenSSL successfully initialized [OpenSSL 1.0.2k  26 Jan 2017]
12-Mar-2020 22:22:11.975 信息 [main] org.apache.coyote.AbstractProtocol.init Initializing ProtocolHandler ["http-nio-80"]
12-Mar-2020 22:22:12.357 信息 [main] org.apache.tomcat.util.net.NioSelectorPool.getSharedSelector Using a shared selector for servlet write/read
12-Mar-2020 22:22:12.361 信息 [main] org.apache.coyote.AbstractProtocol.init Initializing ProtocolHandler ["ajp-nio-8009"]
12-Mar-2020 22:22:12.367 信息 [main] org.apache.tomcat.util.net.NioSelectorPool.getSharedSelector Using a shared selector for servlet write/read
12-Mar-2020 22:22:12.368 信息 [main] org.apache.catalina.startup.Catalina.load Initialization processed in 1905 ms
12-Mar-2020 22:22:12.427 信息 [main] org.apache.catalina.core.StandardService.startInternal Starting service [Catalina]
12-Mar-2020 22:22:12.427 信息 [main] org.apache.catalina.core.StandardEngine.startInternal Starting Servlet Engine: Apache Tomcat/8.5.20
12-Mar-2020 22:22:14.102 信息 [localhost-startStop-1] org.apache.jasper.servlet.TldScanner.scanJars At least one JAR was scanned for TLDs yet contained no TLDs. Enable debug logging for this logger for a complete list of JARs that were scanned but no TLDs were found in them. Skipping unneeded JARs during scanning can improve startup time and JSP compilation time.
12-Mar-2020 22:22:14.258 信息 [localhost-startStop-1] org.apache.catalina.startup.HostConfig.deployDirectory Deploying web application directory [E:\Server\apache-tomcat-8.5.20\webapps\examSystem]
12-Mar-2020 22:22:14.310 信息 [localhost-startStop-1] org.apache.catalina.startup.HostConfig.deployDirectory Deployment of web application directory [E:\Server\apache-tomcat-8.5.20\webapps\examSystem] has finished in [51] ms
12-Mar-2020 22:22:14.317 信息 [main] org.apache.coyote.AbstractProtocol.start Starting ProtocolHandler ["http-nio-80"]
12-Mar-2020 22:22:14.332 信息 [main] org.apache.coyote.AbstractProtocol.start Starting ProtocolHandler ["ajp-nio-8009"]
12-Mar-2020 22:22:14.339 信息 [main] org.apache.catalina.startup.Catalina.start Server startup in 1970 ms
12-Mar-2020 22:23:14.799 信息 [ContainerBackgroundProcessor[StandardEngine[Catalina]]] org.apache.catalina.core.StandardContext.reload Reloading Context with name [] has started
12-Mar-2020 22:23:14.808 警告 [ContainerBackgroundProcessor[StandardEngine[Catalina]]] org.apache.catalina.loader.WebappClassLoaderBase.clearReferencesJdbc The web application [ROOT] registered the JDBC driver [com.mysql.jdbc.Driver] but failed to unregister it when the web application was stopped. To prevent a memory leak, the JDBC Driver has been forcibly unregistered.
12-Mar-2020 22:23:15.192 信息 [ContainerBackgroundProcessor[StandardEngine[Catalina]]] org.apache.catalina.core.StandardContext.reload Reloading Context with name [] is completed
12-Mar-2020 22:28:27.943 信息 [ContainerBackgroundProcessor[StandardEngine[Catalina]]] org.apache.catalina.core.StandardContext.reload Reloading Context with name [] has started
12-Mar-2020 22:28:27.947 警告 [ContainerBackgroundProcessor[StandardEngine[Catalina]]] org.apache.catalina.loader.WebappClassLoaderBase.clearReferencesJdbc The web application [ROOT] registered the JDBC driver [com.mysql.jdbc.Driver] but failed to unregister it when the web application was stopped. To prevent a memory leak, the JDBC Driver has been forcibly unregistered.
12-Mar-2020 22:28:28.225 信息 [ContainerBackgroundProcessor[StandardEngine[Catalina]]] org.apache.catalina.core.StandardContext.reload Reloading Context with name [] is completed
12-Mar-2020 22:28:38.276 信息 [ContainerBackgroundProcessor[StandardEngine[Catalina]]] org.apache.catalina.core.StandardContext.reload Reloading Context with name [] has started
12-Mar-2020 22:28:38.381 警告 [ContainerBackgroundProcessor[StandardEngine[Catalina]]] org.apache.catalina.loader.WebappClassLoaderBase.clearReferencesJdbc The web application [ROOT] registered the JDBC driver [com.mysql.jdbc.Driver] but failed to unregister it when the web application was stopped. To prevent a memory leak, the JDBC Driver has been forcibly unregistered.
12-Mar-2020 22:28:38.769 信息 [ContainerBackgroundProcessor[StandardEngine[Catalina]]] org.apache.catalina.core.StandardContext.reload Reloading Context with name [] is completed
12-Mar-2020 22:29:49.418 信息 [ContainerBackgroundProcessor[StandardEngine[Catalina]]] org.apache.catalina.core.StandardContext.reload Reloading Context with name [] has started
12-Mar-2020 22:29:49.424 警告 [ContainerBackgroundProcessor[StandardEngine[Catalina]]] org.apache.catalina.loader.WebappClassLoaderBase.clearReferencesJdbc The web application [ROOT] registered the JDBC driver [com.mysql.jdbc.Driver] but failed to unregister it when the web application was stopped. To prevent a memory leak, the JDBC Driver has been forcibly unregistered.
12-Mar-2020 22:29:49.711 信息 [ContainerBackgroundProcessor[StandardEngine[Catalina]]] org.apache.catalina.core.StandardContext.reload Reloading Context with name [] is completed
12-Mar-2020 22:29:59.765 信息 [ContainerBackgroundProcessor[StandardEngine[Catalina]]] org.apache.catalina.core.StandardContext.reload Reloading Context with name [] has started
12-Mar-2020 22:29:59.966 信息 [ContainerBackgroundProcessor[StandardEngine[Catalina]]] org.apache.catalina.core.StandardContext.reload Reloading Context with name [] is completed
12-Mar-2020 22:31:40.217 信息 [ContainerBackgroundProcessor[StandardEngine[Catalina]]] org.apache.catalina.core.StandardContext.reload Reloading Context with name [] has started
12-Mar-2020 22:31:41.164 信息 [ContainerBackgroundProcessor[StandardEngine[Catalina]]] org.apache.catalina.core.StandardContext.reload Reloading Context with name [] is completed
12-Mar-2020 22:34:52.849 信息 [ContainerBackgroundProcessor[StandardEngine[Catalina]]] org.apache.catalina.core.StandardContext.reload Reloading Context with name [] has started
12-Mar-2020 22:34:52.855 警告 [ContainerBackgroundProcessor[StandardEngine[Catalina]]] org.apache.catalina.loader.WebappClassLoaderBase.clearReferencesJdbc The web application [ROOT] registered the JDBC driver [com.mysql.jdbc.Driver] but failed to unregister it when the web application was stopped. To prevent a memory leak, the JDBC Driver has been forcibly unregistered.
12-Mar-2020 22:34:53.208 信息 [ContainerBackgroundProcessor[StandardEngine[Catalina]]] org.apache.catalina.core.StandardContext.reload Reloading Context with name [] is completed
12-Mar-2020 22:36:23.774 信息 [ContainerBackgroundProcessor[StandardEngine[Catalina]]] org.apache.catalina.core.StandardContext.reload Reloading Context with name [] has started
12-Mar-2020 22:36:23.777 警告 [ContainerBackgroundProcessor[StandardEngine[Catalina]]] org.apache.catalina.loader.WebappClassLoaderBase.clearReferencesJdbc The web application [ROOT] registered the JDBC driver [com.mysql.jdbc.Driver] but failed to unregister it when the web application was stopped. To prevent a memory leak, the JDBC Driver has been forcibly unregistered.
12-Mar-2020 22:36:23.961 信息 [ContainerBackgroundProcessor[StandardEngine[Catalina]]] org.apache.catalina.core.StandardContext.reload Reloading Context with name [] is completed
12-Mar-2020 22:37:04.069 信息 [ContainerBackgroundProcessor[StandardEngine[Catalina]]] org.apache.catalina.core.StandardContext.reload Reloading Context with name [] has started
12-Mar-2020 22:37:04.306 信息 [ContainerBackgroundProcessor[StandardEngine[Catalina]]] org.apache.catalina.core.StandardContext.reload Reloading Context with name [] is completed
12-Mar-2020 22:39:45.485 信息 [ContainerBackgroundProcessor[StandardEngine[Catalina]]] org.apache.catalina.core.StandardContext.reload Reloading Context with name [] has started
12-Mar-2020 22:39:45.487 警告 [ContainerBackgroundProcessor[StandardEngine[Catalina]]] org.apache.catalina.loader.WebappClassLoaderBase.clearReferencesJdbc The web application [ROOT] registered the JDBC driver [com.mysql.jdbc.Driver] but failed to unregister it when the web application was stopped. To prevent a memory leak, the JDBC Driver has been forcibly unregistered.
12-Mar-2020 22:39:45.739 信息 [ContainerBackgroundProcessor[StandardEngine[Catalina]]] org.apache.catalina.core.StandardContext.reload Reloading Context with name [] is completed
12-Mar-2020 22:39:55.786 信息 [ContainerBackgroundProcessor[StandardEngine[Catalina]]] org.apache.catalina.core.StandardContext.reload Reloading Context with name [] has started
12-Mar-2020 22:39:55.972 信息 [ContainerBackgroundProcessor[StandardEngine[Catalina]]] org.apache.catalina.core.StandardContext.reload Reloading Context with name [] is completed
12-Mar-2020 22:40:12.756 信息 [Thread-6] org.apache.coyote.AbstractProtocol.pause Pausing ProtocolHandler ["http-nio-80"]
12-Mar-2020 22:40:12.902 信息 [Thread-6] org.apache.coyote.AbstractProtocol.pause Pausing ProtocolHandler ["ajp-nio-8009"]
12-Mar-2020 22:40:13.046 信息 [Thread-6] org.apache.catalina.core.StandardService.stopInternal Stopping service [Catalina]
12-Mar-2020 22:40:13.053 信息 [Thread-6] org.apache.coyote.AbstractProtocol.stop Stopping ProtocolHandler ["http-nio-80"]
12-Mar-2020 22:40:13.115 信息 [Thread-6] org.apache.coyote.AbstractProtocol.stop Stopping ProtocolHandler ["ajp-nio-8009"]
12-Mar-2020 22:40:15.332 信息 [main] org.apache.catalina.startup.VersionLoggerListener.log Server version:        Apache Tomcat/8.5.20
12-Mar-2020 22:40:15.336 信息 [main] org.apache.catalina.startup.VersionLoggerListener.log Server built:          Aug 2 2017 21:35:49 UTC
12-Mar-2020 22:40:15.336 信息 [main] org.apache.catalina.startup.VersionLoggerListener.log Server number:         8.5.20.0
12-Mar-2020 22:40:15.336 信息 [main] org.apache.catalina.startup.VersionLoggerListener.log OS Name:               Windows 10
12-Mar-2020 22:40:15.336 信息 [main] org.apache.catalina.startup.VersionLoggerListener.log OS Version:            10.0
12-Mar-2020 22:40:15.337 信息 [main] org.apache.catalina.startup.VersionLoggerListener.log Architecture:          amd64
12-Mar-2020 22:40:15.337 信息 [main] org.apache.catalina.startup.VersionLoggerListener.log Java Home:             E:\UserProgram\JAVA\jre
12-Mar-2020 22:40:15.337 信息 [main] org.apache.catalina.startup.VersionLoggerListener.log JVM Version:           1.8.0_161-b12
12-Mar-2020 22:40:15.338 信息 [main] org.apache.catalina.startup.VersionLoggerListener.log JVM Vendor:            Oracle Corporation
12-Mar-2020 22:40:15.338 信息 [main] org.apache.catalina.startup.VersionLoggerListener.log CATALINA_BASE:         E:\Server\apache-tomcat-8.5.20
12-Mar-2020 22:40:15.339 信息 [main] org.apache.catalina.startup.VersionLoggerListener.log CATALINA_HOME:         E:\Server\apache-tomcat-8.5.20
12-Mar-2020 22:40:15.340 信息 [main] org.apache.catalina.startup.VersionLoggerListener.log Command line argument: -Dcatalina.home=E:\Server\apache-tomcat-8.5.20
12-Mar-2020 22:40:15.340 信息 [main] org.apache.catalina.startup.VersionLoggerListener.log Command line argument: -Dcatalina.base=E:\Server\apache-tomcat-8.5.20
12-Mar-2020 22:40:15.340 信息 [main] org.apache.catalina.startup.VersionLoggerListener.log Command line argument: -Djava.io.tmpdir=E:\Server\apache-tomcat-8.5.20\temp
12-Mar-2020 22:40:15.340 信息 [main] org.apache.catalina.startup.VersionLoggerListener.log Command line argument: -Djava.util.logging.manager=org.apache.juli.ClassLoaderLogManager
12-Mar-2020 22:40:15.341 信息 [main] org.apache.catalina.startup.VersionLoggerListener.log Command line argument: -Djava.util.logging.config.file=E:\Server\apache-tomcat-8.5.20\conf\logging.properties
12-Mar-2020 22:40:15.341 信息 [main] org.apache.catalina.startup.VersionLoggerListener.log Command line argument: exit
12-Mar-2020 22:40:15.341 信息 [main] org.apache.catalina.startup.VersionLoggerListener.log Command line argument: -Xms128m
12-Mar-2020 22:40:15.342 信息 [main] org.apache.catalina.startup.VersionLoggerListener.log Command line argument: -Xmx256m
12-Mar-2020 22:40:15.342 信息 [main] org.apache.catalina.core.AprLifecycleListener.lifecycleEvent Loaded APR based Apache Tomcat Native library [1.2.12] using APR version [1.5.2].
12-Mar-2020 22:40:15.342 信息 [main] org.apache.catalina.core.AprLifecycleListener.lifecycleEvent APR capabilities: IPv6 [true], sendfile [true], accept filters [false], random [true].
12-Mar-2020 22:40:15.342 信息 [main] org.apache.catalina.core.AprLifecycleListener.lifecycleEvent APR/OpenSSL configuration: useAprConnector [false], useOpenSSL [true]
12-Mar-2020 22:40:16.080 信息 [main] org.apache.catalina.core.AprLifecycleListener.initializeSSL OpenSSL successfully initialized [OpenSSL 1.0.2k  26 Jan 2017]
12-Mar-2020 22:40:16.243 信息 [main] org.apache.coyote.AbstractProtocol.init Initializing ProtocolHandler ["http-nio-80"]
12-Mar-2020 22:40:16.496 信息 [main] org.apache.tomcat.util.net.NioSelectorPool.getSharedSelector Using a shared selector for servlet write/read
12-Mar-2020 22:40:16.498 信息 [main] org.apache.coyote.AbstractProtocol.init Initializing ProtocolHandler ["ajp-nio-8009"]
12-Mar-2020 22:40:16.500 信息 [main] org.apache.tomcat.util.net.NioSelectorPool.getSharedSelector Using a shared selector for servlet write/read
12-Mar-2020 22:40:16.500 信息 [main] org.apache.catalina.startup.Catalina.load Initialization processed in 1881 ms
12-Mar-2020 22:40:16.525 信息 [main] org.apache.catalina.core.StandardService.startInternal Starting service [Catalina]
12-Mar-2020 22:40:16.525 信息 [main] org.apache.catalina.core.StandardEngine.startInternal Starting Servlet Engine: Apache Tomcat/8.5.20
12-Mar-2020 22:40:17.124 信息 [localhost-startStop-1] org.apache.jasper.servlet.TldScanner.scanJars At least one JAR was scanned for TLDs yet contained no TLDs. Enable debug logging for this logger for a complete list of JARs that were scanned but no TLDs were found in them. Skipping unneeded JARs during scanning can improve startup time and JSP compilation time.
12-Mar-2020 22:40:17.185 信息 [localhost-startStop-1] org.apache.catalina.startup.HostConfig.deployDirectory Deploying web application directory [E:\Server\apache-tomcat-8.5.20\webapps\examSystem]
12-Mar-2020 22:40:17.206 信息 [localhost-startStop-1] org.apache.catalina.startup.HostConfig.deployDirectory Deployment of web application directory [E:\Server\apache-tomcat-8.5.20\webapps\examSystem] has finished in [21] ms
12-Mar-2020 22:40:17.208 信息 [main] org.apache.coyote.AbstractProtocol.start Starting ProtocolHandler ["http-nio-80"]
12-Mar-2020 22:40:17.215 信息 [main] org.apache.coyote.AbstractProtocol.start Starting ProtocolHandler ["ajp-nio-8009"]
12-Mar-2020 22:40:17.217 信息 [main] org.apache.catalina.startup.Catalina.start Server startup in 717 ms
12-Mar-2020 22:41:37.871 信息 [ContainerBackgroundProcessor[StandardEngine[Catalina]]] org.apache.catalina.core.StandardContext.reload Reloading Context with name [] has started
12-Mar-2020 22:41:37.878 警告 [ContainerBackgroundProcessor[StandardEngine[Catalina]]] org.apache.catalina.loader.WebappClassLoaderBase.clearReferencesJdbc The web application [ROOT] registered the JDBC driver [com.mysql.jdbc.Driver] but failed to unregister it when the web application was stopped. To prevent a memory leak, the JDBC Driver has been forcibly unregistered.
12-Mar-2020 22:41:38.118 信息 [ContainerBackgroundProcessor[StandardEngine[Catalina]]] org.apache.catalina.core.StandardContext.reload Reloading Context with name [] is completed
12-Mar-2020 22:41:48.137 信息 [ContainerBackgroundProcessor[StandardEngine[Catalina]]] org.apache.catalina.core.StandardContext.reload Reloading Context with name [] has started
12-Mar-2020 22:41:48.690 信息 [ContainerBackgroundProcessor[StandardEngine[Catalina]]] org.apache.catalina.core.StandardContext.reload Reloading Context with name [] is completed
12-Mar-2020 22:43:59.635 信息 [ContainerBackgroundProcessor[StandardEngine[Catalina]]] org.apache.catalina.core.StandardContext.reload Reloading Context with name [] has started
12-Mar-2020 22:43:59.638 警告 [ContainerBackgroundProcessor[StandardEngine[Catalina]]] org.apache.catalina.loader.WebappClassLoaderBase.clearReferencesJdbc The web application [ROOT] registered the JDBC driver [com.mysql.jdbc.Driver] but failed to unregister it when the web application was stopped. To prevent a memory leak, the JDBC Driver has been forcibly unregistered.
12-Mar-2020 22:43:59.847 信息 [ContainerBackgroundProcessor[StandardEngine[Catalina]]] org.apache.catalina.core.StandardContext.reload Reloading Context with name [] is completed
12-Mar-2020 22:45:20.319 信息 [ContainerBackgroundProcessor[StandardEngine[Catalina]]] org.apache.catalina.core.StandardContext.reload Reloading Context with name [] has started
12-Mar-2020 22:45:20.323 警告 [ContainerBackgroundProcessor[StandardEngine[Catalina]]] org.apache.catalina.loader.WebappClassLoaderBase.clearReferencesJdbc The web application [ROOT] registered the JDBC driver [com.mysql.jdbc.Driver] but failed to unregister it when the web application was stopped. To prevent a memory leak, the JDBC Driver has been forcibly unregistered.
12-Mar-2020 22:45:20.525 信息 [ContainerBackgroundProcessor[StandardEngine[Catalina]]] org.apache.catalina.core.StandardContext.reload Reloading Context with name [] is completed
12-Mar-2020 22:46:00.757 信息 [ContainerBackgroundProcessor[StandardEngine[Catalina]]] org.apache.catalina.core.StandardContext.reload Reloading Context with name [] has started
12-Mar-2020 22:46:00.760 警告 [ContainerBackgroundProcessor[StandardEngine[Catalina]]] org.apache.catalina.loader.WebappClassLoaderBase.clearReferencesJdbc The web application [ROOT] registered the JDBC driver [com.mysql.jdbc.Driver] but failed to unregister it when the web application was stopped. To prevent a memory leak, the JDBC Driver has been forcibly unregistered.
12-Mar-2020 22:46:00.948 信息 [ContainerBackgroundProcessor[StandardEngine[Catalina]]] org.apache.catalina.core.StandardContext.reload Reloading Context with name [] is completed
12-Mar-2020 22:47:01.264 信息 [ContainerBackgroundProcessor[StandardEngine[Catalina]]] org.apache.catalina.core.StandardContext.reload Reloading Context with name [] has started
12-Mar-2020 22:47:01.266 警告 [ContainerBackgroundProcessor[StandardEngine[Catalina]]] org.apache.catalina.loader.WebappClassLoaderBase.clearReferencesJdbc The web application [ROOT] registered the JDBC driver [com.mysql.jdbc.Driver] but failed to unregister it when the web application was stopped. To prevent a memory leak, the JDBC Driver has been forcibly unregistered.
12-Mar-2020 22:47:01.458 信息 [ContainerBackgroundProcessor[StandardEngine[Catalina]]] org.apache.catalina.core.StandardContext.reload Reloading Context with name [] is completed
12-Mar-2020 22:48:49.484 信息 [Thread-6] org.apache.coyote.AbstractProtocol.pause Pausing ProtocolHandler ["http-nio-80"]
12-Mar-2020 22:48:49.623 信息 [Thread-6] org.apache.coyote.AbstractProtocol.pause Pausing ProtocolHandler ["ajp-nio-8009"]
12-Mar-2020 22:48:49.760 信息 [Thread-6] org.apache.catalina.core.StandardService.stopInternal Stopping service [Catalina]
12-Mar-2020 22:48:49.766 警告 [localhost-startStop-2] org.apache.catalina.loader.WebappClassLoaderBase.clearReferencesJdbc The web application [ROOT] registered the JDBC driver [com.mysql.jdbc.Driver] but failed to unregister it when the web application was stopped. To prevent a memory leak, the JDBC Driver has been forcibly unregistered.
12-Mar-2020 22:48:49.769 信息 [Thread-6] org.apache.coyote.AbstractProtocol.stop Stopping ProtocolHandler ["http-nio-80"]
12-Mar-2020 22:48:49.772 信息 [Thread-6] org.apache.coyote.AbstractProtocol.stop Stopping ProtocolHandler ["ajp-nio-8009"]
12-Mar-2020 22:54:27.384 信息 [main] org.apache.catalina.startup.VersionLoggerListener.log Server version:        Apache Tomcat/8.5.20
12-Mar-2020 22:54:27.388 信息 [main] org.apache.catalina.startup.VersionLoggerListener.log Server built:          Aug 2 2017 21:35:49 UTC
12-Mar-2020 22:54:27.388 信息 [main] org.apache.catalina.startup.VersionLoggerListener.log Server number:         8.5.20.0
12-Mar-2020 22:54:27.388 信息 [main] org.apache.catalina.startup.VersionLoggerListener.log OS Name:               Windows 10
12-Mar-2020 22:54:27.388 信息 [main] org.apache.catalina.startup.VersionLoggerListener.log OS Version:            10.0
12-Mar-2020 22:54:27.389 信息 [main] org.apache.catalina.startup.VersionLoggerListener.log Architecture:          amd64
12-Mar-2020 22:54:27.389 信息 [main] org.apache.catalina.startup.VersionLoggerListener.log Java Home:             E:\UserProgram\JAVA\jre
12-Mar-2020 22:54:27.389 信息 [main] org.apache.catalina.startup.VersionLoggerListener.log JVM Version:           1.8.0_161-b12
12-Mar-2020 22:54:27.389 信息 [main] org.apache.catalina.startup.VersionLoggerListener.log JVM Vendor:            Oracle Corporation
12-Mar-2020 22:54:27.391 信息 [main] org.apache.catalina.startup.VersionLoggerListener.log CATALINA_BASE:         E:\Server\apache-tomcat-8.5.20
12-Mar-2020 22:54:27.391 信息 [main] org.apache.catalina.startup.VersionLoggerListener.log CATALINA_HOME:         E:\Server\apache-tomcat-8.5.20
12-Mar-2020 22:54:27.391 信息 [main] org.apache.catalina.startup.VersionLoggerListener.log Command line argument: -Dcatalina.home=E:\Server\apache-tomcat-8.5.20
12-Mar-2020 22:54:27.391 信息 [main] org.apache.catalina.startup.VersionLoggerListener.log Command line argument: -Dcatalina.base=E:\Server\apache-tomcat-8.5.20
12-Mar-2020 22:54:27.391 信息 [main] org.apache.catalina.startup.VersionLoggerListener.log Command line argument: -Djava.io.tmpdir=E:\Server\apache-tomcat-8.5.20\temp
12-Mar-2020 22:54:27.392 信息 [main] org.apache.catalina.startup.VersionLoggerListener.log Command line argument: -Djava.util.logging.manager=org.apache.juli.ClassLoaderLogManager
12-Mar-2020 22:54:27.392 信息 [main] org.apache.catalina.startup.VersionLoggerListener.log Command line argument: -Djava.util.logging.config.file=E:\Server\apache-tomcat-8.5.20\conf\logging.properties
12-Mar-2020 22:54:27.392 信息 [main] org.apache.catalina.startup.VersionLoggerListener.log Command line argument: exit
12-Mar-2020 22:54:27.392 信息 [main] org.apache.catalina.startup.VersionLoggerListener.log Command line argument: -Xms128m
12-Mar-2020 22:54:27.392 信息 [main] org.apache.catalina.startup.VersionLoggerListener.log Command line argument: -Xmx256m
12-Mar-2020 22:54:27.392 信息 [main] org.apache.catalina.core.AprLifecycleListener.lifecycleEvent Loaded APR based Apache Tomcat Native library [1.2.12] using APR version [1.5.2].
12-Mar-2020 22:54:27.392 信息 [main] org.apache.catalina.core.AprLifecycleListener.lifecycleEvent APR capabilities: IPv6 [true], sendfile [true], accept filters [false], random [true].
12-Mar-2020 22:54:27.392 信息 [main] org.apache.catalina.core.AprLifecycleListener.lifecycleEvent APR/OpenSSL configuration: useAprConnector [false], useOpenSSL [true]
12-Mar-2020 22:54:27.959 信息 [main] org.apache.catalina.core.AprLifecycleListener.initializeSSL OpenSSL successfully initialized [OpenSSL 1.0.2k  26 Jan 2017]
12-Mar-2020 22:54:28.092 信息 [main] org.apache.coyote.AbstractProtocol.init Initializing ProtocolHandler ["http-nio-80"]
12-Mar-2020 22:54:28.281 信息 [main] org.apache.tomcat.util.net.NioSelectorPool.getSharedSelector Using a shared selector for servlet write/read
12-Mar-2020 22:54:28.283 信息 [main] org.apache.coyote.AbstractProtocol.init Initializing ProtocolHandler ["ajp-nio-8009"]
12-Mar-2020 22:54:28.286 信息 [main] org.apache.tomcat.util.net.NioSelectorPool.getSharedSelector Using a shared selector for servlet write/read
12-Mar-2020 22:54:28.286 信息 [main] org.apache.catalina.startup.Catalina.load Initialization processed in 1334 ms
12-Mar-2020 22:54:28.310 信息 [main] org.apache.catalina.core.StandardService.startInternal Starting service [Catalina]
12-Mar-2020 22:54:28.311 信息 [main] org.apache.catalina.core.StandardEngine.startInternal Starting Servlet Engine: Apache Tomcat/8.5.20
12-Mar-2020 22:54:29.007 信息 [localhost-startStop-1] org.apache.jasper.servlet.TldScanner.scanJars At least one JAR was scanned for TLDs yet contained no TLDs. Enable debug logging for this logger for a complete list of JARs that were scanned but no TLDs were found in them. Skipping unneeded JARs during scanning can improve startup time and JSP compilation time.
12-Mar-2020 22:54:29.067 信息 [localhost-startStop-1] org.apache.catalina.startup.HostConfig.deployDirectory Deploying web application directory [E:\Server\apache-tomcat-8.5.20\webapps\examSystem]
12-Mar-2020 22:54:29.087 信息 [localhost-startStop-1] org.apache.catalina.startup.HostConfig.deployDirectory Deployment of web application directory [E:\Server\apache-tomcat-8.5.20\webapps\examSystem] has finished in [21] ms
12-Mar-2020 22:54:29.089 信息 [main] org.apache.coyote.AbstractProtocol.start Starting ProtocolHandler ["http-nio-80"]
12-Mar-2020 22:54:29.096 信息 [main] org.apache.coyote.AbstractProtocol.start Starting ProtocolHandler ["ajp-nio-8009"]
12-Mar-2020 22:54:29.098 信息 [main] org.apache.catalina.startup.Catalina.start Server startup in 811 ms
12-Mar-2020 23:12:16.521 信息 [ContainerBackgroundProcessor[StandardEngine[Catalina]]] org.apache.catalina.core.StandardContext.reload Reloading Context with name [] has started
12-Mar-2020 23:12:16.531 警告 [ContainerBackgroundProcessor[StandardEngine[Catalina]]] org.apache.catalina.loader.WebappClassLoaderBase.clearReferencesJdbc The web application [ROOT] registered the JDBC driver [com.mysql.jdbc.Driver] but failed to unregister it when the web application was stopped. To prevent a memory leak, the JDBC Driver has been forcibly unregistered.
12-Mar-2020 23:12:16.802 信息 [ContainerBackgroundProcessor[StandardEngine[Catalina]]] org.apache.catalina.core.StandardContext.reload Reloading Context with name [] is completed
12-Mar-2020 23:12:26.814 信息 [ContainerBackgroundProcessor[StandardEngine[Catalina]]] org.apache.catalina.core.StandardContext.reload Reloading Context with name [] has started
12-Mar-2020 23:12:27.076 信息 [ContainerBackgroundProcessor[StandardEngine[Catalina]]] org.apache.catalina.core.StandardContext.reload Reloading Context with name [] is completed
12-Mar-2020 23:12:47.127 信息 [ContainerBackgroundProcessor[StandardEngine[Catalina]]] org.apache.catalina.core.StandardContext.reload Reloading Context with name [] has started
12-Mar-2020 23:12:47.337 信息 [ContainerBackgroundProcessor[StandardEngine[Catalina]]] org.apache.catalina.core.StandardContext.reload Reloading Context with name [] is completed
12-Mar-2020 23:14:47.792 信息 [ContainerBackgroundProcessor[StandardEngine[Catalina]]] org.apache.catalina.core.StandardContext.reload Reloading Context with name [] has started
12-Mar-2020 23:14:47.795 警告 [ContainerBackgroundProcessor[StandardEngine[Catalina]]] org.apache.catalina.loader.WebappClassLoaderBase.clearReferencesJdbc The web application [ROOT] registered the JDBC driver [com.mysql.jdbc.Driver] but failed to unregister it when the web application was stopped. To prevent a memory leak, the JDBC Driver has been forcibly unregistered.
12-Mar-2020 23:14:47.994 信息 [ContainerBackgroundProcessor[StandardEngine[Catalina]]] org.apache.catalina.core.StandardContext.reload Reloading Context with name [] is completed
12-Mar-2020 23:20:30.390 信息 [ContainerBackgroundProcessor[StandardEngine[Catalina]]] org.apache.catalina.core.StandardContext.reload Reloading Context with name [] has started
12-Mar-2020 23:20:30.394 警告 [ContainerBackgroundProcessor[StandardEngine[Catalina]]] org.apache.catalina.loader.WebappClassLoaderBase.clearReferencesJdbc The web application [ROOT] registered the JDBC driver [com.mysql.jdbc.Driver] but failed to unregister it when the web application was stopped. To prevent a memory leak, the JDBC Driver has been forcibly unregistered.
12-Mar-2020 23:20:30.581 信息 [ContainerBackgroundProcessor[StandardEngine[Catalina]]] org.apache.catalina.core.StandardContext.reload Reloading Context with name [] is completed
12-Mar-2020 23:21:31.029 信息 [ContainerBackgroundProcessor[StandardEngine[Catalina]]] org.apache.catalina.core.StandardContext.reload Reloading Context with name [] has started
12-Mar-2020 23:21:31.031 警告 [ContainerBackgroundProcessor[StandardEngine[Catalina]]] org.apache.catalina.loader.WebappClassLoaderBase.clearReferencesJdbc The web application [ROOT] registered the JDBC driver [com.mysql.jdbc.Driver] but failed to unregister it when the web application was stopped. To prevent a memory leak, the JDBC Driver has been forcibly unregistered.
12-Mar-2020 23:21:31.278 信息 [ContainerBackgroundProcessor[StandardEngine[Catalina]]] org.apache.catalina.core.StandardContext.reload Reloading Context with name [] is completed
12-Mar-2020 23:21:51.335 信息 [ContainerBackgroundProcessor[StandardEngine[Catalina]]] org.apache.catalina.core.StandardContext.reload Reloading Context with name [] has started
12-Mar-2020 23:21:51.524 信息 [ContainerBackgroundProcessor[StandardEngine[Catalina]]] org.apache.catalina.core.StandardContext.reload Reloading Context with name [] is completed
12-Mar-2020 23:21:54.115 信息 [Thread-6] org.apache.coyote.AbstractProtocol.pause Pausing ProtocolHandler ["http-nio-80"]
12-Mar-2020 23:21:54.263 信息 [Thread-6] org.apache.coyote.AbstractProtocol.pause Pausing ProtocolHandler ["ajp-nio-8009"]
12-Mar-2020 23:21:54.409 信息 [Thread-6] org.apache.catalina.core.StandardService.stopInternal Stopping service [Catalina]
12-Mar-2020 23:21:54.419 信息 [Thread-6] org.apache.coyote.AbstractProtocol.stop Stopping ProtocolHandler ["http-nio-80"]
12-Mar-2020 23:21:54.421 信息 [Thread-6] org.apache.coyote.AbstractProtocol.stop Stopping ProtocolHandler ["ajp-nio-8009"]
12-Mar-2020 23:21:56.551 信息 [main] org.apache.catalina.startup.VersionLoggerListener.log Server version:        Apache Tomcat/8.5.20
12-Mar-2020 23:21:56.555 信息 [main] org.apache.catalina.startup.VersionLoggerListener.log Server built:          Aug 2 2017 21:35:49 UTC
12-Mar-2020 23:21:56.555 信息 [main] org.apache.catalina.startup.VersionLoggerListener.log Server number:         8.5.20.0
12-Mar-2020 23:21:56.555 信息 [main] org.apache.catalina.startup.VersionLoggerListener.log OS Name:               Windows 10
12-Mar-2020 23:21:56.555 信息 [main] org.apache.catalina.startup.VersionLoggerListener.log OS Version:            10.0
12-Mar-2020 23:21:56.555 信息 [main] org.apache.catalina.startup.VersionLoggerListener.log Architecture:          amd64
12-Mar-2020 23:21:56.555 信息 [main] org.apache.catalina.startup.VersionLoggerListener.log Java Home:             E:\UserProgram\JAVA\jre
12-Mar-2020 23:21:56.555 信息 [main] org.apache.catalina.startup.VersionLoggerListener.log JVM Version:           1.8.0_161-b12
12-Mar-2020 23:21:56.556 信息 [main] org.apache.catalina.startup.VersionLoggerListener.log JVM Vendor:            Oracle Corporation
12-Mar-2020 23:21:56.558 信息 [main] org.apache.catalina.startup.VersionLoggerListener.log CATALINA_BASE:         E:\Server\apache-tomcat-8.5.20
12-Mar-2020 23:21:56.558 信息 [main] org.apache.catalina.startup.VersionLoggerListener.log CATALINA_HOME:         E:\Server\apache-tomcat-8.5.20
12-Mar-2020 23:21:56.558 信息 [main] org.apache.catalina.startup.VersionLoggerListener.log Command line argument: -Dcatalina.home=E:\Server\apache-tomcat-8.5.20
12-Mar-2020 23:21:56.558 信息 [main] org.apache.catalina.startup.VersionLoggerListener.log Command line argument: -Dcatalina.base=E:\Server\apache-tomcat-8.5.20
12-Mar-2020 23:21:56.558 信息 [main] org.apache.catalina.startup.VersionLoggerListener.log Command line argument: -Djava.io.tmpdir=E:\Server\apache-tomcat-8.5.20\temp
12-Mar-2020 23:21:56.558 信息 [main] org.apache.catalina.startup.VersionLoggerListener.log Command line argument: -Djava.util.logging.manager=org.apache.juli.ClassLoaderLogManager
12-Mar-2020 23:21:56.559 信息 [main] org.apache.catalina.startup.VersionLoggerListener.log Command line argument: -Djava.util.logging.config.file=E:\Server\apache-tomcat-8.5.20\conf\logging.properties
12-Mar-2020 23:21:56.559 信息 [main] org.apache.catalina.startup.VersionLoggerListener.log Command line argument: exit
12-Mar-2020 23:21:56.559 信息 [main] org.apache.catalina.startup.VersionLoggerListener.log Command line argument: -Xms128m
12-Mar-2020 23:21:56.559 信息 [main] org.apache.catalina.startup.VersionLoggerListener.log Command line argument: -Xmx256m
12-Mar-2020 23:21:56.559 信息 [main] org.apache.catalina.core.AprLifecycleListener.lifecycleEvent Loaded APR based Apache Tomcat Native library [1.2.12] using APR version [1.5.2].
12-Mar-2020 23:21:56.559 信息 [main] org.apache.catalina.core.AprLifecycleListener.lifecycleEvent APR capabilities: IPv6 [true], sendfile [true], accept filters [false], random [true].
12-Mar-2020 23:21:56.559 信息 [main] org.apache.catalina.core.AprLifecycleListener.lifecycleEvent APR/OpenSSL configuration: useAprConnector [false], useOpenSSL [true]
12-Mar-2020 23:21:57.161 信息 [main] org.apache.catalina.core.AprLifecycleListener.initializeSSL OpenSSL successfully initialized [OpenSSL 1.0.2k  26 Jan 2017]
12-Mar-2020 23:21:57.315 信息 [main] org.apache.coyote.AbstractProtocol.init Initializing ProtocolHandler ["http-nio-80"]
12-Mar-2020 23:21:57.523 信息 [main] org.apache.tomcat.util.net.NioSelectorPool.getSharedSelector Using a shared selector for servlet write/read
12-Mar-2020 23:21:57.526 信息 [main] org.apache.coyote.AbstractProtocol.init Initializing ProtocolHandler ["ajp-nio-8009"]
12-Mar-2020 23:21:57.528 信息 [main] org.apache.tomcat.util.net.NioSelectorPool.getSharedSelector Using a shared selector for servlet write/read
12-Mar-2020 23:21:57.528 信息 [main] org.apache.catalina.startup.Catalina.load Initialization processed in 1415 ms
12-Mar-2020 23:21:57.558 信息 [main] org.apache.catalina.core.StandardService.startInternal Starting service [Catalina]
12-Mar-2020 23:21:57.558 信息 [main] org.apache.catalina.core.StandardEngine.startInternal Starting Servlet Engine: Apache Tomcat/8.5.20
12-Mar-2020 23:21:58.436 信息 [localhost-startStop-1] org.apache.jasper.servlet.TldScanner.scanJars At least one JAR was scanned for TLDs yet contained no TLDs. Enable debug logging for this logger for a complete list of JARs that were scanned but no TLDs were found in them. Skipping unneeded JARs during scanning can improve startup time and JSP compilation time.
12-Mar-2020 23:21:58.518 信息 [localhost-startStop-1] org.apache.catalina.startup.HostConfig.deployDirectory Deploying web application directory [E:\Server\apache-tomcat-8.5.20\webapps\examSystem]
12-Mar-2020 23:21:58.553 信息 [localhost-startStop-1] org.apache.catalina.startup.HostConfig.deployDirectory Deployment of web application directory [E:\Server\apache-tomcat-8.5.20\webapps\examSystem] has finished in [34] ms
12-Mar-2020 23:21:58.556 信息 [main] org.apache.coyote.AbstractProtocol.start Starting ProtocolHandler ["http-nio-80"]
12-Mar-2020 23:21:58.569 信息 [main] org.apache.coyote.AbstractProtocol.start Starting ProtocolHandler ["ajp-nio-8009"]
12-Mar-2020 23:21:58.573 信息 [main] org.apache.catalina.startup.Catalina.start Server startup in 1045 ms
12-Mar-2020 23:22:28.798 信息 [ContainerBackgroundProcessor[StandardEngine[Catalina]]] org.apache.catalina.core.StandardContext.reload Reloading Context with name [] has started
12-Mar-2020 23:22:28.806 警告 [ContainerBackgroundProcessor[StandardEngine[Catalina]]] org.apache.catalina.loader.WebappClassLoaderBase.clearReferencesJdbc The web application [ROOT] registered the JDBC driver [com.mysql.jdbc.Driver] but failed to unregister it when the web application was stopped. To prevent a memory leak, the JDBC Driver has been forcibly unregistered.
12-Mar-2020 23:22:29.062 信息 [ContainerBackgroundProcessor[StandardEngine[Catalina]]] org.apache.catalina.core.StandardContext.reload Reloading Context with name [] is completed
12-Mar-2020 23:22:39.107 信息 [ContainerBackgroundProcessor[StandardEngine[Catalina]]] org.apache.catalina.core.StandardContext.reload Reloading Context with name [] has started
12-Mar-2020 23:22:39.111 警告 [ContainerBackgroundProcessor[StandardEngine[Catalina]]] org.apache.catalina.loader.WebappClassLoaderBase.clearReferencesJdbc The web application [ROOT] registered the JDBC driver [com.mysql.jdbc.Driver] but failed to unregister it when the web application was stopped. To prevent a memory leak, the JDBC Driver has been forcibly unregistered.
12-Mar-2020 23:22:39.314 信息 [ContainerBackgroundProcessor[StandardEngine[Catalina]]] org.apache.catalina.core.StandardContext.reload Reloading Context with name [] is completed
12-Mar-2020 23:22:49.404 信息 [ContainerBackgroundProcessor[StandardEngine[Catalina]]] org.apache.catalina.core.StandardContext.reload Reloading Context with name [] has started
12-Mar-2020 23:22:49.579 信息 [ContainerBackgroundProcessor[StandardEngine[Catalina]]] org.apache.catalina.core.StandardContext.reload Reloading Context with name [] is completed
12-Mar-2020 23:23:19.652 信息 [ContainerBackgroundProcessor[StandardEngine[Catalina]]] org.apache.catalina.core.StandardContext.reload Reloading Context with name [] has started
12-Mar-2020 23:23:20.162 警告 [ContainerBackgroundProcessor[StandardEngine[Catalina]]] org.apache.catalina.loader.WebappClassLoaderBase.clearReferencesJdbc The web application [ROOT] registered the JDBC driver [com.mysql.jdbc.Driver] but failed to unregister it when the web application was stopped. To prevent a memory leak, the JDBC Driver has been forcibly unregistered.
12-Mar-2020 23:23:20.403 信息 [ContainerBackgroundProcessor[StandardEngine[Catalina]]] org.apache.catalina.core.StandardContext.reload Reloading Context with name [] is completed
12-Mar-2020 23:24:40.835 信息 [ContainerBackgroundProcessor[StandardEngine[Catalina]]] org.apache.catalina.core.StandardContext.reload Reloading Context with name [] has started
12-Mar-2020 23:24:40.837 警告 [ContainerBackgroundProcessor[StandardEngine[Catalina]]] org.apache.catalina.loader.WebappClassLoaderBase.clearReferencesJdbc The web application [ROOT] registered the JDBC driver [com.mysql.jdbc.Driver] but failed to unregister it when the web application was stopped. To prevent a memory leak, the JDBC Driver has been forcibly unregistered.
12-Mar-2020 23:24:41.118 信息 [ContainerBackgroundProcessor[StandardEngine[Catalina]]] org.apache.catalina.core.StandardContext.reload Reloading Context with name [] is completed
12-Mar-2020 23:25:51.597 信息 [ContainerBackgroundProcessor[StandardEngine[Catalina]]] org.apache.catalina.core.StandardContext.reload Reloading Context with name [] has started
12-Mar-2020 23:25:51.600 警告 [ContainerBackgroundProcessor[StandardEngine[Catalina]]] org.apache.catalina.loader.WebappClassLoaderBase.clearReferencesJdbc The web application [ROOT] registered the JDBC driver [com.mysql.jdbc.Driver] but failed to unregister it when the web application was stopped. To prevent a memory leak, the JDBC Driver has been forcibly unregistered.
12-Mar-2020 23:25:51.827 信息 [ContainerBackgroundProcessor[StandardEngine[Catalina]]] org.apache.catalina.core.StandardContext.reload Reloading Context with name [] is completed
12-Mar-2020 23:28:32.183 信息 [ContainerBackgroundProcessor[StandardEngine[Catalina]]] org.apache.catalina.core.StandardContext.reload Reloading Context with name [] has started
12-Mar-2020 23:28:32.378 信息 [ContainerBackgroundProcessor[StandardEngine[Catalina]]] org.apache.catalina.core.StandardContext.reload Reloading Context with name [] is completed
12-Mar-2020 23:28:52.478 信息 [ContainerBackgroundProcessor[StandardEngine[Catalina]]] org.apache.catalina.core.StandardContext.reload Reloading Context with name [] has started
12-Mar-2020 23:28:52.480 警告 [ContainerBackgroundProcessor[StandardEngine[Catalina]]] org.apache.catalina.loader.WebappClassLoaderBase.clearReferencesJdbc The web application [ROOT] registered the JDBC driver [com.mysql.jdbc.Driver] but failed to unregister it when the web application was stopped. To prevent a memory leak, the JDBC Driver has been forcibly unregistered.
12-Mar-2020 23:28:52.655 信息 [ContainerBackgroundProcessor[StandardEngine[Catalina]]] org.apache.catalina.core.StandardContext.reload Reloading Context with name [] is completed
12-Mar-2020 23:29:02.710 信息 [ContainerBackgroundProcessor[StandardEngine[Catalina]]] org.apache.catalina.core.StandardContext.reload Reloading Context with name [] has started
12-Mar-2020 23:29:02.940 信息 [ContainerBackgroundProcessor[StandardEngine[Catalina]]] org.apache.catalina.core.StandardContext.reload Reloading Context with name [] is completed
12-Mar-2020 23:29:54.041 信息 [Thread-6] org.apache.coyote.AbstractProtocol.pause Pausing ProtocolHandler ["http-nio-80"]
12-Mar-2020 23:29:54.179 信息 [Thread-6] org.apache.coyote.AbstractProtocol.pause Pausing ProtocolHandler ["ajp-nio-8009"]
12-Mar-2020 23:29:54.322 信息 [Thread-6] org.apache.catalina.core.StandardService.stopInternal Stopping service [Catalina]
12-Mar-2020 23:29:54.328 警告 [localhost-startStop-2] org.apache.catalina.loader.WebappClassLoaderBase.clearReferencesJdbc The web application [ROOT] registered the JDBC driver [com.mysql.jdbc.Driver] but failed to unregister it when the web application was stopped. To prevent a memory leak, the JDBC Driver has been forcibly unregistered.
12-Mar-2020 23:29:54.330 信息 [Thread-6] org.apache.coyote.AbstractProtocol.stop Stopping ProtocolHandler ["http-nio-80"]
12-Mar-2020 23:29:54.332 信息 [Thread-6] org.apache.coyote.AbstractProtocol.stop Stopping ProtocolHandler ["ajp-nio-8009"]
