18-Mar-2020 00:34:46.731 信息 [Thread-6] org.apache.coyote.AbstractProtocol.pause Pausing ProtocolHandler ["http-nio-80"]
18-Mar-2020 00:34:46.872 信息 [Thread-6] org.apache.coyote.AbstractProtocol.pause Pausing ProtocolHandler ["ajp-nio-8009"]
18-Mar-2020 00:34:47.012 信息 [Thread-6] org.apache.catalina.core.StandardService.stopInternal Stopping service [Catalina]
18-Mar-2020 00:34:47.012 警告 [localhost-startStop-2] org.apache.catalina.loader.WebappClassLoaderBase.clearReferencesJdbc The web application [ROOT] registered the JDBC driver [com.mysql.jdbc.Driver] but failed to unregister it when the web application was stopped. To prevent a memory leak, the JDBC Driver has been forcibly unregistered.
18-Mar-2020 00:34:47.012 信息 [Thread-6] org.apache.coyote.AbstractProtocol.stop Stopping ProtocolHandler ["http-nio-80"]
18-Mar-2020 00:34:47.012 信息 [Thread-6] org.apache.coyote.AbstractProtocol.stop Stopping ProtocolHandler ["ajp-nio-8009"]
18-Mar-2020 10:13:08.202 信息 [main] org.apache.catalina.startup.VersionLoggerListener.log Server version:        Apache Tomcat/8.5.20
18-Mar-2020 10:13:08.208 信息 [main] org.apache.catalina.startup.VersionLoggerListener.log Server built:          Aug 2 2017 21:35:49 UTC
18-Mar-2020 10:13:08.208 信息 [main] org.apache.catalina.startup.VersionLoggerListener.log Server number:         8.5.20.0
18-Mar-2020 10:13:08.209 信息 [main] org.apache.catalina.startup.VersionLoggerListener.log OS Name:               Windows 10
18-Mar-2020 10:13:08.209 信息 [main] org.apache.catalina.startup.VersionLoggerListener.log OS Version:            10.0
18-Mar-2020 10:13:08.209 信息 [main] org.apache.catalina.startup.VersionLoggerListener.log Architecture:          amd64
18-Mar-2020 10:13:08.209 信息 [main] org.apache.catalina.startup.VersionLoggerListener.log Java Home:             E:\UserProgram\JAVA\jre
18-Mar-2020 10:13:08.209 信息 [main] org.apache.catalina.startup.VersionLoggerListener.log JVM Version:           1.8.0_161-b12
18-Mar-2020 10:13:08.209 信息 [main] org.apache.catalina.startup.VersionLoggerListener.log JVM Vendor:            Oracle Corporation
18-Mar-2020 10:13:08.213 信息 [main] org.apache.catalina.startup.VersionLoggerListener.log CATALINA_BASE:         E:\Server\apache-tomcat-8.5.20
18-Mar-2020 10:13:08.213 信息 [main] org.apache.catalina.startup.VersionLoggerListener.log CATALINA_HOME:         E:\Server\apache-tomcat-8.5.20
18-Mar-2020 10:13:08.214 信息 [main] org.apache.catalina.startup.VersionLoggerListener.log Command line argument: -Dcatalina.home=E:\Server\apache-tomcat-8.5.20
18-Mar-2020 10:13:08.215 信息 [main] org.apache.catalina.startup.VersionLoggerListener.log Command line argument: -Dcatalina.base=E:\Server\apache-tomcat-8.5.20
18-Mar-2020 10:13:08.215 信息 [main] org.apache.catalina.startup.VersionLoggerListener.log Command line argument: -Djava.io.tmpdir=E:\Server\apache-tomcat-8.5.20\temp
18-Mar-2020 10:13:08.215 信息 [main] org.apache.catalina.startup.VersionLoggerListener.log Command line argument: -Djava.util.logging.manager=org.apache.juli.ClassLoaderLogManager
18-Mar-2020 10:13:08.215 信息 [main] org.apache.catalina.startup.VersionLoggerListener.log Command line argument: -Djava.util.logging.config.file=E:\Server\apache-tomcat-8.5.20\conf\logging.properties
18-Mar-2020 10:13:08.215 信息 [main] org.apache.catalina.startup.VersionLoggerListener.log Command line argument: exit
18-Mar-2020 10:13:08.216 信息 [main] org.apache.catalina.startup.VersionLoggerListener.log Command line argument: -Xms128m
18-Mar-2020 10:13:08.216 信息 [main] org.apache.catalina.startup.VersionLoggerListener.log Command line argument: -Xmx256m
18-Mar-2020 10:13:08.216 信息 [main] org.apache.catalina.core.AprLifecycleListener.lifecycleEvent Loaded APR based Apache Tomcat Native library [1.2.12] using APR version [1.5.2].
18-Mar-2020 10:13:08.216 信息 [main] org.apache.catalina.core.AprLifecycleListener.lifecycleEvent APR capabilities: IPv6 [true], sendfile [true], accept filters [false], random [true].
18-Mar-2020 10:13:08.216 信息 [main] org.apache.catalina.core.AprLifecycleListener.lifecycleEvent APR/OpenSSL configuration: useAprConnector [false], useOpenSSL [true]
18-Mar-2020 10:13:09.126 信息 [main] org.apache.catalina.core.AprLifecycleListener.initializeSSL OpenSSL successfully initialized [OpenSSL 1.0.2k  26 Jan 2017]
18-Mar-2020 10:13:09.351 信息 [main] org.apache.coyote.AbstractProtocol.init Initializing ProtocolHandler ["http-nio-80"]
18-Mar-2020 10:13:09.772 信息 [main] org.apache.tomcat.util.net.NioSelectorPool.getSharedSelector Using a shared selector for servlet write/read
18-Mar-2020 10:13:09.779 信息 [main] org.apache.coyote.AbstractProtocol.init Initializing ProtocolHandler ["ajp-nio-8009"]
18-Mar-2020 10:13:09.782 信息 [main] org.apache.tomcat.util.net.NioSelectorPool.getSharedSelector Using a shared selector for servlet write/read
18-Mar-2020 10:13:09.783 信息 [main] org.apache.catalina.startup.Catalina.load Initialization processed in 2415 ms
18-Mar-2020 10:13:09.852 信息 [main] org.apache.catalina.core.StandardService.startInternal Starting service [Catalina]
18-Mar-2020 10:13:09.853 信息 [main] org.apache.catalina.core.StandardEngine.startInternal Starting Servlet Engine: Apache Tomcat/8.5.20
18-Mar-2020 10:13:11.014 信息 [localhost-startStop-1] org.apache.jasper.servlet.TldScanner.scanJars At least one JAR was scanned for TLDs yet contained no TLDs. Enable debug logging for this logger for a complete list of JARs that were scanned but no TLDs were found in them. Skipping unneeded JARs during scanning can improve startup time and JSP compilation time.
18-Mar-2020 10:13:11.156 信息 [localhost-startStop-1] org.apache.catalina.startup.HostConfig.deployDirectory Deploying web application directory [E:\Server\apache-tomcat-8.5.20\webapps\examSystem]
18-Mar-2020 10:13:11.192 严重 [localhost-startStop-1] org.apache.catalina.core.StandardContext.startInternal One or more Filters failed to start. Full details will be found in the appropriate container log file
18-Mar-2020 10:13:11.193 严重 [localhost-startStop-1] org.apache.catalina.core.StandardContext.startInternal Context [/examSystem] startup failed due to previous errors
18-Mar-2020 10:13:11.205 信息 [localhost-startStop-1] org.apache.catalina.startup.HostConfig.deployDirectory Deployment of web application directory [E:\Server\apache-tomcat-8.5.20\webapps\examSystem] has finished in [49] ms
18-Mar-2020 10:13:11.210 信息 [main] org.apache.coyote.AbstractProtocol.start Starting ProtocolHandler ["http-nio-80"]
18-Mar-2020 10:13:11.223 信息 [main] org.apache.coyote.AbstractProtocol.start Starting ProtocolHandler ["ajp-nio-8009"]
18-Mar-2020 10:13:11.227 信息 [main] org.apache.catalina.startup.Catalina.start Server startup in 1444 ms
18-Mar-2020 22:24:01.048 信息 [Thread-6] org.apache.coyote.AbstractProtocol.pause Pausing ProtocolHandler ["http-nio-80"]
18-Mar-2020 22:24:01.221 信息 [Thread-6] org.apache.coyote.AbstractProtocol.pause Pausing ProtocolHandler ["ajp-nio-8009"]
18-Mar-2020 22:24:01.361 信息 [Thread-6] org.apache.catalina.core.StandardService.stopInternal Stopping service [Catalina]
18-Mar-2020 22:24:01.455 警告 [localhost-startStop-2] org.apache.catalina.loader.WebappClassLoaderBase.clearReferencesJdbc The web application [ROOT] registered the JDBC driver [com.mysql.jdbc.Driver] but failed to unregister it when the web application was stopped. To prevent a memory leak, the JDBC Driver has been forcibly unregistered.
18-Mar-2020 22:24:01.455 信息 [Thread-6] org.apache.coyote.AbstractProtocol.stop Stopping ProtocolHandler ["http-nio-80"]
18-Mar-2020 22:24:01.455 信息 [Thread-6] org.apache.coyote.AbstractProtocol.stop Stopping ProtocolHandler ["ajp-nio-8009"]
