03-May-2020 17:42:43.479 信息 [main] org.apache.catalina.startup.VersionLoggerListener.log Server version:        Apache Tomcat/8.5.20
03-May-2020 17:42:43.483 信息 [main] org.apache.catalina.startup.VersionLoggerListener.log Server built:          Aug 2 2017 21:35:49 UTC
03-May-2020 17:42:43.483 信息 [main] org.apache.catalina.startup.VersionLoggerListener.log Server number:         8.5.20.0
03-May-2020 17:42:43.483 信息 [main] org.apache.catalina.startup.VersionLoggerListener.log OS Name:               Windows 10
03-May-2020 17:42:43.483 信息 [main] org.apache.catalina.startup.VersionLoggerListener.log OS Version:            10.0
03-May-2020 17:42:43.483 信息 [main] org.apache.catalina.startup.VersionLoggerListener.log Architecture:          amd64
03-May-2020 17:42:43.483 信息 [main] org.apache.catalina.startup.VersionLoggerListener.log Java Home:             E:\UserProgram\JAVA\jre
03-May-2020 17:42:43.483 信息 [main] org.apache.catalina.startup.VersionLoggerListener.log JVM Version:           1.8.0_161-b12
03-May-2020 17:42:43.483 信息 [main] org.apache.catalina.startup.VersionLoggerListener.log JVM Vendor:            Oracle Corporation
03-May-2020 17:42:43.483 信息 [main] org.apache.catalina.startup.VersionLoggerListener.log CATALINA_BASE:         E:\Server\apache-tomcat-8.5.20
03-May-2020 17:42:43.483 信息 [main] org.apache.catalina.startup.VersionLoggerListener.log CATALINA_HOME:         E:\Server\apache-tomcat-8.5.20
03-May-2020 17:42:43.484 信息 [main] org.apache.catalina.startup.VersionLoggerListener.log Command line argument: -Dcatalina.home=E:\Server\apache-tomcat-8.5.20
03-May-2020 17:42:43.484 信息 [main] org.apache.catalina.startup.VersionLoggerListener.log Command line argument: -Dcatalina.base=E:\Server\apache-tomcat-8.5.20
03-May-2020 17:42:43.484 信息 [main] org.apache.catalina.startup.VersionLoggerListener.log Command line argument: -Djava.io.tmpdir=E:\Server\apache-tomcat-8.5.20\temp
03-May-2020 17:42:43.484 信息 [main] org.apache.catalina.startup.VersionLoggerListener.log Command line argument: -Djava.util.logging.manager=org.apache.juli.ClassLoaderLogManager
03-May-2020 17:42:43.484 信息 [main] org.apache.catalina.startup.VersionLoggerListener.log Command line argument: -Djava.util.logging.config.file=E:\Server\apache-tomcat-8.5.20\conf\logging.properties
03-May-2020 17:42:43.484 信息 [main] org.apache.catalina.startup.VersionLoggerListener.log Command line argument: exit
03-May-2020 17:42:43.484 信息 [main] org.apache.catalina.startup.VersionLoggerListener.log Command line argument: -Xms128m
03-May-2020 17:42:43.485 信息 [main] org.apache.catalina.startup.VersionLoggerListener.log Command line argument: -Xmx256m
03-May-2020 17:42:43.485 信息 [main] org.apache.catalina.core.AprLifecycleListener.lifecycleEvent Loaded APR based Apache Tomcat Native library [1.2.12] using APR version [1.5.2].
03-May-2020 17:42:43.485 信息 [main] org.apache.catalina.core.AprLifecycleListener.lifecycleEvent APR capabilities: IPv6 [true], sendfile [true], accept filters [false], random [true].
03-May-2020 17:42:43.485 信息 [main] org.apache.catalina.core.AprLifecycleListener.lifecycleEvent APR/OpenSSL configuration: useAprConnector [false], useOpenSSL [true]
03-May-2020 17:42:43.979 信息 [main] org.apache.catalina.core.AprLifecycleListener.initializeSSL OpenSSL successfully initialized [OpenSSL 1.0.2k  26 Jan 2017]
03-May-2020 17:42:44.097 信息 [main] org.apache.coyote.AbstractProtocol.init Initializing ProtocolHandler ["http-nio-80"]
03-May-2020 17:42:44.329 信息 [main] org.apache.tomcat.util.net.NioSelectorPool.getSharedSelector Using a shared selector for servlet write/read
03-May-2020 17:42:44.332 信息 [main] org.apache.coyote.AbstractProtocol.init Initializing ProtocolHandler ["ajp-nio-8009"]
03-May-2020 17:42:44.334 信息 [main] org.apache.tomcat.util.net.NioSelectorPool.getSharedSelector Using a shared selector for servlet write/read
03-May-2020 17:42:44.334 信息 [main] org.apache.catalina.startup.Catalina.load Initialization processed in 1242 ms
03-May-2020 17:42:44.353 信息 [main] org.apache.catalina.core.StandardService.startInternal Starting service [Catalina]
03-May-2020 17:42:44.354 信息 [main] org.apache.catalina.core.StandardEngine.startInternal Starting Servlet Engine: Apache Tomcat/8.5.20
03-May-2020 17:42:44.915 信息 [localhost-startStop-1] org.apache.jasper.servlet.TldScanner.scanJars At least one JAR was scanned for TLDs yet contained no TLDs. Enable debug logging for this logger for a complete list of JARs that were scanned but no TLDs were found in them. Skipping unneeded JARs during scanning can improve startup time and JSP compilation time.
03-May-2020 17:42:45.009 信息 [localhost-startStop-1] org.apache.catalina.startup.HostConfig.deployDirectory Deploying web application directory [E:\Server\apache-tomcat-8.5.20\webapps\ExamSystem]
03-May-2020 17:42:45.053 严重 [localhost-startStop-1] org.apache.catalina.core.StandardContext.startInternal One or more Filters failed to start. Full details will be found in the appropriate container log file
03-May-2020 17:42:45.053 严重 [localhost-startStop-1] org.apache.catalina.core.StandardContext.startInternal Context [/ExamSystem] startup failed due to previous errors
03-May-2020 17:42:45.060 信息 [localhost-startStop-1] org.apache.catalina.startup.HostConfig.deployDirectory Deployment of web application directory [E:\Server\apache-tomcat-8.5.20\webapps\ExamSystem] has finished in [51] ms
03-May-2020 17:42:45.060 信息 [localhost-startStop-1] org.apache.catalina.startup.HostConfig.deployDirectory Deploying web application directory [E:\Server\apache-tomcat-8.5.20\webapps\HomeOfMovie]
03-May-2020 17:42:45.085 严重 [localhost-startStop-1] org.apache.catalina.core.StandardContext.startInternal One or more Filters failed to start. Full details will be found in the appropriate container log file
03-May-2020 17:42:45.085 严重 [localhost-startStop-1] org.apache.catalina.core.StandardContext.startInternal Context [/HomeOfMovie] startup failed due to previous errors
03-May-2020 17:42:45.089 信息 [localhost-startStop-1] org.apache.catalina.startup.HostConfig.deployDirectory Deployment of web application directory [E:\Server\apache-tomcat-8.5.20\webapps\HomeOfMovie] has finished in [29] ms
03-May-2020 17:42:45.091 信息 [main] org.apache.coyote.AbstractProtocol.start Starting ProtocolHandler ["http-nio-80"]
03-May-2020 17:42:45.098 信息 [main] org.apache.coyote.AbstractProtocol.start Starting ProtocolHandler ["ajp-nio-8009"]
03-May-2020 17:42:45.100 信息 [main] org.apache.catalina.startup.Catalina.start Server startup in 766 ms
