11-Mar-2020 11:30:37.443 信息 [main] org.apache.catalina.startup.VersionLoggerListener.log Server version:        Apache Tomcat/8.5.20
11-Mar-2020 11:30:37.447 信息 [main] org.apache.catalina.startup.VersionLoggerListener.log Server built:          Aug 2 2017 21:35:49 UTC
11-Mar-2020 11:30:37.447 信息 [main] org.apache.catalina.startup.VersionLoggerListener.log Server number:         8.5.20.0
11-Mar-2020 11:30:37.448 信息 [main] org.apache.catalina.startup.VersionLoggerListener.log OS Name:               Windows 10
11-Mar-2020 11:30:37.448 信息 [main] org.apache.catalina.startup.VersionLoggerListener.log OS Version:            10.0
11-Mar-2020 11:30:37.448 信息 [main] org.apache.catalina.startup.VersionLoggerListener.log Architecture:          amd64
11-Mar-2020 11:30:37.448 信息 [main] org.apache.catalina.startup.VersionLoggerListener.log Java Home:             E:\UserProgram\JAVA\jre
11-Mar-2020 11:30:37.448 信息 [main] org.apache.catalina.startup.VersionLoggerListener.log JVM Version:           1.8.0_161-b12
11-Mar-2020 11:30:37.448 信息 [main] org.apache.catalina.startup.VersionLoggerListener.log JVM Vendor:            Oracle Corporation
11-Mar-2020 11:30:37.448 信息 [main] org.apache.catalina.startup.VersionLoggerListener.log CATALINA_BASE:         E:\Server\apache-tomcat-8.5.20
11-Mar-2020 11:30:37.448 信息 [main] org.apache.catalina.startup.VersionLoggerListener.log CATALINA_HOME:         E:\Server\apache-tomcat-8.5.20
11-Mar-2020 11:30:37.449 信息 [main] org.apache.catalina.startup.VersionLoggerListener.log Command line argument: -Dcatalina.home=E:\Server\apache-tomcat-8.5.20
11-Mar-2020 11:30:37.449 信息 [main] org.apache.catalina.startup.VersionLoggerListener.log Command line argument: -Dcatalina.base=E:\Server\apache-tomcat-8.5.20
11-Mar-2020 11:30:37.449 信息 [main] org.apache.catalina.startup.VersionLoggerListener.log Command line argument: -Djava.io.tmpdir=E:\Server\apache-tomcat-8.5.20\temp
11-Mar-2020 11:30:37.449 信息 [main] org.apache.catalina.startup.VersionLoggerListener.log Command line argument: -Djava.util.logging.manager=org.apache.juli.ClassLoaderLogManager
11-Mar-2020 11:30:37.449 信息 [main] org.apache.catalina.startup.VersionLoggerListener.log Command line argument: -Djava.util.logging.config.file=E:\Server\apache-tomcat-8.5.20\conf\logging.properties
11-Mar-2020 11:30:37.449 信息 [main] org.apache.catalina.startup.VersionLoggerListener.log Command line argument: exit
11-Mar-2020 11:30:37.451 信息 [main] org.apache.catalina.startup.VersionLoggerListener.log Command line argument: -Xms128m
11-Mar-2020 11:30:37.451 信息 [main] org.apache.catalina.startup.VersionLoggerListener.log Command line argument: -Xmx256m
11-Mar-2020 11:30:37.451 信息 [main] org.apache.catalina.core.AprLifecycleListener.lifecycleEvent Loaded APR based Apache Tomcat Native library [1.2.12] using APR version [1.5.2].
11-Mar-2020 11:30:37.451 信息 [main] org.apache.catalina.core.AprLifecycleListener.lifecycleEvent APR capabilities: IPv6 [true], sendfile [true], accept filters [false], random [true].
11-Mar-2020 11:30:37.451 信息 [main] org.apache.catalina.core.AprLifecycleListener.lifecycleEvent APR/OpenSSL configuration: useAprConnector [false], useOpenSSL [true]
11-Mar-2020 11:30:38.116 信息 [main] org.apache.catalina.core.AprLifecycleListener.initializeSSL OpenSSL successfully initialized [OpenSSL 1.0.2k  26 Jan 2017]
11-Mar-2020 11:30:38.276 信息 [main] org.apache.coyote.AbstractProtocol.init Initializing ProtocolHandler ["http-nio-80"]
11-Mar-2020 11:30:38.529 信息 [main] org.apache.tomcat.util.net.NioSelectorPool.getSharedSelector Using a shared selector for servlet write/read
11-Mar-2020 11:30:38.531 信息 [main] org.apache.coyote.AbstractProtocol.init Initializing ProtocolHandler ["ajp-nio-8009"]
11-Mar-2020 11:30:38.533 信息 [main] org.apache.tomcat.util.net.NioSelectorPool.getSharedSelector Using a shared selector for servlet write/read
11-Mar-2020 11:30:38.534 信息 [main] org.apache.catalina.startup.Catalina.load Initialization processed in 1621 ms
11-Mar-2020 11:30:38.564 信息 [main] org.apache.catalina.core.StandardService.startInternal Starting service [Catalina]
11-Mar-2020 11:30:38.564 信息 [main] org.apache.catalina.core.StandardEngine.startInternal Starting Servlet Engine: Apache Tomcat/8.5.20
11-Mar-2020 11:30:39.248 信息 [localhost-startStop-1] org.apache.jasper.servlet.TldScanner.scanJars At least one JAR was scanned for TLDs yet contained no TLDs. Enable debug logging for this logger for a complete list of JARs that were scanned but no TLDs were found in them. Skipping unneeded JARs during scanning can improve startup time and JSP compilation time.
11-Mar-2020 11:30:39.301 信息 [localhost-startStop-1] org.apache.catalina.startup.HostConfig.deployDirectory Deploying web application directory [E:\Server\apache-tomcat-8.5.20\webapps\examSystem]
11-Mar-2020 11:30:39.321 信息 [localhost-startStop-1] org.apache.catalina.startup.HostConfig.deployDirectory Deployment of web application directory [E:\Server\apache-tomcat-8.5.20\webapps\examSystem] has finished in [20] ms
11-Mar-2020 11:30:39.323 信息 [main] org.apache.coyote.AbstractProtocol.start Starting ProtocolHandler ["http-nio-80"]
11-Mar-2020 11:30:39.330 信息 [main] org.apache.coyote.AbstractProtocol.start Starting ProtocolHandler ["ajp-nio-8009"]
11-Mar-2020 11:30:39.332 信息 [main] org.apache.catalina.startup.Catalina.start Server startup in 798 ms
11-Mar-2020 12:20:33.312 信息 [Thread-6] org.apache.coyote.AbstractProtocol.pause Pausing ProtocolHandler ["http-nio-80"]
11-Mar-2020 12:20:33.524 信息 [Thread-6] org.apache.coyote.AbstractProtocol.pause Pausing ProtocolHandler ["ajp-nio-8009"]
11-Mar-2020 12:20:33.654 信息 [Thread-6] org.apache.catalina.core.StandardService.stopInternal Stopping service [Catalina]
11-Mar-2020 12:20:33.853 信息 [Thread-6] org.apache.coyote.AbstractProtocol.stop Stopping ProtocolHandler ["http-nio-80"]
11-Mar-2020 12:20:33.856 信息 [Thread-6] org.apache.coyote.AbstractProtocol.stop Stopping ProtocolHandler ["ajp-nio-8009"]
11-Mar-2020 12:20:37.711 信息 [main] org.apache.catalina.startup.VersionLoggerListener.log Server version:        Apache Tomcat/8.5.20
11-Mar-2020 12:20:37.714 信息 [main] org.apache.catalina.startup.VersionLoggerListener.log Server built:          Aug 2 2017 21:35:49 UTC
11-Mar-2020 12:20:37.714 信息 [main] org.apache.catalina.startup.VersionLoggerListener.log Server number:         8.5.20.0
11-Mar-2020 12:20:37.714 信息 [main] org.apache.catalina.startup.VersionLoggerListener.log OS Name:               Windows 10
11-Mar-2020 12:20:37.714 信息 [main] org.apache.catalina.startup.VersionLoggerListener.log OS Version:            10.0
11-Mar-2020 12:20:37.714 信息 [main] org.apache.catalina.startup.VersionLoggerListener.log Architecture:          amd64
11-Mar-2020 12:20:37.714 信息 [main] org.apache.catalina.startup.VersionLoggerListener.log Java Home:             E:\UserProgram\JAVA\jre
11-Mar-2020 12:20:37.714 信息 [main] org.apache.catalina.startup.VersionLoggerListener.log JVM Version:           1.8.0_161-b12
11-Mar-2020 12:20:37.714 信息 [main] org.apache.catalina.startup.VersionLoggerListener.log JVM Vendor:            Oracle Corporation
11-Mar-2020 12:20:37.717 信息 [main] org.apache.catalina.startup.VersionLoggerListener.log CATALINA_BASE:         E:\Server\apache-tomcat-8.5.20
11-Mar-2020 12:20:37.717 信息 [main] org.apache.catalina.startup.VersionLoggerListener.log CATALINA_HOME:         E:\Server\apache-tomcat-8.5.20
11-Mar-2020 12:20:37.717 信息 [main] org.apache.catalina.startup.VersionLoggerListener.log Command line argument: -Dcatalina.home=E:\Server\apache-tomcat-8.5.20
11-Mar-2020 12:20:37.718 信息 [main] org.apache.catalina.startup.VersionLoggerListener.log Command line argument: -Dcatalina.base=E:\Server\apache-tomcat-8.5.20
11-Mar-2020 12:20:37.718 信息 [main] org.apache.catalina.startup.VersionLoggerListener.log Command line argument: -Djava.io.tmpdir=E:\Server\apache-tomcat-8.5.20\temp
11-Mar-2020 12:20:37.718 信息 [main] org.apache.catalina.startup.VersionLoggerListener.log Command line argument: -Djava.util.logging.manager=org.apache.juli.ClassLoaderLogManager
11-Mar-2020 12:20:37.718 信息 [main] org.apache.catalina.startup.VersionLoggerListener.log Command line argument: -Djava.util.logging.config.file=E:\Server\apache-tomcat-8.5.20\conf\logging.properties
11-Mar-2020 12:20:37.718 信息 [main] org.apache.catalina.startup.VersionLoggerListener.log Command line argument: exit
11-Mar-2020 12:20:37.718 信息 [main] org.apache.catalina.startup.VersionLoggerListener.log Command line argument: -Xms128m
11-Mar-2020 12:20:37.718 信息 [main] org.apache.catalina.startup.VersionLoggerListener.log Command line argument: -Xmx256m
11-Mar-2020 12:20:37.718 信息 [main] org.apache.catalina.core.AprLifecycleListener.lifecycleEvent Loaded APR based Apache Tomcat Native library [1.2.12] using APR version [1.5.2].
11-Mar-2020 12:20:37.718 信息 [main] org.apache.catalina.core.AprLifecycleListener.lifecycleEvent APR capabilities: IPv6 [true], sendfile [true], accept filters [false], random [true].
11-Mar-2020 12:20:37.718 信息 [main] org.apache.catalina.core.AprLifecycleListener.lifecycleEvent APR/OpenSSL configuration: useAprConnector [false], useOpenSSL [true]
11-Mar-2020 12:20:38.315 信息 [main] org.apache.catalina.core.AprLifecycleListener.initializeSSL OpenSSL successfully initialized [OpenSSL 1.0.2k  26 Jan 2017]
11-Mar-2020 12:20:38.528 信息 [main] org.apache.coyote.AbstractProtocol.init Initializing ProtocolHandler ["http-nio-80"]
11-Mar-2020 12:20:38.824 信息 [main] org.apache.tomcat.util.net.NioSelectorPool.getSharedSelector Using a shared selector for servlet write/read
11-Mar-2020 12:20:38.828 信息 [main] org.apache.coyote.AbstractProtocol.init Initializing ProtocolHandler ["ajp-nio-8009"]
11-Mar-2020 12:20:38.830 信息 [main] org.apache.tomcat.util.net.NioSelectorPool.getSharedSelector Using a shared selector for servlet write/read
11-Mar-2020 12:20:38.830 信息 [main] org.apache.catalina.startup.Catalina.load Initialization processed in 1538 ms
11-Mar-2020 12:20:38.860 信息 [main] org.apache.catalina.core.StandardService.startInternal Starting service [Catalina]
11-Mar-2020 12:20:38.860 信息 [main] org.apache.catalina.core.StandardEngine.startInternal Starting Servlet Engine: Apache Tomcat/8.5.20
11-Mar-2020 12:20:39.467 信息 [localhost-startStop-1] org.apache.jasper.servlet.TldScanner.scanJars At least one JAR was scanned for TLDs yet contained no TLDs. Enable debug logging for this logger for a complete list of JARs that were scanned but no TLDs were found in them. Skipping unneeded JARs during scanning can improve startup time and JSP compilation time.
11-Mar-2020 12:20:39.511 信息 [localhost-startStop-1] org.apache.catalina.startup.HostConfig.deployDirectory Deploying web application directory [E:\Server\apache-tomcat-8.5.20\webapps\examSystem]
11-Mar-2020 12:20:39.584 信息 [localhost-startStop-1] org.apache.catalina.startup.HostConfig.deployDirectory Deployment of web application directory [E:\Server\apache-tomcat-8.5.20\webapps\examSystem] has finished in [72] ms
11-Mar-2020 12:20:39.586 信息 [main] org.apache.coyote.AbstractProtocol.start Starting ProtocolHandler ["http-nio-80"]
11-Mar-2020 12:20:39.594 信息 [main] org.apache.coyote.AbstractProtocol.start Starting ProtocolHandler ["ajp-nio-8009"]
11-Mar-2020 12:20:39.596 信息 [main] org.apache.catalina.startup.Catalina.start Server startup in 766 ms
11-Mar-2020 12:22:36.098 信息 [Thread-6] org.apache.coyote.AbstractProtocol.pause Pausing ProtocolHandler ["http-nio-80"]
11-Mar-2020 12:22:36.234 信息 [Thread-6] org.apache.coyote.AbstractProtocol.pause Pausing ProtocolHandler ["ajp-nio-8009"]
11-Mar-2020 12:22:36.370 信息 [Thread-6] org.apache.catalina.core.StandardService.stopInternal Stopping service [Catalina]
11-Mar-2020 12:22:36.383 信息 [Thread-6] org.apache.coyote.AbstractProtocol.stop Stopping ProtocolHandler ["http-nio-80"]
11-Mar-2020 12:22:36.385 信息 [Thread-6] org.apache.coyote.AbstractProtocol.stop Stopping ProtocolHandler ["ajp-nio-8009"]
11-Mar-2020 12:22:38.586 信息 [main] org.apache.catalina.startup.VersionLoggerListener.log Server version:        Apache Tomcat/8.5.20
11-Mar-2020 12:22:38.589 信息 [main] org.apache.catalina.startup.VersionLoggerListener.log Server built:          Aug 2 2017 21:35:49 UTC
11-Mar-2020 12:22:38.589 信息 [main] org.apache.catalina.startup.VersionLoggerListener.log Server number:         8.5.20.0
11-Mar-2020 12:22:38.589 信息 [main] org.apache.catalina.startup.VersionLoggerListener.log OS Name:               Windows 10
11-Mar-2020 12:22:38.589 信息 [main] org.apache.catalina.startup.VersionLoggerListener.log OS Version:            10.0
11-Mar-2020 12:22:38.589 信息 [main] org.apache.catalina.startup.VersionLoggerListener.log Architecture:          amd64
11-Mar-2020 12:22:38.590 信息 [main] org.apache.catalina.startup.VersionLoggerListener.log Java Home:             E:\UserProgram\JAVA\jre
11-Mar-2020 12:22:38.590 信息 [main] org.apache.catalina.startup.VersionLoggerListener.log JVM Version:           1.8.0_161-b12
11-Mar-2020 12:22:38.590 信息 [main] org.apache.catalina.startup.VersionLoggerListener.log JVM Vendor:            Oracle Corporation
11-Mar-2020 12:22:38.590 信息 [main] org.apache.catalina.startup.VersionLoggerListener.log CATALINA_BASE:         E:\Server\apache-tomcat-8.5.20
11-Mar-2020 12:22:38.590 信息 [main] org.apache.catalina.startup.VersionLoggerListener.log CATALINA_HOME:         E:\Server\apache-tomcat-8.5.20
11-Mar-2020 12:22:38.591 信息 [main] org.apache.catalina.startup.VersionLoggerListener.log Command line argument: -Dcatalina.home=E:\Server\apache-tomcat-8.5.20
11-Mar-2020 12:22:38.591 信息 [main] org.apache.catalina.startup.VersionLoggerListener.log Command line argument: -Dcatalina.base=E:\Server\apache-tomcat-8.5.20
11-Mar-2020 12:22:38.591 信息 [main] org.apache.catalina.startup.VersionLoggerListener.log Command line argument: -Djava.io.tmpdir=E:\Server\apache-tomcat-8.5.20\temp
11-Mar-2020 12:22:38.591 信息 [main] org.apache.catalina.startup.VersionLoggerListener.log Command line argument: -Djava.util.logging.manager=org.apache.juli.ClassLoaderLogManager
11-Mar-2020 12:22:38.591 信息 [main] org.apache.catalina.startup.VersionLoggerListener.log Command line argument: -Djava.util.logging.config.file=E:\Server\apache-tomcat-8.5.20\conf\logging.properties
11-Mar-2020 12:22:38.591 信息 [main] org.apache.catalina.startup.VersionLoggerListener.log Command line argument: exit
11-Mar-2020 12:22:38.591 信息 [main] org.apache.catalina.startup.VersionLoggerListener.log Command line argument: -Xms128m
11-Mar-2020 12:22:38.591 信息 [main] org.apache.catalina.startup.VersionLoggerListener.log Command line argument: -Xmx256m
11-Mar-2020 12:22:38.591 信息 [main] org.apache.catalina.core.AprLifecycleListener.lifecycleEvent Loaded APR based Apache Tomcat Native library [1.2.12] using APR version [1.5.2].
11-Mar-2020 12:22:38.591 信息 [main] org.apache.catalina.core.AprLifecycleListener.lifecycleEvent APR capabilities: IPv6 [true], sendfile [true], accept filters [false], random [true].
11-Mar-2020 12:22:38.591 信息 [main] org.apache.catalina.core.AprLifecycleListener.lifecycleEvent APR/OpenSSL configuration: useAprConnector [false], useOpenSSL [true]
11-Mar-2020 12:22:39.161 信息 [main] org.apache.catalina.core.AprLifecycleListener.initializeSSL OpenSSL successfully initialized [OpenSSL 1.0.2k  26 Jan 2017]
11-Mar-2020 12:22:39.293 信息 [main] org.apache.coyote.AbstractProtocol.init Initializing ProtocolHandler ["http-nio-80"]
11-Mar-2020 12:22:39.478 信息 [main] org.apache.tomcat.util.net.NioSelectorPool.getSharedSelector Using a shared selector for servlet write/read
11-Mar-2020 12:22:39.480 信息 [main] org.apache.coyote.AbstractProtocol.init Initializing ProtocolHandler ["ajp-nio-8009"]
11-Mar-2020 12:22:39.482 信息 [main] org.apache.tomcat.util.net.NioSelectorPool.getSharedSelector Using a shared selector for servlet write/read
11-Mar-2020 12:22:39.482 信息 [main] org.apache.catalina.startup.Catalina.load Initialization processed in 1312 ms
11-Mar-2020 12:22:39.509 信息 [main] org.apache.catalina.core.StandardService.startInternal Starting service [Catalina]
11-Mar-2020 12:22:39.509 信息 [main] org.apache.catalina.core.StandardEngine.startInternal Starting Servlet Engine: Apache Tomcat/8.5.20
11-Mar-2020 12:22:40.147 信息 [localhost-startStop-1] org.apache.jasper.servlet.TldScanner.scanJars At least one JAR was scanned for TLDs yet contained no TLDs. Enable debug logging for this logger for a complete list of JARs that were scanned but no TLDs were found in them. Skipping unneeded JARs during scanning can improve startup time and JSP compilation time.
11-Mar-2020 12:22:40.210 信息 [localhost-startStop-1] org.apache.catalina.startup.HostConfig.deployDirectory Deploying web application directory [E:\Server\apache-tomcat-8.5.20\webapps\examSystem]
11-Mar-2020 12:22:40.230 信息 [localhost-startStop-1] org.apache.catalina.startup.HostConfig.deployDirectory Deployment of web application directory [E:\Server\apache-tomcat-8.5.20\webapps\examSystem] has finished in [20] ms
11-Mar-2020 12:22:40.233 信息 [main] org.apache.coyote.AbstractProtocol.start Starting ProtocolHandler ["http-nio-80"]
11-Mar-2020 12:22:40.244 信息 [main] org.apache.coyote.AbstractProtocol.start Starting ProtocolHandler ["ajp-nio-8009"]
11-Mar-2020 12:22:40.247 信息 [main] org.apache.catalina.startup.Catalina.start Server startup in 764 ms
11-Mar-2020 12:40:46.105 信息 [Thread-6] org.apache.coyote.AbstractProtocol.pause Pausing ProtocolHandler ["http-nio-80"]
11-Mar-2020 12:40:46.199 信息 [Thread-6] org.apache.coyote.AbstractProtocol.pause Pausing ProtocolHandler ["ajp-nio-8009"]
11-Mar-2020 12:40:46.337 信息 [Thread-6] org.apache.catalina.core.StandardService.stopInternal Stopping service [Catalina]
11-Mar-2020 12:40:46.350 信息 [Thread-6] org.apache.coyote.AbstractProtocol.stop Stopping ProtocolHandler ["http-nio-80"]
11-Mar-2020 12:40:46.352 信息 [Thread-6] org.apache.coyote.AbstractProtocol.stop Stopping ProtocolHandler ["ajp-nio-8009"]
11-Mar-2020 12:40:48.869 信息 [main] org.apache.catalina.startup.VersionLoggerListener.log Server version:        Apache Tomcat/8.5.20
11-Mar-2020 12:40:48.872 信息 [main] org.apache.catalina.startup.VersionLoggerListener.log Server built:          Aug 2 2017 21:35:49 UTC
11-Mar-2020 12:40:48.872 信息 [main] org.apache.catalina.startup.VersionLoggerListener.log Server number:         8.5.20.0
11-Mar-2020 12:40:48.872 信息 [main] org.apache.catalina.startup.VersionLoggerListener.log OS Name:               Windows 10
11-Mar-2020 12:40:48.872 信息 [main] org.apache.catalina.startup.VersionLoggerListener.log OS Version:            10.0
11-Mar-2020 12:40:48.872 信息 [main] org.apache.catalina.startup.VersionLoggerListener.log Architecture:          amd64
11-Mar-2020 12:40:48.873 信息 [main] org.apache.catalina.startup.VersionLoggerListener.log Java Home:             E:\UserProgram\JAVA\jre
11-Mar-2020 12:40:48.873 信息 [main] org.apache.catalina.startup.VersionLoggerListener.log JVM Version:           1.8.0_161-b12
11-Mar-2020 12:40:48.873 信息 [main] org.apache.catalina.startup.VersionLoggerListener.log JVM Vendor:            Oracle Corporation
11-Mar-2020 12:40:48.873 信息 [main] org.apache.catalina.startup.VersionLoggerListener.log CATALINA_BASE:         E:\Server\apache-tomcat-8.5.20
11-Mar-2020 12:40:48.873 信息 [main] org.apache.catalina.startup.VersionLoggerListener.log CATALINA_HOME:         E:\Server\apache-tomcat-8.5.20
11-Mar-2020 12:40:48.873 信息 [main] org.apache.catalina.startup.VersionLoggerListener.log Command line argument: -Dcatalina.home=E:\Server\apache-tomcat-8.5.20
11-Mar-2020 12:40:48.873 信息 [main] org.apache.catalina.startup.VersionLoggerListener.log Command line argument: -Dcatalina.base=E:\Server\apache-tomcat-8.5.20
11-Mar-2020 12:40:48.874 信息 [main] org.apache.catalina.startup.VersionLoggerListener.log Command line argument: -Djava.io.tmpdir=E:\Server\apache-tomcat-8.5.20\temp
11-Mar-2020 12:40:48.874 信息 [main] org.apache.catalina.startup.VersionLoggerListener.log Command line argument: -Djava.util.logging.manager=org.apache.juli.ClassLoaderLogManager
11-Mar-2020 12:40:48.874 信息 [main] org.apache.catalina.startup.VersionLoggerListener.log Command line argument: -Djava.util.logging.config.file=E:\Server\apache-tomcat-8.5.20\conf\logging.properties
11-Mar-2020 12:40:48.874 信息 [main] org.apache.catalina.startup.VersionLoggerListener.log Command line argument: exit
11-Mar-2020 12:40:48.875 信息 [main] org.apache.catalina.startup.VersionLoggerListener.log Command line argument: -Xms128m
11-Mar-2020 12:40:48.875 信息 [main] org.apache.catalina.startup.VersionLoggerListener.log Command line argument: -Xmx256m
11-Mar-2020 12:40:48.876 信息 [main] org.apache.catalina.core.AprLifecycleListener.lifecycleEvent Loaded APR based Apache Tomcat Native library [1.2.12] using APR version [1.5.2].
11-Mar-2020 12:40:48.876 信息 [main] org.apache.catalina.core.AprLifecycleListener.lifecycleEvent APR capabilities: IPv6 [true], sendfile [true], accept filters [false], random [true].
11-Mar-2020 12:40:48.876 信息 [main] org.apache.catalina.core.AprLifecycleListener.lifecycleEvent APR/OpenSSL configuration: useAprConnector [false], useOpenSSL [true]
11-Mar-2020 12:40:49.519 信息 [main] org.apache.catalina.core.AprLifecycleListener.initializeSSL OpenSSL successfully initialized [OpenSSL 1.0.2k  26 Jan 2017]
11-Mar-2020 12:40:49.674 信息 [main] org.apache.coyote.AbstractProtocol.init Initializing ProtocolHandler ["http-nio-80"]
11-Mar-2020 12:40:49.932 信息 [main] org.apache.tomcat.util.net.NioSelectorPool.getSharedSelector Using a shared selector for servlet write/read
11-Mar-2020 12:40:49.936 信息 [main] org.apache.coyote.AbstractProtocol.init Initializing ProtocolHandler ["ajp-nio-8009"]
11-Mar-2020 12:40:49.938 信息 [main] org.apache.tomcat.util.net.NioSelectorPool.getSharedSelector Using a shared selector for servlet write/read
11-Mar-2020 12:40:49.939 信息 [main] org.apache.catalina.startup.Catalina.load Initialization processed in 1531 ms
11-Mar-2020 12:40:49.974 信息 [main] org.apache.catalina.core.StandardService.startInternal Starting service [Catalina]
11-Mar-2020 12:40:49.974 信息 [main] org.apache.catalina.core.StandardEngine.startInternal Starting Servlet Engine: Apache Tomcat/8.5.20
11-Mar-2020 12:40:50.943 信息 [localhost-startStop-1] org.apache.jasper.servlet.TldScanner.scanJars At least one JAR was scanned for TLDs yet contained no TLDs. Enable debug logging for this logger for a complete list of JARs that were scanned but no TLDs were found in them. Skipping unneeded JARs during scanning can improve startup time and JSP compilation time.
11-Mar-2020 12:40:51.007 信息 [localhost-startStop-1] org.apache.catalina.startup.HostConfig.deployDirectory Deploying web application directory [E:\Server\apache-tomcat-8.5.20\webapps\examSystem]
11-Mar-2020 12:40:51.073 信息 [localhost-startStop-1] org.apache.catalina.startup.HostConfig.deployDirectory Deployment of web application directory [E:\Server\apache-tomcat-8.5.20\webapps\examSystem] has finished in [66] ms
11-Mar-2020 12:40:51.078 信息 [main] org.apache.coyote.AbstractProtocol.start Starting ProtocolHandler ["http-nio-80"]
11-Mar-2020 12:40:51.092 信息 [main] org.apache.coyote.AbstractProtocol.start Starting ProtocolHandler ["ajp-nio-8009"]
11-Mar-2020 12:40:51.096 信息 [main] org.apache.catalina.startup.Catalina.start Server startup in 1157 ms
11-Mar-2020 12:53:31.304 信息 [Thread-6] org.apache.coyote.AbstractProtocol.pause Pausing ProtocolHandler ["http-nio-80"]
11-Mar-2020 12:53:31.439 信息 [Thread-6] org.apache.coyote.AbstractProtocol.pause Pausing ProtocolHandler ["ajp-nio-8009"]
11-Mar-2020 12:53:31.580 信息 [Thread-6] org.apache.catalina.core.StandardService.stopInternal Stopping service [Catalina]
11-Mar-2020 12:53:31.593 信息 [Thread-6] org.apache.coyote.AbstractProtocol.stop Stopping ProtocolHandler ["http-nio-80"]
11-Mar-2020 12:53:31.594 信息 [Thread-6] org.apache.coyote.AbstractProtocol.stop Stopping ProtocolHandler ["ajp-nio-8009"]
11-Mar-2020 12:53:33.875 信息 [main] org.apache.catalina.startup.VersionLoggerListener.log Server version:        Apache Tomcat/8.5.20
11-Mar-2020 12:53:33.879 信息 [main] org.apache.catalina.startup.VersionLoggerListener.log Server built:          Aug 2 2017 21:35:49 UTC
11-Mar-2020 12:53:33.880 信息 [main] org.apache.catalina.startup.VersionLoggerListener.log Server number:         8.5.20.0
11-Mar-2020 12:53:33.880 信息 [main] org.apache.catalina.startup.VersionLoggerListener.log OS Name:               Windows 10
11-Mar-2020 12:53:33.880 信息 [main] org.apache.catalina.startup.VersionLoggerListener.log OS Version:            10.0
11-Mar-2020 12:53:33.880 信息 [main] org.apache.catalina.startup.VersionLoggerListener.log Architecture:          amd64
11-Mar-2020 12:53:33.881 信息 [main] org.apache.catalina.startup.VersionLoggerListener.log Java Home:             E:\UserProgram\JAVA\jre
11-Mar-2020 12:53:33.881 信息 [main] org.apache.catalina.startup.VersionLoggerListener.log JVM Version:           1.8.0_161-b12
11-Mar-2020 12:53:33.881 信息 [main] org.apache.catalina.startup.VersionLoggerListener.log JVM Vendor:            Oracle Corporation
11-Mar-2020 12:53:33.881 信息 [main] org.apache.catalina.startup.VersionLoggerListener.log CATALINA_BASE:         E:\Server\apache-tomcat-8.5.20
11-Mar-2020 12:53:33.881 信息 [main] org.apache.catalina.startup.VersionLoggerListener.log CATALINA_HOME:         E:\Server\apache-tomcat-8.5.20
11-Mar-2020 12:53:33.881 信息 [main] org.apache.catalina.startup.VersionLoggerListener.log Command line argument: -Dcatalina.home=E:\Server\apache-tomcat-8.5.20
11-Mar-2020 12:53:33.882 信息 [main] org.apache.catalina.startup.VersionLoggerListener.log Command line argument: -Dcatalina.base=E:\Server\apache-tomcat-8.5.20
11-Mar-2020 12:53:33.882 信息 [main] org.apache.catalina.startup.VersionLoggerListener.log Command line argument: -Djava.io.tmpdir=E:\Server\apache-tomcat-8.5.20\temp
11-Mar-2020 12:53:33.882 信息 [main] org.apache.catalina.startup.VersionLoggerListener.log Command line argument: -Djava.util.logging.manager=org.apache.juli.ClassLoaderLogManager
11-Mar-2020 12:53:33.882 信息 [main] org.apache.catalina.startup.VersionLoggerListener.log Command line argument: -Djava.util.logging.config.file=E:\Server\apache-tomcat-8.5.20\conf\logging.properties
11-Mar-2020 12:53:33.882 信息 [main] org.apache.catalina.startup.VersionLoggerListener.log Command line argument: exit
11-Mar-2020 12:53:33.882 信息 [main] org.apache.catalina.startup.VersionLoggerListener.log Command line argument: -Xms128m
11-Mar-2020 12:53:33.882 信息 [main] org.apache.catalina.startup.VersionLoggerListener.log Command line argument: -Xmx256m
11-Mar-2020 12:53:33.882 信息 [main] org.apache.catalina.core.AprLifecycleListener.lifecycleEvent Loaded APR based Apache Tomcat Native library [1.2.12] using APR version [1.5.2].
11-Mar-2020 12:53:33.882 信息 [main] org.apache.catalina.core.AprLifecycleListener.lifecycleEvent APR capabilities: IPv6 [true], sendfile [true], accept filters [false], random [true].
11-Mar-2020 12:53:33.882 信息 [main] org.apache.catalina.core.AprLifecycleListener.lifecycleEvent APR/OpenSSL configuration: useAprConnector [false], useOpenSSL [true]
11-Mar-2020 12:53:34.717 信息 [main] org.apache.catalina.core.AprLifecycleListener.initializeSSL OpenSSL successfully initialized [OpenSSL 1.0.2k  26 Jan 2017]
11-Mar-2020 12:53:34.887 信息 [main] org.apache.coyote.AbstractProtocol.init Initializing ProtocolHandler ["http-nio-80"]
11-Mar-2020 12:53:35.087 信息 [main] org.apache.tomcat.util.net.NioSelectorPool.getSharedSelector Using a shared selector for servlet write/read
11-Mar-2020 12:53:35.090 信息 [main] org.apache.coyote.AbstractProtocol.init Initializing ProtocolHandler ["ajp-nio-8009"]
11-Mar-2020 12:53:35.091 信息 [main] org.apache.tomcat.util.net.NioSelectorPool.getSharedSelector Using a shared selector for servlet write/read
11-Mar-2020 12:53:35.092 信息 [main] org.apache.catalina.startup.Catalina.load Initialization processed in 1681 ms
11-Mar-2020 12:53:35.127 信息 [main] org.apache.catalina.core.StandardService.startInternal Starting service [Catalina]
11-Mar-2020 12:53:35.127 信息 [main] org.apache.catalina.core.StandardEngine.startInternal Starting Servlet Engine: Apache Tomcat/8.5.20
11-Mar-2020 12:53:35.823 信息 [localhost-startStop-1] org.apache.jasper.servlet.TldScanner.scanJars At least one JAR was scanned for TLDs yet contained no TLDs. Enable debug logging for this logger for a complete list of JARs that were scanned but no TLDs were found in them. Skipping unneeded JARs during scanning can improve startup time and JSP compilation time.
11-Mar-2020 12:53:35.879 信息 [localhost-startStop-1] org.apache.catalina.startup.HostConfig.deployDirectory Deploying web application directory [E:\Server\apache-tomcat-8.5.20\webapps\examSystem]
11-Mar-2020 12:53:35.903 信息 [localhost-startStop-1] org.apache.catalina.startup.HostConfig.deployDirectory Deployment of web application directory [E:\Server\apache-tomcat-8.5.20\webapps\examSystem] has finished in [24] ms
11-Mar-2020 12:53:35.906 信息 [main] org.apache.coyote.AbstractProtocol.start Starting ProtocolHandler ["http-nio-80"]
11-Mar-2020 12:53:35.912 信息 [main] org.apache.coyote.AbstractProtocol.start Starting ProtocolHandler ["ajp-nio-8009"]
11-Mar-2020 12:53:35.915 信息 [main] org.apache.catalina.startup.Catalina.start Server startup in 823 ms
11-Mar-2020 12:54:46.657 信息 [Thread-6] org.apache.coyote.AbstractProtocol.pause Pausing ProtocolHandler ["http-nio-80"]
11-Mar-2020 12:54:46.746 信息 [Thread-6] org.apache.coyote.AbstractProtocol.pause Pausing ProtocolHandler ["ajp-nio-8009"]
11-Mar-2020 12:54:46.878 信息 [Thread-6] org.apache.catalina.core.StandardService.stopInternal Stopping service [Catalina]
11-Mar-2020 12:54:46.893 信息 [Thread-6] org.apache.coyote.AbstractProtocol.stop Stopping ProtocolHandler ["http-nio-80"]
11-Mar-2020 12:54:46.894 信息 [Thread-6] org.apache.coyote.AbstractProtocol.stop Stopping ProtocolHandler ["ajp-nio-8009"]
11-Mar-2020 12:54:49.232 信息 [main] org.apache.catalina.startup.VersionLoggerListener.log Server version:        Apache Tomcat/8.5.20
11-Mar-2020 12:54:49.237 信息 [main] org.apache.catalina.startup.VersionLoggerListener.log Server built:          Aug 2 2017 21:35:49 UTC
11-Mar-2020 12:54:49.237 信息 [main] org.apache.catalina.startup.VersionLoggerListener.log Server number:         8.5.20.0
11-Mar-2020 12:54:49.237 信息 [main] org.apache.catalina.startup.VersionLoggerListener.log OS Name:               Windows 10
11-Mar-2020 12:54:49.237 信息 [main] org.apache.catalina.startup.VersionLoggerListener.log OS Version:            10.0
11-Mar-2020 12:54:49.237 信息 [main] org.apache.catalina.startup.VersionLoggerListener.log Architecture:          amd64
11-Mar-2020 12:54:49.237 信息 [main] org.apache.catalina.startup.VersionLoggerListener.log Java Home:             E:\UserProgram\JAVA\jre
11-Mar-2020 12:54:49.237 信息 [main] org.apache.catalina.startup.VersionLoggerListener.log JVM Version:           1.8.0_161-b12
11-Mar-2020 12:54:49.237 信息 [main] org.apache.catalina.startup.VersionLoggerListener.log JVM Vendor:            Oracle Corporation
11-Mar-2020 12:54:49.238 信息 [main] org.apache.catalina.startup.VersionLoggerListener.log CATALINA_BASE:         E:\Server\apache-tomcat-8.5.20
11-Mar-2020 12:54:49.238 信息 [main] org.apache.catalina.startup.VersionLoggerListener.log CATALINA_HOME:         E:\Server\apache-tomcat-8.5.20
11-Mar-2020 12:54:49.238 信息 [main] org.apache.catalina.startup.VersionLoggerListener.log Command line argument: -Dcatalina.home=E:\Server\apache-tomcat-8.5.20
11-Mar-2020 12:54:49.238 信息 [main] org.apache.catalina.startup.VersionLoggerListener.log Command line argument: -Dcatalina.base=E:\Server\apache-tomcat-8.5.20
11-Mar-2020 12:54:49.239 信息 [main] org.apache.catalina.startup.VersionLoggerListener.log Command line argument: -Djava.io.tmpdir=E:\Server\apache-tomcat-8.5.20\temp
11-Mar-2020 12:54:49.239 信息 [main] org.apache.catalina.startup.VersionLoggerListener.log Command line argument: -Djava.util.logging.manager=org.apache.juli.ClassLoaderLogManager
11-Mar-2020 12:54:49.239 信息 [main] org.apache.catalina.startup.VersionLoggerListener.log Command line argument: -Djava.util.logging.config.file=E:\Server\apache-tomcat-8.5.20\conf\logging.properties
11-Mar-2020 12:54:49.239 信息 [main] org.apache.catalina.startup.VersionLoggerListener.log Command line argument: exit
11-Mar-2020 12:54:49.240 信息 [main] org.apache.catalina.startup.VersionLoggerListener.log Command line argument: -Xms128m
11-Mar-2020 12:54:49.240 信息 [main] org.apache.catalina.startup.VersionLoggerListener.log Command line argument: -Xmx256m
11-Mar-2020 12:54:49.240 信息 [main] org.apache.catalina.core.AprLifecycleListener.lifecycleEvent Loaded APR based Apache Tomcat Native library [1.2.12] using APR version [1.5.2].
11-Mar-2020 12:54:49.240 信息 [main] org.apache.catalina.core.AprLifecycleListener.lifecycleEvent APR capabilities: IPv6 [true], sendfile [true], accept filters [false], random [true].
11-Mar-2020 12:54:49.241 信息 [main] org.apache.catalina.core.AprLifecycleListener.lifecycleEvent APR/OpenSSL configuration: useAprConnector [false], useOpenSSL [true]
11-Mar-2020 12:54:49.853 信息 [main] org.apache.catalina.core.AprLifecycleListener.initializeSSL OpenSSL successfully initialized [OpenSSL 1.0.2k  26 Jan 2017]
11-Mar-2020 12:54:49.998 信息 [main] org.apache.coyote.AbstractProtocol.init Initializing ProtocolHandler ["http-nio-80"]
11-Mar-2020 12:54:50.202 信息 [main] org.apache.tomcat.util.net.NioSelectorPool.getSharedSelector Using a shared selector for servlet write/read
11-Mar-2020 12:54:50.207 信息 [main] org.apache.coyote.AbstractProtocol.init Initializing ProtocolHandler ["ajp-nio-8009"]
11-Mar-2020 12:54:50.209 信息 [main] org.apache.tomcat.util.net.NioSelectorPool.getSharedSelector Using a shared selector for servlet write/read
11-Mar-2020 12:54:50.210 信息 [main] org.apache.catalina.startup.Catalina.load Initialization processed in 1426 ms
11-Mar-2020 12:54:50.232 信息 [main] org.apache.catalina.core.StandardService.startInternal Starting service [Catalina]
11-Mar-2020 12:54:50.232 信息 [main] org.apache.catalina.core.StandardEngine.startInternal Starting Servlet Engine: Apache Tomcat/8.5.20
11-Mar-2020 12:54:50.982 信息 [localhost-startStop-1] org.apache.jasper.servlet.TldScanner.scanJars At least one JAR was scanned for TLDs yet contained no TLDs. Enable debug logging for this logger for a complete list of JARs that were scanned but no TLDs were found in them. Skipping unneeded JARs during scanning can improve startup time and JSP compilation time.
11-Mar-2020 12:54:51.042 信息 [localhost-startStop-1] org.apache.catalina.startup.HostConfig.deployDirectory Deploying web application directory [E:\Server\apache-tomcat-8.5.20\webapps\examSystem]
11-Mar-2020 12:54:51.062 信息 [localhost-startStop-1] org.apache.catalina.startup.HostConfig.deployDirectory Deployment of web application directory [E:\Server\apache-tomcat-8.5.20\webapps\examSystem] has finished in [19] ms
11-Mar-2020 12:54:51.064 信息 [main] org.apache.coyote.AbstractProtocol.start Starting ProtocolHandler ["http-nio-80"]
11-Mar-2020 12:54:51.073 信息 [main] org.apache.coyote.AbstractProtocol.start Starting ProtocolHandler ["ajp-nio-8009"]
11-Mar-2020 12:54:51.077 信息 [main] org.apache.catalina.startup.Catalina.start Server startup in 866 ms
11-Mar-2020 12:58:19.089 信息 [Thread-6] org.apache.coyote.AbstractProtocol.pause Pausing ProtocolHandler ["http-nio-80"]
11-Mar-2020 12:58:19.191 信息 [Thread-6] org.apache.coyote.AbstractProtocol.pause Pausing ProtocolHandler ["ajp-nio-8009"]
11-Mar-2020 12:58:19.352 信息 [Thread-6] org.apache.catalina.core.StandardService.stopInternal Stopping service [Catalina]
11-Mar-2020 12:58:19.370 信息 [Thread-6] org.apache.coyote.AbstractProtocol.stop Stopping ProtocolHandler ["http-nio-80"]
11-Mar-2020 12:58:19.373 信息 [Thread-6] org.apache.coyote.AbstractProtocol.stop Stopping ProtocolHandler ["ajp-nio-8009"]
11-Mar-2020 12:58:21.836 信息 [main] org.apache.catalina.startup.VersionLoggerListener.log Server version:        Apache Tomcat/8.5.20
11-Mar-2020 12:58:21.839 信息 [main] org.apache.catalina.startup.VersionLoggerListener.log Server built:          Aug 2 2017 21:35:49 UTC
11-Mar-2020 12:58:21.839 信息 [main] org.apache.catalina.startup.VersionLoggerListener.log Server number:         8.5.20.0
11-Mar-2020 12:58:21.839 信息 [main] org.apache.catalina.startup.VersionLoggerListener.log OS Name:               Windows 10
11-Mar-2020 12:58:21.839 信息 [main] org.apache.catalina.startup.VersionLoggerListener.log OS Version:            10.0
11-Mar-2020 12:58:21.839 信息 [main] org.apache.catalina.startup.VersionLoggerListener.log Architecture:          amd64
11-Mar-2020 12:58:21.839 信息 [main] org.apache.catalina.startup.VersionLoggerListener.log Java Home:             E:\UserProgram\JAVA\jre
11-Mar-2020 12:58:21.839 信息 [main] org.apache.catalina.startup.VersionLoggerListener.log JVM Version:           1.8.0_161-b12
11-Mar-2020 12:58:21.839 信息 [main] org.apache.catalina.startup.VersionLoggerListener.log JVM Vendor:            Oracle Corporation
11-Mar-2020 12:58:21.839 信息 [main] org.apache.catalina.startup.VersionLoggerListener.log CATALINA_BASE:         E:\Server\apache-tomcat-8.5.20
11-Mar-2020 12:58:21.840 信息 [main] org.apache.catalina.startup.VersionLoggerListener.log CATALINA_HOME:         E:\Server\apache-tomcat-8.5.20
11-Mar-2020 12:58:21.840 信息 [main] org.apache.catalina.startup.VersionLoggerListener.log Command line argument: -Dcatalina.home=E:\Server\apache-tomcat-8.5.20
11-Mar-2020 12:58:21.840 信息 [main] org.apache.catalina.startup.VersionLoggerListener.log Command line argument: -Dcatalina.base=E:\Server\apache-tomcat-8.5.20
11-Mar-2020 12:58:21.840 信息 [main] org.apache.catalina.startup.VersionLoggerListener.log Command line argument: -Djava.io.tmpdir=E:\Server\apache-tomcat-8.5.20\temp
11-Mar-2020 12:58:21.840 信息 [main] org.apache.catalina.startup.VersionLoggerListener.log Command line argument: -Djava.util.logging.manager=org.apache.juli.ClassLoaderLogManager
11-Mar-2020 12:58:21.840 信息 [main] org.apache.catalina.startup.VersionLoggerListener.log Command line argument: -Djava.util.logging.config.file=E:\Server\apache-tomcat-8.5.20\conf\logging.properties
11-Mar-2020 12:58:21.840 信息 [main] org.apache.catalina.startup.VersionLoggerListener.log Command line argument: exit
11-Mar-2020 12:58:21.842 信息 [main] org.apache.catalina.startup.VersionLoggerListener.log Command line argument: -Xms128m
11-Mar-2020 12:58:21.843 信息 [main] org.apache.catalina.startup.VersionLoggerListener.log Command line argument: -Xmx256m
11-Mar-2020 12:58:21.843 信息 [main] org.apache.catalina.core.AprLifecycleListener.lifecycleEvent Loaded APR based Apache Tomcat Native library [1.2.12] using APR version [1.5.2].
11-Mar-2020 12:58:21.843 信息 [main] org.apache.catalina.core.AprLifecycleListener.lifecycleEvent APR capabilities: IPv6 [true], sendfile [true], accept filters [false], random [true].
11-Mar-2020 12:58:21.843 信息 [main] org.apache.catalina.core.AprLifecycleListener.lifecycleEvent APR/OpenSSL configuration: useAprConnector [false], useOpenSSL [true]
11-Mar-2020 12:58:22.453 信息 [main] org.apache.catalina.core.AprLifecycleListener.initializeSSL OpenSSL successfully initialized [OpenSSL 1.0.2k  26 Jan 2017]
11-Mar-2020 12:58:22.601 信息 [main] org.apache.coyote.AbstractProtocol.init Initializing ProtocolHandler ["http-nio-80"]
11-Mar-2020 12:58:22.818 信息 [main] org.apache.tomcat.util.net.NioSelectorPool.getSharedSelector Using a shared selector for servlet write/read
11-Mar-2020 12:58:22.820 信息 [main] org.apache.coyote.AbstractProtocol.init Initializing ProtocolHandler ["ajp-nio-8009"]
11-Mar-2020 12:58:22.822 信息 [main] org.apache.tomcat.util.net.NioSelectorPool.getSharedSelector Using a shared selector for servlet write/read
11-Mar-2020 12:58:22.822 信息 [main] org.apache.catalina.startup.Catalina.load Initialization processed in 1477 ms
11-Mar-2020 12:58:22.855 信息 [main] org.apache.catalina.core.StandardService.startInternal Starting service [Catalina]
11-Mar-2020 12:58:22.856 信息 [main] org.apache.catalina.core.StandardEngine.startInternal Starting Servlet Engine: Apache Tomcat/8.5.20
11-Mar-2020 12:58:23.567 信息 [localhost-startStop-1] org.apache.jasper.servlet.TldScanner.scanJars At least one JAR was scanned for TLDs yet contained no TLDs. Enable debug logging for this logger for a complete list of JARs that were scanned but no TLDs were found in them. Skipping unneeded JARs during scanning can improve startup time and JSP compilation time.
11-Mar-2020 12:58:23.622 信息 [localhost-startStop-1] org.apache.catalina.startup.HostConfig.deployDirectory Deploying web application directory [E:\Server\apache-tomcat-8.5.20\webapps\examSystem]
11-Mar-2020 12:58:23.643 信息 [localhost-startStop-1] org.apache.catalina.startup.HostConfig.deployDirectory Deployment of web application directory [E:\Server\apache-tomcat-8.5.20\webapps\examSystem] has finished in [20] ms
11-Mar-2020 12:58:23.647 信息 [main] org.apache.coyote.AbstractProtocol.start Starting ProtocolHandler ["http-nio-80"]
11-Mar-2020 12:58:23.654 信息 [main] org.apache.coyote.AbstractProtocol.start Starting ProtocolHandler ["ajp-nio-8009"]
11-Mar-2020 12:58:23.656 信息 [main] org.apache.catalina.startup.Catalina.start Server startup in 833 ms
11-Mar-2020 22:28:18.504 信息 [Thread-6] org.apache.coyote.AbstractProtocol.pause Pausing ProtocolHandler ["http-nio-80"]
11-Mar-2020 22:28:18.660 信息 [Thread-6] org.apache.coyote.AbstractProtocol.pause Pausing ProtocolHandler ["ajp-nio-8009"]
11-Mar-2020 22:28:18.785 信息 [Thread-6] org.apache.catalina.core.StandardService.stopInternal Stopping service [Catalina]
11-Mar-2020 22:28:18.816 信息 [Thread-6] org.apache.coyote.AbstractProtocol.stop Stopping ProtocolHandler ["http-nio-80"]
11-Mar-2020 22:28:18.816 信息 [Thread-6] org.apache.coyote.AbstractProtocol.stop Stopping ProtocolHandler ["ajp-nio-8009"]
