22-Mar-2020 08:03:15.131 信息 [main] org.apache.catalina.startup.VersionLoggerListener.log Server version:        Apache Tomcat/8.5.20
22-Mar-2020 08:03:15.135 信息 [main] org.apache.catalina.startup.VersionLoggerListener.log Server built:          Aug 2 2017 21:35:49 UTC
22-Mar-2020 08:03:15.135 信息 [main] org.apache.catalina.startup.VersionLoggerListener.log Server number:         8.5.20.0
22-Mar-2020 08:03:15.136 信息 [main] org.apache.catalina.startup.VersionLoggerListener.log OS Name:               Windows 10
22-Mar-2020 08:03:15.136 信息 [main] org.apache.catalina.startup.VersionLoggerListener.log OS Version:            10.0
22-Mar-2020 08:03:15.136 信息 [main] org.apache.catalina.startup.VersionLoggerListener.log Architecture:          amd64
22-Mar-2020 08:03:15.136 信息 [main] org.apache.catalina.startup.VersionLoggerListener.log Java Home:             E:\UserProgram\JAVA\jre
22-Mar-2020 08:03:15.136 信息 [main] org.apache.catalina.startup.VersionLoggerListener.log JVM Version:           1.8.0_161-b12
22-Mar-2020 08:03:15.136 信息 [main] org.apache.catalina.startup.VersionLoggerListener.log JVM Vendor:            Oracle Corporation
22-Mar-2020 08:03:15.136 信息 [main] org.apache.catalina.startup.VersionLoggerListener.log CATALINA_BASE:         E:\Server\apache-tomcat-8.5.20
22-Mar-2020 08:03:15.137 信息 [main] org.apache.catalina.startup.VersionLoggerListener.log CATALINA_HOME:         E:\Server\apache-tomcat-8.5.20
22-Mar-2020 08:03:15.138 信息 [main] org.apache.catalina.startup.VersionLoggerListener.log Command line argument: -Dcatalina.home=E:\Server\apache-tomcat-8.5.20
22-Mar-2020 08:03:15.138 信息 [main] org.apache.catalina.startup.VersionLoggerListener.log Command line argument: -Dcatalina.base=E:\Server\apache-tomcat-8.5.20
22-Mar-2020 08:03:15.139 信息 [main] org.apache.catalina.startup.VersionLoggerListener.log Command line argument: -Djava.io.tmpdir=E:\Server\apache-tomcat-8.5.20\temp
22-Mar-2020 08:03:15.139 信息 [main] org.apache.catalina.startup.VersionLoggerListener.log Command line argument: -Djava.util.logging.manager=org.apache.juli.ClassLoaderLogManager
22-Mar-2020 08:03:15.139 信息 [main] org.apache.catalina.startup.VersionLoggerListener.log Command line argument: -Djava.util.logging.config.file=E:\Server\apache-tomcat-8.5.20\conf\logging.properties
22-Mar-2020 08:03:15.139 信息 [main] org.apache.catalina.startup.VersionLoggerListener.log Command line argument: exit
22-Mar-2020 08:03:15.140 信息 [main] org.apache.catalina.startup.VersionLoggerListener.log Command line argument: -Xms128m
22-Mar-2020 08:03:15.140 信息 [main] org.apache.catalina.startup.VersionLoggerListener.log Command line argument: -Xmx256m
22-Mar-2020 08:03:15.141 信息 [main] org.apache.catalina.core.AprLifecycleListener.lifecycleEvent Loaded APR based Apache Tomcat Native library [1.2.12] using APR version [1.5.2].
22-Mar-2020 08:03:15.141 信息 [main] org.apache.catalina.core.AprLifecycleListener.lifecycleEvent APR capabilities: IPv6 [true], sendfile [true], accept filters [false], random [true].
22-Mar-2020 08:03:15.141 信息 [main] org.apache.catalina.core.AprLifecycleListener.lifecycleEvent APR/OpenSSL configuration: useAprConnector [false], useOpenSSL [true]
22-Mar-2020 08:03:15.819 信息 [main] org.apache.catalina.core.AprLifecycleListener.initializeSSL OpenSSL successfully initialized [OpenSSL 1.0.2k  26 Jan 2017]
22-Mar-2020 08:03:15.977 信息 [main] org.apache.coyote.AbstractProtocol.init Initializing ProtocolHandler ["http-nio-80"]
22-Mar-2020 08:03:16.229 信息 [main] org.apache.tomcat.util.net.NioSelectorPool.getSharedSelector Using a shared selector for servlet write/read
22-Mar-2020 08:03:16.232 信息 [main] org.apache.coyote.AbstractProtocol.init Initializing ProtocolHandler ["ajp-nio-8009"]
22-Mar-2020 08:03:16.234 信息 [main] org.apache.tomcat.util.net.NioSelectorPool.getSharedSelector Using a shared selector for servlet write/read
22-Mar-2020 08:03:16.235 信息 [main] org.apache.catalina.startup.Catalina.load Initialization processed in 1802 ms
22-Mar-2020 08:03:16.280 信息 [main] org.apache.catalina.core.StandardService.startInternal Starting service [Catalina]
22-Mar-2020 08:03:16.281 信息 [main] org.apache.catalina.core.StandardEngine.startInternal Starting Servlet Engine: Apache Tomcat/8.5.20
22-Mar-2020 08:03:17.038 信息 [localhost-startStop-1] org.apache.jasper.servlet.TldScanner.scanJars At least one JAR was scanned for TLDs yet contained no TLDs. Enable debug logging for this logger for a complete list of JARs that were scanned but no TLDs were found in them. Skipping unneeded JARs during scanning can improve startup time and JSP compilation time.
22-Mar-2020 08:03:17.100 信息 [localhost-startStop-1] org.apache.catalina.startup.HostConfig.deployDirectory Deploying web application directory [E:\Server\apache-tomcat-8.5.20\webapps\ExamSystem]
22-Mar-2020 08:03:17.194 严重 [localhost-startStop-1] org.apache.catalina.core.StandardContext.startInternal One or more Filters failed to start. Full details will be found in the appropriate container log file
22-Mar-2020 08:03:17.194 严重 [localhost-startStop-1] org.apache.catalina.core.StandardContext.startInternal Context [/ExamSystem] startup failed due to previous errors
22-Mar-2020 08:03:17.203 信息 [localhost-startStop-1] org.apache.catalina.startup.HostConfig.deployDirectory Deployment of web application directory [E:\Server\apache-tomcat-8.5.20\webapps\ExamSystem] has finished in [102] ms
22-Mar-2020 08:03:17.204 信息 [localhost-startStop-1] org.apache.catalina.startup.HostConfig.deployDirectory Deploying web application directory [E:\Server\apache-tomcat-8.5.20\webapps\HomeOfMovie]
22-Mar-2020 08:03:17.293 严重 [localhost-startStop-1] org.apache.catalina.core.StandardContext.startInternal One or more Filters failed to start. Full details will be found in the appropriate container log file
22-Mar-2020 08:03:17.293 严重 [localhost-startStop-1] org.apache.catalina.core.StandardContext.startInternal Context [/HomeOfMovie] startup failed due to previous errors
22-Mar-2020 08:03:17.296 信息 [localhost-startStop-1] org.apache.catalina.startup.HostConfig.deployDirectory Deployment of web application directory [E:\Server\apache-tomcat-8.5.20\webapps\HomeOfMovie] has finished in [92] ms
22-Mar-2020 08:03:17.299 信息 [main] org.apache.coyote.AbstractProtocol.start Starting ProtocolHandler ["http-nio-80"]
22-Mar-2020 08:03:17.308 信息 [main] org.apache.coyote.AbstractProtocol.start Starting ProtocolHandler ["ajp-nio-8009"]
22-Mar-2020 08:03:17.311 信息 [main] org.apache.catalina.startup.Catalina.start Server startup in 1076 ms
22-Mar-2020 08:03:55.643 信息 [Thread-6] org.apache.coyote.AbstractProtocol.pause Pausing ProtocolHandler ["http-nio-80"]
22-Mar-2020 08:03:55.790 信息 [Thread-6] org.apache.coyote.AbstractProtocol.pause Pausing ProtocolHandler ["ajp-nio-8009"]
22-Mar-2020 08:03:55.916 信息 [Thread-6] org.apache.catalina.core.StandardService.stopInternal Stopping service [Catalina]
22-Mar-2020 08:03:55.924 警告 [localhost-startStop-2] org.apache.catalina.loader.WebappClassLoaderBase.clearReferencesJdbc The web application [ROOT] registered the JDBC driver [com.mysql.jdbc.Driver] but failed to unregister it when the web application was stopped. To prevent a memory leak, the JDBC Driver has been forcibly unregistered.
22-Mar-2020 08:03:55.925 信息 [Thread-6] org.apache.coyote.AbstractProtocol.stop Stopping ProtocolHandler ["http-nio-80"]
22-Mar-2020 08:03:55.927 信息 [Thread-6] org.apache.coyote.AbstractProtocol.stop Stopping ProtocolHandler ["ajp-nio-8009"]
