06-Mar-2020 13:20:38.287 信息 [main] org.apache.catalina.startup.VersionLoggerListener.log Server version:        Apache Tomcat/8.5.20
06-Mar-2020 13:20:38.292 信息 [main] org.apache.catalina.startup.VersionLoggerListener.log Server built:          Aug 2 2017 21:35:49 UTC
06-Mar-2020 13:20:38.292 信息 [main] org.apache.catalina.startup.VersionLoggerListener.log Server number:         8.5.20.0
06-Mar-2020 13:20:38.292 信息 [main] org.apache.catalina.startup.VersionLoggerListener.log OS Name:               Windows 10
06-Mar-2020 13:20:38.292 信息 [main] org.apache.catalina.startup.VersionLoggerListener.log OS Version:            10.0
06-Mar-2020 13:20:38.293 信息 [main] org.apache.catalina.startup.VersionLoggerListener.log Architecture:          amd64
06-Mar-2020 13:20:38.293 信息 [main] org.apache.catalina.startup.VersionLoggerListener.log Java Home:             E:\UserProgram\JAVA\jre
06-Mar-2020 13:20:38.293 信息 [main] org.apache.catalina.startup.VersionLoggerListener.log JVM Version:           1.8.0_161-b12
06-Mar-2020 13:20:38.293 信息 [main] org.apache.catalina.startup.VersionLoggerListener.log JVM Vendor:            Oracle Corporation
06-Mar-2020 13:20:38.293 信息 [main] org.apache.catalina.startup.VersionLoggerListener.log CATALINA_BASE:         E:\Server\apache-tomcat-8.5.20
06-Mar-2020 13:20:38.295 信息 [main] org.apache.catalina.startup.VersionLoggerListener.log CATALINA_HOME:         E:\Server\apache-tomcat-8.5.20
06-Mar-2020 13:20:38.295 信息 [main] org.apache.catalina.startup.VersionLoggerListener.log Command line argument: -Dcatalina.home=E:\Server\apache-tomcat-8.5.20
06-Mar-2020 13:20:38.295 信息 [main] org.apache.catalina.startup.VersionLoggerListener.log Command line argument: -Dcatalina.base=E:\Server\apache-tomcat-8.5.20
06-Mar-2020 13:20:38.295 信息 [main] org.apache.catalina.startup.VersionLoggerListener.log Command line argument: -Djava.io.tmpdir=E:\Server\apache-tomcat-8.5.20\temp
06-Mar-2020 13:20:38.295 信息 [main] org.apache.catalina.startup.VersionLoggerListener.log Command line argument: -Djava.util.logging.manager=org.apache.juli.ClassLoaderLogManager
06-Mar-2020 13:20:38.296 信息 [main] org.apache.catalina.startup.VersionLoggerListener.log Command line argument: -Djava.util.logging.config.file=E:\Server\apache-tomcat-8.5.20\conf\logging.properties
06-Mar-2020 13:20:38.296 信息 [main] org.apache.catalina.startup.VersionLoggerListener.log Command line argument: exit
06-Mar-2020 13:20:38.296 信息 [main] org.apache.catalina.startup.VersionLoggerListener.log Command line argument: -Xms128m
06-Mar-2020 13:20:38.296 信息 [main] org.apache.catalina.startup.VersionLoggerListener.log Command line argument: -Xmx256m
06-Mar-2020 13:20:38.296 信息 [main] org.apache.catalina.core.AprLifecycleListener.lifecycleEvent Loaded APR based Apache Tomcat Native library [1.2.12] using APR version [1.5.2].
06-Mar-2020 13:20:38.296 信息 [main] org.apache.catalina.core.AprLifecycleListener.lifecycleEvent APR capabilities: IPv6 [true], sendfile [true], accept filters [false], random [true].
06-Mar-2020 13:20:38.296 信息 [main] org.apache.catalina.core.AprLifecycleListener.lifecycleEvent APR/OpenSSL configuration: useAprConnector [false], useOpenSSL [true]
06-Mar-2020 13:20:38.939 信息 [main] org.apache.catalina.core.AprLifecycleListener.initializeSSL OpenSSL successfully initialized [OpenSSL 1.0.2k  26 Jan 2017]
06-Mar-2020 13:20:39.090 信息 [main] org.apache.coyote.AbstractProtocol.init Initializing ProtocolHandler ["http-nio-80"]
06-Mar-2020 13:20:39.297 信息 [main] org.apache.tomcat.util.net.NioSelectorPool.getSharedSelector Using a shared selector for servlet write/read
06-Mar-2020 13:20:39.303 信息 [main] org.apache.coyote.AbstractProtocol.init Initializing ProtocolHandler ["ajp-nio-8009"]
06-Mar-2020 13:20:39.307 信息 [main] org.apache.tomcat.util.net.NioSelectorPool.getSharedSelector Using a shared selector for servlet write/read
06-Mar-2020 13:20:39.308 信息 [main] org.apache.catalina.startup.Catalina.load Initialization processed in 1572 ms
06-Mar-2020 13:20:39.500 信息 [main] org.apache.catalina.core.StandardService.startInternal Starting service [Catalina]
06-Mar-2020 13:20:39.500 信息 [main] org.apache.catalina.core.StandardEngine.startInternal Starting Servlet Engine: Apache Tomcat/8.5.20
06-Mar-2020 13:20:41.035 信息 [localhost-startStop-1] org.apache.catalina.startup.HostConfig.deployDirectory Deploying web application directory [E:\Server\apache-tomcat-8.5.20\webapps\docs]
06-Mar-2020 13:20:41.090 信息 [localhost-startStop-1] org.apache.catalina.startup.HostConfig.deployDirectory Deployment of web application directory [E:\Server\apache-tomcat-8.5.20\webapps\docs] has finished in [36] ms
06-Mar-2020 13:20:41.090 信息 [localhost-startStop-1] org.apache.catalina.startup.HostConfig.deployDirectory Deploying web application directory [E:\Server\apache-tomcat-8.5.20\webapps\examples]
06-Mar-2020 13:20:42.101 信息 [localhost-startStop-1] org.apache.catalina.startup.HostConfig.deployDirectory Deployment of web application directory [E:\Server\apache-tomcat-8.5.20\webapps\examples] has finished in [1,011] ms
06-Mar-2020 13:20:42.102 信息 [localhost-startStop-1] org.apache.catalina.startup.HostConfig.deployDirectory Deploying web application directory [E:\Server\apache-tomcat-8.5.20\webapps\examSystem]
06-Mar-2020 13:20:42.146 信息 [localhost-startStop-1] org.apache.catalina.startup.HostConfig.deployDirectory Deployment of web application directory [E:\Server\apache-tomcat-8.5.20\webapps\examSystem] has finished in [44] ms
06-Mar-2020 13:20:42.146 信息 [localhost-startStop-1] org.apache.catalina.startup.HostConfig.deployDirectory Deploying web application directory [E:\Server\apache-tomcat-8.5.20\webapps\host-manager]
06-Mar-2020 13:20:42.207 信息 [localhost-startStop-1] org.apache.catalina.startup.HostConfig.deployDirectory Deployment of web application directory [E:\Server\apache-tomcat-8.5.20\webapps\host-manager] has finished in [60] ms
06-Mar-2020 13:20:42.207 信息 [localhost-startStop-1] org.apache.catalina.startup.HostConfig.deployDirectory Deploying web application directory [E:\Server\apache-tomcat-8.5.20\webapps\manager]
06-Mar-2020 13:20:42.262 信息 [localhost-startStop-1] org.apache.catalina.startup.HostConfig.deployDirectory Deployment of web application directory [E:\Server\apache-tomcat-8.5.20\webapps\manager] has finished in [55] ms
06-Mar-2020 13:20:42.268 信息 [main] org.apache.coyote.AbstractProtocol.start Starting ProtocolHandler ["http-nio-80"]
06-Mar-2020 13:20:42.277 信息 [main] org.apache.coyote.AbstractProtocol.start Starting ProtocolHandler ["ajp-nio-8009"]
06-Mar-2020 13:20:42.279 信息 [main] org.apache.catalina.startup.Catalina.start Server startup in 2971 ms
06-Mar-2020 13:30:37.620 信息 [Thread-6] org.apache.coyote.AbstractProtocol.pause Pausing ProtocolHandler ["http-nio-80"]
06-Mar-2020 13:30:37.821 信息 [Thread-6] org.apache.coyote.AbstractProtocol.pause Pausing ProtocolHandler ["ajp-nio-8009"]
06-Mar-2020 13:30:37.960 信息 [Thread-6] org.apache.catalina.core.StandardService.stopInternal Stopping service [Catalina]
06-Mar-2020 13:30:38.075 信息 [Thread-6] org.apache.coyote.AbstractProtocol.stop Stopping ProtocolHandler ["http-nio-80"]
06-Mar-2020 13:30:38.080 信息 [Thread-6] org.apache.coyote.AbstractProtocol.stop Stopping ProtocolHandler ["ajp-nio-8009"]
06-Mar-2020 13:30:40.697 信息 [main] org.apache.catalina.startup.VersionLoggerListener.log Server version:        Apache Tomcat/8.5.20
06-Mar-2020 13:30:40.700 信息 [main] org.apache.catalina.startup.VersionLoggerListener.log Server built:          Aug 2 2017 21:35:49 UTC
06-Mar-2020 13:30:40.700 信息 [main] org.apache.catalina.startup.VersionLoggerListener.log Server number:         8.5.20.0
06-Mar-2020 13:30:40.700 信息 [main] org.apache.catalina.startup.VersionLoggerListener.log OS Name:               Windows 10
06-Mar-2020 13:30:40.701 信息 [main] org.apache.catalina.startup.VersionLoggerListener.log OS Version:            10.0
06-Mar-2020 13:30:40.701 信息 [main] org.apache.catalina.startup.VersionLoggerListener.log Architecture:          amd64
06-Mar-2020 13:30:40.701 信息 [main] org.apache.catalina.startup.VersionLoggerListener.log Java Home:             E:\UserProgram\JAVA\jre
06-Mar-2020 13:30:40.701 信息 [main] org.apache.catalina.startup.VersionLoggerListener.log JVM Version:           1.8.0_161-b12
06-Mar-2020 13:30:40.701 信息 [main] org.apache.catalina.startup.VersionLoggerListener.log JVM Vendor:            Oracle Corporation
06-Mar-2020 13:30:40.703 信息 [main] org.apache.catalina.startup.VersionLoggerListener.log CATALINA_BASE:         E:\Server\apache-tomcat-8.5.20
06-Mar-2020 13:30:40.703 信息 [main] org.apache.catalina.startup.VersionLoggerListener.log CATALINA_HOME:         E:\Server\apache-tomcat-8.5.20
06-Mar-2020 13:30:40.703 信息 [main] org.apache.catalina.startup.VersionLoggerListener.log Command line argument: -Dcatalina.home=E:\Server\apache-tomcat-8.5.20
06-Mar-2020 13:30:40.703 信息 [main] org.apache.catalina.startup.VersionLoggerListener.log Command line argument: -Dcatalina.base=E:\Server\apache-tomcat-8.5.20
06-Mar-2020 13:30:40.704 信息 [main] org.apache.catalina.startup.VersionLoggerListener.log Command line argument: -Djava.io.tmpdir=E:\Server\apache-tomcat-8.5.20\temp
06-Mar-2020 13:30:40.704 信息 [main] org.apache.catalina.startup.VersionLoggerListener.log Command line argument: -Djava.util.logging.manager=org.apache.juli.ClassLoaderLogManager
06-Mar-2020 13:30:40.704 信息 [main] org.apache.catalina.startup.VersionLoggerListener.log Command line argument: -Djava.util.logging.config.file=E:\Server\apache-tomcat-8.5.20\conf\logging.properties
06-Mar-2020 13:30:40.704 信息 [main] org.apache.catalina.startup.VersionLoggerListener.log Command line argument: exit
06-Mar-2020 13:30:40.704 信息 [main] org.apache.catalina.startup.VersionLoggerListener.log Command line argument: -Xms128m
06-Mar-2020 13:30:40.705 信息 [main] org.apache.catalina.startup.VersionLoggerListener.log Command line argument: -Xmx256m
06-Mar-2020 13:30:40.705 信息 [main] org.apache.catalina.core.AprLifecycleListener.lifecycleEvent Loaded APR based Apache Tomcat Native library [1.2.12] using APR version [1.5.2].
06-Mar-2020 13:30:40.705 信息 [main] org.apache.catalina.core.AprLifecycleListener.lifecycleEvent APR capabilities: IPv6 [true], sendfile [true], accept filters [false], random [true].
06-Mar-2020 13:30:40.705 信息 [main] org.apache.catalina.core.AprLifecycleListener.lifecycleEvent APR/OpenSSL configuration: useAprConnector [false], useOpenSSL [true]
06-Mar-2020 13:30:41.324 信息 [main] org.apache.catalina.core.AprLifecycleListener.initializeSSL OpenSSL successfully initialized [OpenSSL 1.0.2k  26 Jan 2017]
06-Mar-2020 13:30:41.459 信息 [main] org.apache.coyote.AbstractProtocol.init Initializing ProtocolHandler ["http-nio-80"]
06-Mar-2020 13:30:41.653 信息 [main] org.apache.tomcat.util.net.NioSelectorPool.getSharedSelector Using a shared selector for servlet write/read
06-Mar-2020 13:30:41.658 信息 [main] org.apache.coyote.AbstractProtocol.init Initializing ProtocolHandler ["ajp-nio-8009"]
06-Mar-2020 13:30:41.660 信息 [main] org.apache.tomcat.util.net.NioSelectorPool.getSharedSelector Using a shared selector for servlet write/read
06-Mar-2020 13:30:41.661 信息 [main] org.apache.catalina.startup.Catalina.load Initialization processed in 1419 ms
06-Mar-2020 13:30:41.701 信息 [main] org.apache.catalina.core.StandardService.startInternal Starting service [Catalina]
06-Mar-2020 13:30:41.701 信息 [main] org.apache.catalina.core.StandardEngine.startInternal Starting Servlet Engine: Apache Tomcat/8.5.20
06-Mar-2020 13:30:42.109 信息 [localhost-startStop-1] org.apache.catalina.startup.HostConfig.deployDirectory Deploying web application directory [E:\Server\apache-tomcat-8.5.20\webapps\docs]
06-Mar-2020 13:30:42.137 信息 [localhost-startStop-1] org.apache.catalina.startup.HostConfig.deployDirectory Deployment of web application directory [E:\Server\apache-tomcat-8.5.20\webapps\docs] has finished in [28] ms
06-Mar-2020 13:30:42.138 信息 [localhost-startStop-1] org.apache.catalina.startup.HostConfig.deployDirectory Deploying web application directory [E:\Server\apache-tomcat-8.5.20\webapps\examples]
06-Mar-2020 13:30:42.649 信息 [localhost-startStop-1] org.apache.catalina.startup.HostConfig.deployDirectory Deployment of web application directory [E:\Server\apache-tomcat-8.5.20\webapps\examples] has finished in [511] ms
06-Mar-2020 13:30:42.649 信息 [localhost-startStop-1] org.apache.catalina.startup.HostConfig.deployDirectory Deploying web application directory [E:\Server\apache-tomcat-8.5.20\webapps\examSystem]
06-Mar-2020 13:30:42.673 信息 [localhost-startStop-1] org.apache.catalina.startup.HostConfig.deployDirectory Deployment of web application directory [E:\Server\apache-tomcat-8.5.20\webapps\examSystem] has finished in [24] ms
06-Mar-2020 13:30:42.674 信息 [localhost-startStop-1] org.apache.catalina.startup.HostConfig.deployDirectory Deploying web application directory [E:\Server\apache-tomcat-8.5.20\webapps\host-manager]
06-Mar-2020 13:30:42.709 信息 [localhost-startStop-1] org.apache.catalina.startup.HostConfig.deployDirectory Deployment of web application directory [E:\Server\apache-tomcat-8.5.20\webapps\host-manager] has finished in [35] ms
06-Mar-2020 13:30:42.709 信息 [localhost-startStop-1] org.apache.catalina.startup.HostConfig.deployDirectory Deploying web application directory [E:\Server\apache-tomcat-8.5.20\webapps\manager]
06-Mar-2020 13:30:42.741 信息 [localhost-startStop-1] org.apache.catalina.startup.HostConfig.deployDirectory Deployment of web application directory [E:\Server\apache-tomcat-8.5.20\webapps\manager] has finished in [32] ms
06-Mar-2020 13:30:42.745 信息 [main] org.apache.coyote.AbstractProtocol.start Starting ProtocolHandler ["http-nio-80"]
06-Mar-2020 13:30:42.753 信息 [main] org.apache.coyote.AbstractProtocol.start Starting ProtocolHandler ["ajp-nio-8009"]
06-Mar-2020 13:30:42.758 信息 [main] org.apache.catalina.startup.Catalina.start Server startup in 1096 ms
06-Mar-2020 13:37:12.947 信息 [ContainerBackgroundProcessor[StandardEngine[Catalina]]] org.apache.catalina.startup.HostConfig.reload Reloading context [/examples]
06-Mar-2020 13:37:12.947 信息 [ContainerBackgroundProcessor[StandardEngine[Catalina]]] org.apache.catalina.core.StandardContext.reload Reloading Context with name [/examples] has started
06-Mar-2020 13:37:13.308 信息 [ContainerBackgroundProcessor[StandardEngine[Catalina]]] org.apache.catalina.core.StandardContext.reload Reloading Context with name [/examples] is completed
06-Mar-2020 13:37:13.312 信息 [ContainerBackgroundProcessor[StandardEngine[Catalina]]] org.apache.catalina.startup.HostConfig.reload Reloading context [/host-manager]
06-Mar-2020 13:37:13.312 信息 [ContainerBackgroundProcessor[StandardEngine[Catalina]]] org.apache.catalina.core.StandardContext.reload Reloading Context with name [/host-manager] has started
06-Mar-2020 13:37:13.346 信息 [ContainerBackgroundProcessor[StandardEngine[Catalina]]] org.apache.catalina.core.StandardContext.reload Reloading Context with name [/host-manager] is completed
06-Mar-2020 13:37:13.347 信息 [ContainerBackgroundProcessor[StandardEngine[Catalina]]] org.apache.catalina.startup.HostConfig.reload Reloading context [/examSystem]
06-Mar-2020 13:37:13.347 信息 [ContainerBackgroundProcessor[StandardEngine[Catalina]]] org.apache.catalina.core.StandardContext.reload Reloading Context with name [/examSystem] has started
06-Mar-2020 13:37:13.382 信息 [ContainerBackgroundProcessor[StandardEngine[Catalina]]] org.apache.catalina.core.StandardContext.reload Reloading Context with name [/examSystem] is completed
06-Mar-2020 13:37:13.383 信息 [ContainerBackgroundProcessor[StandardEngine[Catalina]]] org.apache.catalina.startup.HostConfig.reload Reloading context [/manager]
06-Mar-2020 13:37:13.383 信息 [ContainerBackgroundProcessor[StandardEngine[Catalina]]] org.apache.catalina.core.StandardContext.reload Reloading Context with name [/manager] has started
06-Mar-2020 13:37:13.418 信息 [ContainerBackgroundProcessor[StandardEngine[Catalina]]] org.apache.catalina.core.StandardContext.reload Reloading Context with name [/manager] is completed
06-Mar-2020 13:37:13.420 信息 [ContainerBackgroundProcessor[StandardEngine[Catalina]]] org.apache.catalina.startup.HostConfig.reload Reloading context [/docs]
06-Mar-2020 13:37:13.420 信息 [ContainerBackgroundProcessor[StandardEngine[Catalina]]] org.apache.catalina.core.StandardContext.reload Reloading Context with name [/docs] has started
06-Mar-2020 13:37:13.451 信息 [ContainerBackgroundProcessor[StandardEngine[Catalina]]] org.apache.catalina.core.StandardContext.reload Reloading Context with name [/docs] is completed
06-Mar-2020 13:37:53.469 信息 [ContainerBackgroundProcessor[StandardEngine[Catalina]]] org.apache.catalina.startup.HostConfig.reload Reloading context [/examples]
06-Mar-2020 13:37:53.469 信息 [ContainerBackgroundProcessor[StandardEngine[Catalina]]] org.apache.catalina.core.StandardContext.reload Reloading Context with name [/examples] has started
06-Mar-2020 13:37:53.753 信息 [ContainerBackgroundProcessor[StandardEngine[Catalina]]] org.apache.catalina.core.StandardContext.reload Reloading Context with name [/examples] is completed
06-Mar-2020 13:37:53.754 信息 [ContainerBackgroundProcessor[StandardEngine[Catalina]]] org.apache.catalina.startup.HostConfig.reload Reloading context [/host-manager]
06-Mar-2020 13:37:53.755 信息 [ContainerBackgroundProcessor[StandardEngine[Catalina]]] org.apache.catalina.core.StandardContext.reload Reloading Context with name [/host-manager] has started
06-Mar-2020 13:37:53.785 信息 [ContainerBackgroundProcessor[StandardEngine[Catalina]]] org.apache.catalina.core.StandardContext.reload Reloading Context with name [/host-manager] is completed
06-Mar-2020 13:37:53.786 信息 [ContainerBackgroundProcessor[StandardEngine[Catalina]]] org.apache.catalina.startup.HostConfig.reload Reloading context [/examSystem]
06-Mar-2020 13:37:53.787 信息 [ContainerBackgroundProcessor[StandardEngine[Catalina]]] org.apache.catalina.core.StandardContext.reload Reloading Context with name [/examSystem] has started
06-Mar-2020 13:37:53.815 信息 [ContainerBackgroundProcessor[StandardEngine[Catalina]]] org.apache.catalina.core.StandardContext.reload Reloading Context with name [/examSystem] is completed
06-Mar-2020 13:37:53.818 信息 [ContainerBackgroundProcessor[StandardEngine[Catalina]]] org.apache.catalina.startup.HostConfig.reload Reloading context [/manager]
06-Mar-2020 13:37:53.818 信息 [ContainerBackgroundProcessor[StandardEngine[Catalina]]] org.apache.catalina.core.StandardContext.reload Reloading Context with name [/manager] has started
06-Mar-2020 13:37:53.845 信息 [ContainerBackgroundProcessor[StandardEngine[Catalina]]] org.apache.catalina.core.StandardContext.reload Reloading Context with name [/manager] is completed
06-Mar-2020 13:37:53.845 信息 [ContainerBackgroundProcessor[StandardEngine[Catalina]]] org.apache.catalina.startup.HostConfig.reload Reloading context [/docs]
06-Mar-2020 13:37:53.846 信息 [ContainerBackgroundProcessor[StandardEngine[Catalina]]] org.apache.catalina.core.StandardContext.reload Reloading Context with name [/docs] has started
06-Mar-2020 13:37:53.865 信息 [ContainerBackgroundProcessor[StandardEngine[Catalina]]] org.apache.catalina.core.StandardContext.reload Reloading Context with name [/docs] is completed
06-Mar-2020 13:49:24.224 信息 [ContainerBackgroundProcessor[StandardEngine[Catalina]]] org.apache.catalina.loader.WebappClassLoaderBase.modified One or more JARs have been added to the web application []
06-Mar-2020 13:49:24.224 信息 [ContainerBackgroundProcessor[StandardEngine[Catalina]]] org.apache.catalina.core.StandardContext.reload Reloading Context with name [] has started
06-Mar-2020 13:49:24.686 信息 [ContainerBackgroundProcessor[StandardEngine[Catalina]]] org.apache.catalina.core.StandardContext.reload Reloading Context with name [] is completed
06-Mar-2020 13:49:45.773 信息 [Thread-6] org.apache.coyote.AbstractProtocol.pause Pausing ProtocolHandler ["http-nio-80"]
06-Mar-2020 13:49:45.862 信息 [Thread-6] org.apache.coyote.AbstractProtocol.pause Pausing ProtocolHandler ["ajp-nio-8009"]
06-Mar-2020 13:49:45.996 信息 [Thread-6] org.apache.catalina.core.StandardService.stopInternal Stopping service [Catalina]
06-Mar-2020 13:49:46.024 信息 [Thread-6] org.apache.coyote.AbstractProtocol.stop Stopping ProtocolHandler ["http-nio-80"]
06-Mar-2020 13:49:46.028 信息 [Thread-6] org.apache.coyote.AbstractProtocol.stop Stopping ProtocolHandler ["ajp-nio-8009"]
06-Mar-2020 13:49:48.851 信息 [main] org.apache.catalina.startup.VersionLoggerListener.log Server version:        Apache Tomcat/8.5.20
06-Mar-2020 13:49:48.854 信息 [main] org.apache.catalina.startup.VersionLoggerListener.log Server built:          Aug 2 2017 21:35:49 UTC
06-Mar-2020 13:49:48.854 信息 [main] org.apache.catalina.startup.VersionLoggerListener.log Server number:         8.5.20.0
06-Mar-2020 13:49:48.854 信息 [main] org.apache.catalina.startup.VersionLoggerListener.log OS Name:               Windows 10
06-Mar-2020 13:49:48.854 信息 [main] org.apache.catalina.startup.VersionLoggerListener.log OS Version:            10.0
06-Mar-2020 13:49:48.854 信息 [main] org.apache.catalina.startup.VersionLoggerListener.log Architecture:          amd64
06-Mar-2020 13:49:48.854 信息 [main] org.apache.catalina.startup.VersionLoggerListener.log Java Home:             E:\UserProgram\JAVA\jre
06-Mar-2020 13:49:48.854 信息 [main] org.apache.catalina.startup.VersionLoggerListener.log JVM Version:           1.8.0_161-b12
06-Mar-2020 13:49:48.854 信息 [main] org.apache.catalina.startup.VersionLoggerListener.log JVM Vendor:            Oracle Corporation
06-Mar-2020 13:49:48.857 信息 [main] org.apache.catalina.startup.VersionLoggerListener.log CATALINA_BASE:         E:\Server\apache-tomcat-8.5.20
06-Mar-2020 13:49:48.857 信息 [main] org.apache.catalina.startup.VersionLoggerListener.log CATALINA_HOME:         E:\Server\apache-tomcat-8.5.20
06-Mar-2020 13:49:48.857 信息 [main] org.apache.catalina.startup.VersionLoggerListener.log Command line argument: -Dcatalina.home=E:\Server\apache-tomcat-8.5.20
06-Mar-2020 13:49:48.858 信息 [main] org.apache.catalina.startup.VersionLoggerListener.log Command line argument: -Dcatalina.base=E:\Server\apache-tomcat-8.5.20
06-Mar-2020 13:49:48.858 信息 [main] org.apache.catalina.startup.VersionLoggerListener.log Command line argument: -Djava.io.tmpdir=E:\Server\apache-tomcat-8.5.20\temp
06-Mar-2020 13:49:48.858 信息 [main] org.apache.catalina.startup.VersionLoggerListener.log Command line argument: -Djava.util.logging.manager=org.apache.juli.ClassLoaderLogManager
06-Mar-2020 13:49:48.858 信息 [main] org.apache.catalina.startup.VersionLoggerListener.log Command line argument: -Djava.util.logging.config.file=E:\Server\apache-tomcat-8.5.20\conf\logging.properties
06-Mar-2020 13:49:48.858 信息 [main] org.apache.catalina.startup.VersionLoggerListener.log Command line argument: exit
06-Mar-2020 13:49:48.858 信息 [main] org.apache.catalina.startup.VersionLoggerListener.log Command line argument: -Xms128m
06-Mar-2020 13:49:48.858 信息 [main] org.apache.catalina.startup.VersionLoggerListener.log Command line argument: -Xmx256m
06-Mar-2020 13:49:48.859 信息 [main] org.apache.catalina.core.AprLifecycleListener.lifecycleEvent Loaded APR based Apache Tomcat Native library [1.2.12] using APR version [1.5.2].
06-Mar-2020 13:49:48.859 信息 [main] org.apache.catalina.core.AprLifecycleListener.lifecycleEvent APR capabilities: IPv6 [true], sendfile [true], accept filters [false], random [true].
06-Mar-2020 13:49:48.859 信息 [main] org.apache.catalina.core.AprLifecycleListener.lifecycleEvent APR/OpenSSL configuration: useAprConnector [false], useOpenSSL [true]
06-Mar-2020 13:49:49.453 信息 [main] org.apache.catalina.core.AprLifecycleListener.initializeSSL OpenSSL successfully initialized [OpenSSL 1.0.2k  26 Jan 2017]
06-Mar-2020 13:49:49.598 信息 [main] org.apache.coyote.AbstractProtocol.init Initializing ProtocolHandler ["http-nio-80"]
06-Mar-2020 13:49:49.795 信息 [main] org.apache.tomcat.util.net.NioSelectorPool.getSharedSelector Using a shared selector for servlet write/read
06-Mar-2020 13:49:49.798 信息 [main] org.apache.coyote.AbstractProtocol.init Initializing ProtocolHandler ["ajp-nio-8009"]
06-Mar-2020 13:49:49.800 信息 [main] org.apache.tomcat.util.net.NioSelectorPool.getSharedSelector Using a shared selector for servlet write/read
06-Mar-2020 13:49:49.800 信息 [main] org.apache.catalina.startup.Catalina.load Initialization processed in 1394 ms
06-Mar-2020 13:49:49.851 信息 [main] org.apache.catalina.core.StandardService.startInternal Starting service [Catalina]
06-Mar-2020 13:49:49.851 信息 [main] org.apache.catalina.core.StandardEngine.startInternal Starting Servlet Engine: Apache Tomcat/8.5.20
06-Mar-2020 13:49:50.515 信息 [localhost-startStop-1] org.apache.jasper.servlet.TldScanner.scanJars At least one JAR was scanned for TLDs yet contained no TLDs. Enable debug logging for this logger for a complete list of JARs that were scanned but no TLDs were found in them. Skipping unneeded JARs during scanning can improve startup time and JSP compilation time.
06-Mar-2020 13:49:50.579 信息 [localhost-startStop-1] org.apache.catalina.startup.HostConfig.deployDirectory Deploying web application directory [E:\Server\apache-tomcat-8.5.20\webapps\docs]
06-Mar-2020 13:49:50.601 信息 [localhost-startStop-1] org.apache.catalina.startup.HostConfig.deployDirectory Deployment of web application directory [E:\Server\apache-tomcat-8.5.20\webapps\docs] has finished in [22] ms
06-Mar-2020 13:49:50.601 信息 [localhost-startStop-1] org.apache.catalina.startup.HostConfig.deployDirectory Deploying web application directory [E:\Server\apache-tomcat-8.5.20\webapps\examples]
06-Mar-2020 13:49:50.951 信息 [localhost-startStop-1] org.apache.catalina.startup.HostConfig.deployDirectory Deployment of web application directory [E:\Server\apache-tomcat-8.5.20\webapps\examples] has finished in [350] ms
06-Mar-2020 13:49:50.951 信息 [localhost-startStop-1] org.apache.catalina.startup.HostConfig.deployDirectory Deploying web application directory [E:\Server\apache-tomcat-8.5.20\webapps\examSystem]
06-Mar-2020 13:49:50.974 信息 [localhost-startStop-1] org.apache.catalina.startup.HostConfig.deployDirectory Deployment of web application directory [E:\Server\apache-tomcat-8.5.20\webapps\examSystem] has finished in [23] ms
06-Mar-2020 13:49:50.975 信息 [localhost-startStop-1] org.apache.catalina.startup.HostConfig.deployDirectory Deploying web application directory [E:\Server\apache-tomcat-8.5.20\webapps\host-manager]
06-Mar-2020 13:49:51.005 信息 [localhost-startStop-1] org.apache.catalina.startup.HostConfig.deployDirectory Deployment of web application directory [E:\Server\apache-tomcat-8.5.20\webapps\host-manager] has finished in [30] ms
06-Mar-2020 13:49:51.005 信息 [localhost-startStop-1] org.apache.catalina.startup.HostConfig.deployDirectory Deploying web application directory [E:\Server\apache-tomcat-8.5.20\webapps\manager]
06-Mar-2020 13:49:51.031 信息 [localhost-startStop-1] org.apache.catalina.startup.HostConfig.deployDirectory Deployment of web application directory [E:\Server\apache-tomcat-8.5.20\webapps\manager] has finished in [26] ms
06-Mar-2020 13:49:51.034 信息 [main] org.apache.coyote.AbstractProtocol.start Starting ProtocolHandler ["http-nio-80"]
06-Mar-2020 13:49:51.042 信息 [main] org.apache.coyote.AbstractProtocol.start Starting ProtocolHandler ["ajp-nio-8009"]
06-Mar-2020 13:49:51.045 信息 [main] org.apache.catalina.startup.Catalina.start Server startup in 1244 ms
06-Mar-2020 14:07:54.134 信息 [ContainerBackgroundProcessor[StandardEngine[Catalina]]] org.apache.catalina.startup.HostConfig.undeploy Undeploying context [/examples]
06-Mar-2020 14:07:54.730 信息 [ContainerBackgroundProcessor[StandardEngine[Catalina]]] org.apache.catalina.startup.HostConfig.undeploy Undeploying context [/host-manager]
06-Mar-2020 14:07:55.244 信息 [ContainerBackgroundProcessor[StandardEngine[Catalina]]] org.apache.catalina.startup.HostConfig.undeploy Undeploying context [/manager]
06-Mar-2020 14:07:55.756 信息 [ContainerBackgroundProcessor[StandardEngine[Catalina]]] org.apache.catalina.startup.HostConfig.undeploy Undeploying context [/docs]
06-Mar-2020 14:08:05.820 信息 [ContainerBackgroundProcessor[StandardEngine[Catalina]]] org.apache.catalina.loader.WebappClassLoaderBase.modified One or more JARs have been added to the web application []
06-Mar-2020 14:08:05.820 信息 [ContainerBackgroundProcessor[StandardEngine[Catalina]]] org.apache.catalina.core.StandardContext.reload Reloading Context with name [] has started
06-Mar-2020 14:08:06.202 信息 [ContainerBackgroundProcessor[StandardEngine[Catalina]]] org.apache.catalina.core.StandardContext.reload Reloading Context with name [] is completed
06-Mar-2020 14:41:14.919 信息 [Thread-6] org.apache.coyote.AbstractProtocol.pause Pausing ProtocolHandler ["http-nio-80"]
06-Mar-2020 14:41:15.062 信息 [Thread-6] org.apache.coyote.AbstractProtocol.pause Pausing ProtocolHandler ["ajp-nio-8009"]
06-Mar-2020 14:41:15.200 信息 [Thread-6] org.apache.catalina.core.StandardService.stopInternal Stopping service [Catalina]
06-Mar-2020 14:41:15.211 信息 [Thread-6] org.apache.coyote.AbstractProtocol.stop Stopping ProtocolHandler ["http-nio-80"]
06-Mar-2020 14:41:15.215 信息 [Thread-6] org.apache.coyote.AbstractProtocol.stop Stopping ProtocolHandler ["ajp-nio-8009"]
06-Mar-2020 14:41:17.995 信息 [main] org.apache.catalina.startup.VersionLoggerListener.log Server version:        Apache Tomcat/8.5.20
06-Mar-2020 14:41:17.999 信息 [main] org.apache.catalina.startup.VersionLoggerListener.log Server built:          Aug 2 2017 21:35:49 UTC
06-Mar-2020 14:41:17.999 信息 [main] org.apache.catalina.startup.VersionLoggerListener.log Server number:         8.5.20.0
06-Mar-2020 14:41:17.999 信息 [main] org.apache.catalina.startup.VersionLoggerListener.log OS Name:               Windows 10
06-Mar-2020 14:41:17.999 信息 [main] org.apache.catalina.startup.VersionLoggerListener.log OS Version:            10.0
06-Mar-2020 14:41:17.999 信息 [main] org.apache.catalina.startup.VersionLoggerListener.log Architecture:          amd64
06-Mar-2020 14:41:18.000 信息 [main] org.apache.catalina.startup.VersionLoggerListener.log Java Home:             E:\UserProgram\JAVA\jre
06-Mar-2020 14:41:18.000 信息 [main] org.apache.catalina.startup.VersionLoggerListener.log JVM Version:           1.8.0_161-b12
06-Mar-2020 14:41:18.000 信息 [main] org.apache.catalina.startup.VersionLoggerListener.log JVM Vendor:            Oracle Corporation
06-Mar-2020 14:41:18.000 信息 [main] org.apache.catalina.startup.VersionLoggerListener.log CATALINA_BASE:         E:\Server\apache-tomcat-8.5.20
06-Mar-2020 14:41:18.002 信息 [main] org.apache.catalina.startup.VersionLoggerListener.log CATALINA_HOME:         E:\Server\apache-tomcat-8.5.20
06-Mar-2020 14:41:18.002 信息 [main] org.apache.catalina.startup.VersionLoggerListener.log Command line argument: -Dcatalina.home=E:\Server\apache-tomcat-8.5.20
06-Mar-2020 14:41:18.002 信息 [main] org.apache.catalina.startup.VersionLoggerListener.log Command line argument: -Dcatalina.base=E:\Server\apache-tomcat-8.5.20
06-Mar-2020 14:41:18.002 信息 [main] org.apache.catalina.startup.VersionLoggerListener.log Command line argument: -Djava.io.tmpdir=E:\Server\apache-tomcat-8.5.20\temp
06-Mar-2020 14:41:18.002 信息 [main] org.apache.catalina.startup.VersionLoggerListener.log Command line argument: -Djava.util.logging.manager=org.apache.juli.ClassLoaderLogManager
06-Mar-2020 14:41:18.002 信息 [main] org.apache.catalina.startup.VersionLoggerListener.log Command line argument: -Djava.util.logging.config.file=E:\Server\apache-tomcat-8.5.20\conf\logging.properties
06-Mar-2020 14:41:18.003 信息 [main] org.apache.catalina.startup.VersionLoggerListener.log Command line argument: exit
06-Mar-2020 14:41:18.003 信息 [main] org.apache.catalina.startup.VersionLoggerListener.log Command line argument: -Xms128m
06-Mar-2020 14:41:18.003 信息 [main] org.apache.catalina.startup.VersionLoggerListener.log Command line argument: -Xmx256m
06-Mar-2020 14:41:18.003 信息 [main] org.apache.catalina.core.AprLifecycleListener.lifecycleEvent Loaded APR based Apache Tomcat Native library [1.2.12] using APR version [1.5.2].
06-Mar-2020 14:41:18.003 信息 [main] org.apache.catalina.core.AprLifecycleListener.lifecycleEvent APR capabilities: IPv6 [true], sendfile [true], accept filters [false], random [true].
06-Mar-2020 14:41:18.003 信息 [main] org.apache.catalina.core.AprLifecycleListener.lifecycleEvent APR/OpenSSL configuration: useAprConnector [false], useOpenSSL [true]
06-Mar-2020 14:41:18.602 信息 [main] org.apache.catalina.core.AprLifecycleListener.initializeSSL OpenSSL successfully initialized [OpenSSL 1.0.2k  26 Jan 2017]
06-Mar-2020 14:41:18.746 信息 [main] org.apache.coyote.AbstractProtocol.init Initializing ProtocolHandler ["http-nio-80"]
06-Mar-2020 14:41:18.938 信息 [main] org.apache.tomcat.util.net.NioSelectorPool.getSharedSelector Using a shared selector for servlet write/read
06-Mar-2020 14:41:18.940 信息 [main] org.apache.coyote.AbstractProtocol.init Initializing ProtocolHandler ["ajp-nio-8009"]
06-Mar-2020 14:41:18.942 信息 [main] org.apache.tomcat.util.net.NioSelectorPool.getSharedSelector Using a shared selector for servlet write/read
06-Mar-2020 14:41:18.942 信息 [main] org.apache.catalina.startup.Catalina.load Initialization processed in 1391 ms
06-Mar-2020 14:41:18.982 信息 [main] org.apache.catalina.core.StandardService.startInternal Starting service [Catalina]
06-Mar-2020 14:41:18.983 信息 [main] org.apache.catalina.core.StandardEngine.startInternal Starting Servlet Engine: Apache Tomcat/8.5.20
06-Mar-2020 14:41:19.799 信息 [localhost-startStop-1] org.apache.jasper.servlet.TldScanner.scanJars At least one JAR was scanned for TLDs yet contained no TLDs. Enable debug logging for this logger for a complete list of JARs that were scanned but no TLDs were found in them. Skipping unneeded JARs during scanning can improve startup time and JSP compilation time.
06-Mar-2020 14:41:19.902 信息 [localhost-startStop-1] org.apache.catalina.startup.HostConfig.deployDirectory Deploying web application directory [E:\Server\apache-tomcat-8.5.20\webapps\examSystem]
06-Mar-2020 14:41:19.934 信息 [localhost-startStop-1] org.apache.catalina.startup.HostConfig.deployDirectory Deployment of web application directory [E:\Server\apache-tomcat-8.5.20\webapps\examSystem] has finished in [32] ms
06-Mar-2020 14:41:19.937 信息 [main] org.apache.coyote.AbstractProtocol.start Starting ProtocolHandler ["http-nio-80"]
06-Mar-2020 14:41:19.948 信息 [main] org.apache.coyote.AbstractProtocol.start Starting ProtocolHandler ["ajp-nio-8009"]
06-Mar-2020 14:41:19.952 信息 [main] org.apache.catalina.startup.Catalina.start Server startup in 1009 ms
06-Mar-2020 14:41:52.169 信息 [Thread-6] org.apache.coyote.AbstractProtocol.pause Pausing ProtocolHandler ["http-nio-80"]
06-Mar-2020 14:41:52.313 信息 [Thread-6] org.apache.coyote.AbstractProtocol.pause Pausing ProtocolHandler ["ajp-nio-8009"]
06-Mar-2020 14:41:52.448 信息 [Thread-6] org.apache.catalina.core.StandardService.stopInternal Stopping service [Catalina]
06-Mar-2020 14:41:52.457 信息 [Thread-6] org.apache.coyote.AbstractProtocol.stop Stopping ProtocolHandler ["http-nio-80"]
06-Mar-2020 14:41:52.459 信息 [Thread-6] org.apache.coyote.AbstractProtocol.stop Stopping ProtocolHandler ["ajp-nio-8009"]
06-Mar-2020 14:41:55.183 信息 [main] org.apache.catalina.startup.VersionLoggerListener.log Server version:        Apache Tomcat/8.5.20
06-Mar-2020 14:41:55.186 信息 [main] org.apache.catalina.startup.VersionLoggerListener.log Server built:          Aug 2 2017 21:35:49 UTC
06-Mar-2020 14:41:55.186 信息 [main] org.apache.catalina.startup.VersionLoggerListener.log Server number:         8.5.20.0
06-Mar-2020 14:41:55.187 信息 [main] org.apache.catalina.startup.VersionLoggerListener.log OS Name:               Windows 10
06-Mar-2020 14:41:55.187 信息 [main] org.apache.catalina.startup.VersionLoggerListener.log OS Version:            10.0
06-Mar-2020 14:41:55.187 信息 [main] org.apache.catalina.startup.VersionLoggerListener.log Architecture:          amd64
06-Mar-2020 14:41:55.187 信息 [main] org.apache.catalina.startup.VersionLoggerListener.log Java Home:             E:\UserProgram\JAVA\jre
06-Mar-2020 14:41:55.187 信息 [main] org.apache.catalina.startup.VersionLoggerListener.log JVM Version:           1.8.0_161-b12
06-Mar-2020 14:41:55.187 信息 [main] org.apache.catalina.startup.VersionLoggerListener.log JVM Vendor:            Oracle Corporation
06-Mar-2020 14:41:55.188 信息 [main] org.apache.catalina.startup.VersionLoggerListener.log CATALINA_BASE:         E:\Server\apache-tomcat-8.5.20
06-Mar-2020 14:41:55.188 信息 [main] org.apache.catalina.startup.VersionLoggerListener.log CATALINA_HOME:         E:\Server\apache-tomcat-8.5.20
06-Mar-2020 14:41:55.188 信息 [main] org.apache.catalina.startup.VersionLoggerListener.log Command line argument: -Dcatalina.home=E:\Server\apache-tomcat-8.5.20
06-Mar-2020 14:41:55.189 信息 [main] org.apache.catalina.startup.VersionLoggerListener.log Command line argument: -Dcatalina.base=E:\Server\apache-tomcat-8.5.20
06-Mar-2020 14:41:55.189 信息 [main] org.apache.catalina.startup.VersionLoggerListener.log Command line argument: -Djava.io.tmpdir=E:\Server\apache-tomcat-8.5.20\temp
06-Mar-2020 14:41:55.189 信息 [main] org.apache.catalina.startup.VersionLoggerListener.log Command line argument: -Djava.util.logging.manager=org.apache.juli.ClassLoaderLogManager
06-Mar-2020 14:41:55.189 信息 [main] org.apache.catalina.startup.VersionLoggerListener.log Command line argument: -Djava.util.logging.config.file=E:\Server\apache-tomcat-8.5.20\conf\logging.properties
06-Mar-2020 14:41:55.189 信息 [main] org.apache.catalina.startup.VersionLoggerListener.log Command line argument: exit
06-Mar-2020 14:41:55.189 信息 [main] org.apache.catalina.startup.VersionLoggerListener.log Command line argument: -Xms128m
06-Mar-2020 14:41:55.189 信息 [main] org.apache.catalina.startup.VersionLoggerListener.log Command line argument: -Xmx256m
06-Mar-2020 14:41:55.189 信息 [main] org.apache.catalina.core.AprLifecycleListener.lifecycleEvent Loaded APR based Apache Tomcat Native library [1.2.12] using APR version [1.5.2].
06-Mar-2020 14:41:55.189 信息 [main] org.apache.catalina.core.AprLifecycleListener.lifecycleEvent APR capabilities: IPv6 [true], sendfile [true], accept filters [false], random [true].
06-Mar-2020 14:41:55.189 信息 [main] org.apache.catalina.core.AprLifecycleListener.lifecycleEvent APR/OpenSSL configuration: useAprConnector [false], useOpenSSL [true]
06-Mar-2020 14:41:55.797 信息 [main] org.apache.catalina.core.AprLifecycleListener.initializeSSL OpenSSL successfully initialized [OpenSSL 1.0.2k  26 Jan 2017]
06-Mar-2020 14:41:55.944 信息 [main] org.apache.coyote.AbstractProtocol.init Initializing ProtocolHandler ["http-nio-80"]
06-Mar-2020 14:41:56.120 信息 [main] org.apache.tomcat.util.net.NioSelectorPool.getSharedSelector Using a shared selector for servlet write/read
06-Mar-2020 14:41:56.123 信息 [main] org.apache.coyote.AbstractProtocol.init Initializing ProtocolHandler ["ajp-nio-8009"]
06-Mar-2020 14:41:56.125 信息 [main] org.apache.tomcat.util.net.NioSelectorPool.getSharedSelector Using a shared selector for servlet write/read
06-Mar-2020 14:41:56.125 信息 [main] org.apache.catalina.startup.Catalina.load Initialization processed in 1373 ms
06-Mar-2020 14:41:56.147 信息 [main] org.apache.catalina.core.StandardService.startInternal Starting service [Catalina]
06-Mar-2020 14:41:56.147 信息 [main] org.apache.catalina.core.StandardEngine.startInternal Starting Servlet Engine: Apache Tomcat/8.5.20
06-Mar-2020 14:41:56.876 信息 [localhost-startStop-1] org.apache.jasper.servlet.TldScanner.scanJars At least one JAR was scanned for TLDs yet contained no TLDs. Enable debug logging for this logger for a complete list of JARs that were scanned but no TLDs were found in them. Skipping unneeded JARs during scanning can improve startup time and JSP compilation time.
06-Mar-2020 14:41:56.923 信息 [localhost-startStop-1] org.apache.catalina.startup.HostConfig.deployDirectory Deploying web application directory [E:\Server\apache-tomcat-8.5.20\webapps\examSystem]
06-Mar-2020 14:41:56.949 信息 [localhost-startStop-1] org.apache.catalina.startup.HostConfig.deployDirectory Deployment of web application directory [E:\Server\apache-tomcat-8.5.20\webapps\examSystem] has finished in [26] ms
06-Mar-2020 14:41:56.952 信息 [main] org.apache.coyote.AbstractProtocol.start Starting ProtocolHandler ["http-nio-80"]
06-Mar-2020 14:41:56.964 信息 [main] org.apache.coyote.AbstractProtocol.start Starting ProtocolHandler ["ajp-nio-8009"]
06-Mar-2020 14:41:56.966 信息 [main] org.apache.catalina.startup.Catalina.start Server startup in 841 ms
