09-Apr-2020 12:31:53.731 信息 [main] org.apache.catalina.startup.VersionLoggerListener.log Server version:        Apache Tomcat/8.5.20
09-Apr-2020 12:31:53.734 信息 [main] org.apache.catalina.startup.VersionLoggerListener.log Server built:          Aug 2 2017 21:35:49 UTC
09-Apr-2020 12:31:53.734 信息 [main] org.apache.catalina.startup.VersionLoggerListener.log Server number:         8.5.20.0
09-Apr-2020 12:31:53.734 信息 [main] org.apache.catalina.startup.VersionLoggerListener.log OS Name:               Windows 10
09-Apr-2020 12:31:53.734 信息 [main] org.apache.catalina.startup.VersionLoggerListener.log OS Version:            10.0
09-Apr-2020 12:31:53.735 信息 [main] org.apache.catalina.startup.VersionLoggerListener.log Architecture:          amd64
09-Apr-2020 12:31:53.735 信息 [main] org.apache.catalina.startup.VersionLoggerListener.log Java Home:             E:\UserProgram\JAVA\jre
09-Apr-2020 12:31:53.735 信息 [main] org.apache.catalina.startup.VersionLoggerListener.log JVM Version:           1.8.0_161-b12
09-Apr-2020 12:31:53.735 信息 [main] org.apache.catalina.startup.VersionLoggerListener.log JVM Vendor:            Oracle Corporation
09-Apr-2020 12:31:53.735 信息 [main] org.apache.catalina.startup.VersionLoggerListener.log CATALINA_BASE:         E:\Server\apache-tomcat-8.5.20
09-Apr-2020 12:31:53.735 信息 [main] org.apache.catalina.startup.VersionLoggerListener.log CATALINA_HOME:         E:\Server\apache-tomcat-8.5.20
09-Apr-2020 12:31:53.735 信息 [main] org.apache.catalina.startup.VersionLoggerListener.log Command line argument: -Dcatalina.home=E:\Server\apache-tomcat-8.5.20
09-Apr-2020 12:31:53.735 信息 [main] org.apache.catalina.startup.VersionLoggerListener.log Command line argument: -Dcatalina.base=E:\Server\apache-tomcat-8.5.20
09-Apr-2020 12:31:53.735 信息 [main] org.apache.catalina.startup.VersionLoggerListener.log Command line argument: -Djava.io.tmpdir=E:\Server\apache-tomcat-8.5.20\temp
09-Apr-2020 12:31:53.735 信息 [main] org.apache.catalina.startup.VersionLoggerListener.log Command line argument: -Djava.util.logging.manager=org.apache.juli.ClassLoaderLogManager
09-Apr-2020 12:31:53.735 信息 [main] org.apache.catalina.startup.VersionLoggerListener.log Command line argument: -Djava.util.logging.config.file=E:\Server\apache-tomcat-8.5.20\conf\logging.properties
09-Apr-2020 12:31:53.736 信息 [main] org.apache.catalina.startup.VersionLoggerListener.log Command line argument: exit
09-Apr-2020 12:31:53.738 信息 [main] org.apache.catalina.startup.VersionLoggerListener.log Command line argument: -Xms128m
09-Apr-2020 12:31:53.738 信息 [main] org.apache.catalina.startup.VersionLoggerListener.log Command line argument: -Xmx256m
09-Apr-2020 12:31:53.738 信息 [main] org.apache.catalina.core.AprLifecycleListener.lifecycleEvent Loaded APR based Apache Tomcat Native library [1.2.12] using APR version [1.5.2].
09-Apr-2020 12:31:53.738 信息 [main] org.apache.catalina.core.AprLifecycleListener.lifecycleEvent APR capabilities: IPv6 [true], sendfile [true], accept filters [false], random [true].
09-Apr-2020 12:31:53.738 信息 [main] org.apache.catalina.core.AprLifecycleListener.lifecycleEvent APR/OpenSSL configuration: useAprConnector [false], useOpenSSL [true]
09-Apr-2020 12:31:54.354 信息 [main] org.apache.catalina.core.AprLifecycleListener.initializeSSL OpenSSL successfully initialized [OpenSSL 1.0.2k  26 Jan 2017]
09-Apr-2020 12:31:54.487 信息 [main] org.apache.coyote.AbstractProtocol.init Initializing ProtocolHandler ["http-nio-80"]
09-Apr-2020 12:31:54.698 信息 [main] org.apache.tomcat.util.net.NioSelectorPool.getSharedSelector Using a shared selector for servlet write/read
09-Apr-2020 12:31:54.704 信息 [main] org.apache.coyote.AbstractProtocol.init Initializing ProtocolHandler ["ajp-nio-8009"]
09-Apr-2020 12:31:54.707 信息 [main] org.apache.tomcat.util.net.NioSelectorPool.getSharedSelector Using a shared selector for servlet write/read
09-Apr-2020 12:31:54.707 信息 [main] org.apache.catalina.startup.Catalina.load Initialization processed in 1567 ms
09-Apr-2020 12:31:54.734 信息 [main] org.apache.catalina.core.StandardService.startInternal Starting service [Catalina]
09-Apr-2020 12:31:54.734 信息 [main] org.apache.catalina.core.StandardEngine.startInternal Starting Servlet Engine: Apache Tomcat/8.5.20
09-Apr-2020 12:31:55.471 信息 [localhost-startStop-1] org.apache.jasper.servlet.TldScanner.scanJars At least one JAR was scanned for TLDs yet contained no TLDs. Enable debug logging for this logger for a complete list of JARs that were scanned but no TLDs were found in them. Skipping unneeded JARs during scanning can improve startup time and JSP compilation time.
09-Apr-2020 12:31:55.533 信息 [localhost-startStop-1] org.apache.catalina.startup.HostConfig.deployDirectory Deploying web application directory [E:\Server\apache-tomcat-8.5.20\webapps\ExamSystem]
09-Apr-2020 12:31:55.566 严重 [localhost-startStop-1] org.apache.catalina.core.StandardContext.startInternal One or more Filters failed to start. Full details will be found in the appropriate container log file
09-Apr-2020 12:31:55.566 严重 [localhost-startStop-1] org.apache.catalina.core.StandardContext.startInternal Context [/ExamSystem] startup failed due to previous errors
09-Apr-2020 12:31:55.574 信息 [localhost-startStop-1] org.apache.catalina.startup.HostConfig.deployDirectory Deployment of web application directory [E:\Server\apache-tomcat-8.5.20\webapps\ExamSystem] has finished in [41] ms
09-Apr-2020 12:31:55.574 信息 [localhost-startStop-1] org.apache.catalina.startup.HostConfig.deployDirectory Deploying web application directory [E:\Server\apache-tomcat-8.5.20\webapps\HomeOfMovie]
09-Apr-2020 12:31:55.609 严重 [localhost-startStop-1] org.apache.catalina.core.StandardContext.startInternal One or more Filters failed to start. Full details will be found in the appropriate container log file
09-Apr-2020 12:31:55.610 严重 [localhost-startStop-1] org.apache.catalina.core.StandardContext.startInternal Context [/HomeOfMovie] startup failed due to previous errors
09-Apr-2020 12:31:55.614 信息 [localhost-startStop-1] org.apache.catalina.startup.HostConfig.deployDirectory Deployment of web application directory [E:\Server\apache-tomcat-8.5.20\webapps\HomeOfMovie] has finished in [40] ms
09-Apr-2020 12:31:55.616 信息 [main] org.apache.coyote.AbstractProtocol.start Starting ProtocolHandler ["http-nio-80"]
09-Apr-2020 12:31:55.626 信息 [main] org.apache.coyote.AbstractProtocol.start Starting ProtocolHandler ["ajp-nio-8009"]
09-Apr-2020 12:31:55.630 信息 [main] org.apache.catalina.startup.Catalina.start Server startup in 922 ms
