13-Mar-2020 10:57:31.714 信息 [main] org.apache.catalina.startup.VersionLoggerListener.log Server version:        Apache Tomcat/8.5.20
13-Mar-2020 10:57:31.718 信息 [main] org.apache.catalina.startup.VersionLoggerListener.log Server built:          Aug 2 2017 21:35:49 UTC
13-Mar-2020 10:57:31.718 信息 [main] org.apache.catalina.startup.VersionLoggerListener.log Server number:         8.5.20.0
13-Mar-2020 10:57:31.718 信息 [main] org.apache.catalina.startup.VersionLoggerListener.log OS Name:               Windows 10
13-Mar-2020 10:57:31.718 信息 [main] org.apache.catalina.startup.VersionLoggerListener.log OS Version:            10.0
13-Mar-2020 10:57:31.718 信息 [main] org.apache.catalina.startup.VersionLoggerListener.log Architecture:          amd64
13-Mar-2020 10:57:31.719 信息 [main] org.apache.catalina.startup.VersionLoggerListener.log Java Home:             E:\UserProgram\JAVA\jre
13-Mar-2020 10:57:31.719 信息 [main] org.apache.catalina.startup.VersionLoggerListener.log JVM Version:           1.8.0_161-b12
13-Mar-2020 10:57:31.719 信息 [main] org.apache.catalina.startup.VersionLoggerListener.log JVM Vendor:            Oracle Corporation
13-Mar-2020 10:57:31.719 信息 [main] org.apache.catalina.startup.VersionLoggerListener.log CATALINA_BASE:         E:\Server\apache-tomcat-8.5.20
13-Mar-2020 10:57:31.719 信息 [main] org.apache.catalina.startup.VersionLoggerListener.log CATALINA_HOME:         E:\Server\apache-tomcat-8.5.20
13-Mar-2020 10:57:31.719 信息 [main] org.apache.catalina.startup.VersionLoggerListener.log Command line argument: -Dcatalina.home=E:\Server\apache-tomcat-8.5.20
13-Mar-2020 10:57:31.719 信息 [main] org.apache.catalina.startup.VersionLoggerListener.log Command line argument: -Dcatalina.base=E:\Server\apache-tomcat-8.5.20
13-Mar-2020 10:57:31.720 信息 [main] org.apache.catalina.startup.VersionLoggerListener.log Command line argument: -Djava.io.tmpdir=E:\Server\apache-tomcat-8.5.20\temp
13-Mar-2020 10:57:31.720 信息 [main] org.apache.catalina.startup.VersionLoggerListener.log Command line argument: -Djava.util.logging.manager=org.apache.juli.ClassLoaderLogManager
13-Mar-2020 10:57:31.720 信息 [main] org.apache.catalina.startup.VersionLoggerListener.log Command line argument: -Djava.util.logging.config.file=E:\Server\apache-tomcat-8.5.20\conf\logging.properties
13-Mar-2020 10:57:31.720 信息 [main] org.apache.catalina.startup.VersionLoggerListener.log Command line argument: exit
13-Mar-2020 10:57:31.720 信息 [main] org.apache.catalina.startup.VersionLoggerListener.log Command line argument: -Xms128m
13-Mar-2020 10:57:31.720 信息 [main] org.apache.catalina.startup.VersionLoggerListener.log Command line argument: -Xmx256m
13-Mar-2020 10:57:31.720 信息 [main] org.apache.catalina.core.AprLifecycleListener.lifecycleEvent Loaded APR based Apache Tomcat Native library [1.2.12] using APR version [1.5.2].
13-Mar-2020 10:57:31.721 信息 [main] org.apache.catalina.core.AprLifecycleListener.lifecycleEvent APR capabilities: IPv6 [true], sendfile [true], accept filters [false], random [true].
13-Mar-2020 10:57:31.721 信息 [main] org.apache.catalina.core.AprLifecycleListener.lifecycleEvent APR/OpenSSL configuration: useAprConnector [false], useOpenSSL [true]
13-Mar-2020 10:57:32.358 信息 [main] org.apache.catalina.core.AprLifecycleListener.initializeSSL OpenSSL successfully initialized [OpenSSL 1.0.2k  26 Jan 2017]
13-Mar-2020 10:57:32.516 信息 [main] org.apache.coyote.AbstractProtocol.init Initializing ProtocolHandler ["http-nio-80"]
13-Mar-2020 10:57:32.686 信息 [main] org.apache.tomcat.util.net.NioSelectorPool.getSharedSelector Using a shared selector for servlet write/read
13-Mar-2020 10:57:32.688 信息 [main] org.apache.coyote.AbstractProtocol.init Initializing ProtocolHandler ["ajp-nio-8009"]
13-Mar-2020 10:57:32.692 信息 [main] org.apache.tomcat.util.net.NioSelectorPool.getSharedSelector Using a shared selector for servlet write/read
13-Mar-2020 10:57:32.693 信息 [main] org.apache.catalina.startup.Catalina.load Initialization processed in 1458 ms
13-Mar-2020 10:57:32.721 信息 [main] org.apache.catalina.core.StandardService.startInternal Starting service [Catalina]
13-Mar-2020 10:57:32.721 信息 [main] org.apache.catalina.core.StandardEngine.startInternal Starting Servlet Engine: Apache Tomcat/8.5.20
13-Mar-2020 10:57:33.450 信息 [localhost-startStop-1] org.apache.jasper.servlet.TldScanner.scanJars At least one JAR was scanned for TLDs yet contained no TLDs. Enable debug logging for this logger for a complete list of JARs that were scanned but no TLDs were found in them. Skipping unneeded JARs during scanning can improve startup time and JSP compilation time.
13-Mar-2020 10:57:33.520 信息 [localhost-startStop-1] org.apache.catalina.startup.HostConfig.deployDirectory Deploying web application directory [E:\Server\apache-tomcat-8.5.20\webapps\examSystem]
13-Mar-2020 10:57:33.604 信息 [localhost-startStop-1] org.apache.catalina.startup.HostConfig.deployDirectory Deployment of web application directory [E:\Server\apache-tomcat-8.5.20\webapps\examSystem] has finished in [84] ms
13-Mar-2020 10:57:33.607 信息 [main] org.apache.coyote.AbstractProtocol.start Starting ProtocolHandler ["http-nio-80"]
13-Mar-2020 10:57:33.616 信息 [main] org.apache.coyote.AbstractProtocol.start Starting ProtocolHandler ["ajp-nio-8009"]
13-Mar-2020 10:57:33.618 信息 [main] org.apache.catalina.startup.Catalina.start Server startup in 924 ms
13-Mar-2020 20:52:02.158 信息 [Thread-6] org.apache.coyote.AbstractProtocol.pause Pausing ProtocolHandler ["http-nio-80"]
13-Mar-2020 20:52:02.361 信息 [Thread-6] org.apache.coyote.AbstractProtocol.pause Pausing ProtocolHandler ["ajp-nio-8009"]
13-Mar-2020 20:52:02.502 信息 [Thread-6] org.apache.catalina.core.StandardService.stopInternal Stopping service [Catalina]
13-Mar-2020 20:52:02.517 警告 [localhost-startStop-2] org.apache.catalina.loader.WebappClassLoaderBase.clearReferencesJdbc The web application [ROOT] registered the JDBC driver [com.mysql.jdbc.Driver] but failed to unregister it when the web application was stopped. To prevent a memory leak, the JDBC Driver has been forcibly unregistered.
13-Mar-2020 20:52:02.611 信息 [Thread-6] org.apache.coyote.AbstractProtocol.stop Stopping ProtocolHandler ["http-nio-80"]
13-Mar-2020 20:52:02.611 信息 [Thread-6] org.apache.coyote.AbstractProtocol.stop Stopping ProtocolHandler ["ajp-nio-8009"]
