[2020-03-17 12:26:52] [info]  [ 8936] Commons Daemon procrun (1.0.15.0 64-bit) started
[2020-03-17 12:26:53] [info]  [ 8936] Running 'Tomcat8' Service...
[2020-03-17 12:26:54] [info]  [ 2192] Starting service...
[2020-03-17 12:26:55] [info]  [ 2192] Service started in 1222 ms.
[2020-03-17 20:16:57] [info]  [11196] Stopping service...
[2020-03-17 20:16:58] [info]  [11196] Service stop thread completed.
[2020-03-17 20:16:58] [info]  [ 8936] Run service finished.
[2020-03-17 20:16:58] [info]  [ 8936] Commons Daemon procrun finished
[2020-03-17 20:16:59] [info]  [11248] Commons Daemon procrun (1.0.15.0 64-bit) started
[2020-03-17 20:16:59] [info]  [11248] Running 'Tomcat8' Service...
[2020-03-17 20:16:59] [info]  [10396] Starting service...
[2020-03-17 20:17:00] [info]  [10396] Service started in 1180 ms.
[2020-03-17 22:35:18] [info]  [ 5064] Stopping service...
[2020-03-17 22:35:19] [info]  [ 5064] Service stop thread completed.
[2020-03-17 22:35:19] [info]  [11248] Run service finished.
[2020-03-17 22:35:20] [info]  [11248] Commons Daemon procrun finished
[2020-03-17 23:06:58] [info]  [10636] Commons Daemon procrun (1.0.15.0 64-bit) started
[2020-03-17 23:06:58] [info]  [10636] Running 'Tomcat8' Service...
[2020-03-17 23:06:58] [info]  [  196] Starting service...
[2020-03-17 23:06:59] [info]  [  196] Service started in 1150 ms.
[2020-03-18 00:34:46] [info]  [ 9152] Console SHUTDOWN event signaled
[2020-03-18 00:34:46] [info]  [ 9152] Stopping service...
[2020-03-18 00:34:47] [info]  [ 9152] Service stop thread completed.
[2020-03-18 00:34:48] [info]  [10636] Run service finished.
[2020-03-18 00:34:48] [info]  [10636] Commons Daemon procrun finished
