[2020-03-14 08:26:51] [info]  [ 6840] Commons Daemon procrun (1.0.15.0 64-bit) started
[2020-03-14 08:26:52] [info]  [ 6840] Running 'Tomcat8' Service...
[2020-03-14 08:26:52] [info]  [ 3052] Starting service...
[2020-03-14 08:26:53] [info]  [ 3052] Service started in 1211 ms.
[2020-03-14 09:35:18] [info]  [ 9324] Stopping service...
[2020-03-14 09:35:19] [info]  [ 9324] Service stop thread completed.
[2020-03-14 09:35:19] [info]  [ 6840] Run service finished.
[2020-03-14 09:35:20] [info]  [ 6840] Commons Daemon procrun finished
[2020-03-14 09:35:20] [info]  [ 6088] Commons Daemon procrun (1.0.15.0 64-bit) started
[2020-03-14 09:35:20] [info]  [ 6088] Running 'Tomcat8' Service...
[2020-03-14 09:35:20] [info]  [ 8060] Starting service...
[2020-03-14 09:35:21] [info]  [ 8060] Service started in 1165 ms.
[2020-03-14 09:36:04] [info]  [ 5984] Stopping service...
[2020-03-14 09:36:05] [info]  [ 5984] Service stop thread completed.
[2020-03-14 09:36:05] [info]  [ 6088] Run service finished.
[2020-03-14 09:36:05] [info]  [ 6088] Commons Daemon procrun finished
[2020-03-14 09:36:05] [info]  [ 5324] Commons Daemon procrun (1.0.15.0 64-bit) started
[2020-03-14 09:36:05] [info]  [ 5324] Running 'Tomcat8' Service...
[2020-03-14 09:36:05] [info]  [ 9688] Starting service...
[2020-03-14 09:36:07] [info]  [ 9688] Service started in 1165 ms.
[2020-03-14 09:45:19] [info]  [10236] Stopping service...
[2020-03-14 09:45:20] [info]  [10236] Service stop thread completed.
[2020-03-14 09:45:20] [info]  [ 5324] Run service finished.
[2020-03-14 09:45:20] [info]  [ 5324] Commons Daemon procrun finished
[2020-03-14 09:45:20] [info]  [ 1056] Commons Daemon procrun (1.0.15.0 64-bit) started
[2020-03-14 09:45:20] [info]  [ 1056] Running 'Tomcat8' Service...
[2020-03-14 09:45:20] [info]  [ 8644] Starting service...
[2020-03-14 09:45:22] [info]  [ 8644] Service started in 1166 ms.
[2020-03-14 09:46:00] [info]  [ 7992] Stopping service...
[2020-03-14 09:46:02] [info]  [ 7992] Service stop thread completed.
[2020-03-14 09:46:02] [info]  [ 1056] Run service finished.
[2020-03-14 09:46:02] [info]  [ 1056] Commons Daemon procrun finished
[2020-03-14 09:46:02] [info]  [ 7848] Commons Daemon procrun (1.0.15.0 64-bit) started
[2020-03-14 09:46:02] [info]  [ 7848] Running 'Tomcat8' Service...
[2020-03-14 09:46:02] [info]  [ 6604] Starting service...
[2020-03-14 09:46:04] [info]  [ 6604] Service started in 1173 ms.
[2020-03-14 09:46:13] [info]  [ 3936] Stopping service...
[2020-03-14 09:46:14] [info]  [ 3936] Service stop thread completed.
[2020-03-14 09:46:15] [info]  [ 7848] Run service finished.
[2020-03-14 09:46:15] [info]  [ 7848] Commons Daemon procrun finished
[2020-03-14 09:46:15] [info]  [ 6240] Commons Daemon procrun (1.0.15.0 64-bit) started
[2020-03-14 09:46:16] [info]  [ 6240] Running 'Tomcat8' Service...
[2020-03-14 09:46:16] [info]  [ 9448] Starting service...
[2020-03-14 09:46:17] [info]  [ 9448] Service started in 1162 ms.
[2020-03-14 09:47:49] [info]  [ 1824] Stopping service...
[2020-03-14 09:47:50] [info]  [ 1824] Service stop thread completed.
[2020-03-14 09:47:50] [info]  [ 6240] Run service finished.
[2020-03-14 09:47:50] [info]  [ 6240] Commons Daemon procrun finished
[2020-03-14 09:47:51] [info]  [ 9228] Commons Daemon procrun (1.0.15.0 64-bit) started
[2020-03-14 09:47:51] [info]  [ 9228] Running 'Tomcat8' Service...
[2020-03-14 09:47:51] [info]  [ 3916] Starting service...
[2020-03-14 09:47:52] [info]  [ 3916] Service started in 1172 ms.
[2020-03-14 09:48:46] [info]  [ 1816] Stopping service...
[2020-03-14 09:48:47] [info]  [ 1816] Service stop thread completed.
[2020-03-14 09:48:47] [info]  [ 9228] Run service finished.
[2020-03-14 09:48:47] [info]  [ 9228] Commons Daemon procrun finished
[2020-03-14 09:48:47] [info]  [ 9580] Commons Daemon procrun (1.0.15.0 64-bit) started
[2020-03-14 09:48:47] [info]  [ 9580] Running 'Tomcat8' Service...
[2020-03-14 09:48:48] [info]  [ 9992] Starting service...
[2020-03-14 09:48:49] [info]  [ 9992] Service started in 1185 ms.
[2020-03-14 10:16:27] [info]  [ 9540] Stopping service...
[2020-03-14 10:16:28] [info]  [ 9540] Service stop thread completed.
[2020-03-14 10:16:29] [info]  [ 9580] Run service finished.
[2020-03-14 10:16:29] [info]  [ 9580] Commons Daemon procrun finished
[2020-03-14 10:16:29] [info]  [ 5072] Commons Daemon procrun (1.0.15.0 64-bit) started
[2020-03-14 10:16:29] [info]  [ 5072] Running 'Tomcat8' Service...
[2020-03-14 10:16:29] [info]  [ 3916] Starting service...
[2020-03-14 10:16:30] [info]  [ 3916] Service started in 1171 ms.
[2020-03-14 10:18:23] [info]  [ 4392] Stopping service...
[2020-03-14 10:18:24] [info]  [ 4392] Service stop thread completed.
[2020-03-14 10:18:25] [info]  [ 5072] Run service finished.
[2020-03-14 10:18:25] [info]  [ 5072] Commons Daemon procrun finished
[2020-03-14 10:18:25] [info]  [  556] Commons Daemon procrun (1.0.15.0 64-bit) started
[2020-03-14 10:18:25] [info]  [  556] Running 'Tomcat8' Service...
[2020-03-14 10:18:25] [info]  [ 7512] Starting service...
[2020-03-14 10:18:26] [info]  [ 7512] Service started in 1182 ms.
[2020-03-14 10:20:42] [info]  [ 7560] Stopping service...
[2020-03-14 10:20:43] [info]  [ 7560] Service stop thread completed.
[2020-03-14 10:20:43] [info]  [  556] Run service finished.
[2020-03-14 10:20:43] [info]  [  556] Commons Daemon procrun finished
[2020-03-14 10:20:44] [info]  [ 9476] Commons Daemon procrun (1.0.15.0 64-bit) started
[2020-03-14 10:20:44] [info]  [ 9476] Running 'Tomcat8' Service...
[2020-03-14 10:20:44] [info]  [ 9412] Starting service...
[2020-03-14 10:20:45] [info]  [ 9412] Service started in 1198 ms.
[2020-03-14 10:21:08] [info]  [ 8916] Stopping service...
[2020-03-14 10:21:09] [info]  [ 8916] Service stop thread completed.
[2020-03-14 10:21:09] [info]  [ 9476] Run service finished.
[2020-03-14 10:21:09] [info]  [ 9476] Commons Daemon procrun finished
[2020-03-14 10:21:09] [info]  [ 6820] Commons Daemon procrun (1.0.15.0 64-bit) started
[2020-03-14 10:21:09] [info]  [ 6820] Running 'Tomcat8' Service...
[2020-03-14 10:21:09] [info]  [  124] Starting service...
[2020-03-14 10:21:11] [info]  [  124] Service started in 1198 ms.
[2020-03-14 10:22:16] [info]  [  936] Stopping service...
[2020-03-14 10:22:17] [info]  [  936] Service stop thread completed.
[2020-03-14 10:22:18] [info]  [ 6820] Run service finished.
[2020-03-14 10:22:18] [info]  [ 6820] Commons Daemon procrun finished
[2020-03-14 10:22:18] [info]  [ 6772] Commons Daemon procrun (1.0.15.0 64-bit) started
[2020-03-14 10:22:18] [info]  [ 6772] Running 'Tomcat8' Service...
[2020-03-14 10:22:18] [info]  [ 4380] Starting service...
[2020-03-14 10:22:19] [info]  [ 4380] Service started in 1180 ms.
[2020-03-14 10:23:46] [info]  [ 2776] Stopping service...
[2020-03-14 10:23:47] [info]  [ 2776] Service stop thread completed.
[2020-03-14 10:23:47] [info]  [ 6772] Run service finished.
[2020-03-14 10:23:47] [info]  [ 6772] Commons Daemon procrun finished
[2020-03-14 10:23:47] [info]  [ 9848] Commons Daemon procrun (1.0.15.0 64-bit) started
[2020-03-14 10:23:47] [info]  [ 9848] Running 'Tomcat8' Service...
[2020-03-14 10:23:47] [info]  [ 9776] Starting service...
[2020-03-14 10:23:49] [info]  [ 9776] Service started in 1215 ms.
[2020-03-14 10:24:31] [info]  [ 1980] Stopping service...
[2020-03-14 10:24:32] [info]  [ 1980] Service stop thread completed.
[2020-03-14 10:24:32] [info]  [ 9848] Run service finished.
[2020-03-14 10:24:32] [info]  [ 9848] Commons Daemon procrun finished
[2020-03-14 10:24:33] [info]  [ 8828] Commons Daemon procrun (1.0.15.0 64-bit) started
[2020-03-14 10:24:33] [info]  [ 8828] Running 'Tomcat8' Service...
[2020-03-14 10:24:33] [info]  [ 9664] Starting service...
[2020-03-14 10:24:34] [info]  [ 9664] Service started in 1187 ms.
[2020-03-14 10:24:53] [info]  [ 6708] Stopping service...
[2020-03-14 10:24:54] [info]  [ 6708] Service stop thread completed.
[2020-03-14 10:24:54] [info]  [ 8828] Run service finished.
[2020-03-14 10:24:54] [info]  [ 8828] Commons Daemon procrun finished
[2020-03-14 10:24:54] [info]  [ 9268] Commons Daemon procrun (1.0.15.0 64-bit) started
[2020-03-14 10:24:54] [info]  [ 9268] Running 'Tomcat8' Service...
[2020-03-14 10:24:55] [info]  [ 2432] Starting service...
[2020-03-14 10:24:56] [info]  [ 2432] Service started in 1188 ms.
[2020-03-14 10:30:43] [info]  [ 6232] Stopping service...
[2020-03-14 10:30:44] [info]  [ 6232] Service stop thread completed.
[2020-03-14 10:30:45] [info]  [ 9268] Run service finished.
[2020-03-14 10:30:45] [info]  [ 9268] Commons Daemon procrun finished
[2020-03-14 10:30:45] [info]  [ 4140] Commons Daemon procrun (1.0.15.0 64-bit) started
[2020-03-14 10:30:45] [info]  [ 4140] Running 'Tomcat8' Service...
[2020-03-14 10:30:45] [info]  [ 2280] Starting service...
[2020-03-14 10:30:47] [info]  [ 2280] Service started in 1248 ms.
[2020-03-14 10:30:49] [info]  [ 4140] Run service finished.
[2020-03-14 10:30:49] [info]  [ 4140] Commons Daemon procrun finished
[2020-03-14 10:31:19] [info]  [ 4444] Commons Daemon procrun (1.0.15.0 64-bit) started
[2020-03-14 10:31:19] [info]  [ 4444] Running 'Tomcat8' Service...
[2020-03-14 10:31:19] [info]  [ 3936] Starting service...
[2020-03-14 10:31:20] [info]  [ 3936] Service started in 1181 ms.
[2020-03-14 10:33:29] [info]  [ 5300] Stopping service...
[2020-03-14 10:33:30] [info]  [ 5300] Service stop thread completed.
[2020-03-14 10:33:30] [info]  [ 4444] Run service finished.
[2020-03-14 10:33:30] [info]  [ 4444] Commons Daemon procrun finished
[2020-03-14 10:33:30] [info]  [ 9732] Commons Daemon procrun (1.0.15.0 64-bit) started
[2020-03-14 10:33:31] [info]  [ 9732] Running 'Tomcat8' Service...
[2020-03-14 10:33:31] [info]  [ 7632] Starting service...
[2020-03-14 10:33:32] [info]  [ 7632] Service started in 1189 ms.
[2020-03-14 10:35:42] [info]  [  124] Stopping service...
[2020-03-14 10:35:43] [info]  [  124] Service stop thread completed.
[2020-03-14 10:35:44] [info]  [ 9732] Run service finished.
[2020-03-14 10:35:44] [info]  [ 9732] Commons Daemon procrun finished
[2020-03-14 10:35:44] [info]  [ 8680] Commons Daemon procrun (1.0.15.0 64-bit) started
[2020-03-14 10:35:44] [info]  [ 8680] Running 'Tomcat8' Service...
[2020-03-14 10:35:44] [info]  [ 1160] Starting service...
[2020-03-14 10:35:45] [info]  [ 1160] Service started in 1196 ms.
[2020-03-14 10:36:27] [info]  [ 3568] Stopping service...
[2020-03-14 10:36:28] [info]  [ 3568] Service stop thread completed.
[2020-03-14 10:36:28] [info]  [ 8680] Run service finished.
[2020-03-14 10:36:28] [info]  [ 8680] Commons Daemon procrun finished
[2020-03-14 10:36:28] [info]  [ 8672] Commons Daemon procrun (1.0.15.0 64-bit) started
[2020-03-14 10:36:28] [info]  [ 8672] Running 'Tomcat8' Service...
[2020-03-14 10:36:28] [info]  [ 4164] Starting service...
[2020-03-14 10:36:30] [info]  [ 4164] Service started in 1177 ms.
[2020-03-14 10:38:26] [info]  [ 3100] Stopping service...
[2020-03-14 10:38:27] [info]  [ 3100] Service stop thread completed.
[2020-03-14 10:38:27] [info]  [ 8672] Run service finished.
[2020-03-14 10:38:27] [info]  [ 8672] Commons Daemon procrun finished
[2020-03-14 10:38:27] [info]  [ 5928] Commons Daemon procrun (1.0.15.0 64-bit) started
[2020-03-14 10:38:27] [info]  [ 5928] Running 'Tomcat8' Service...
[2020-03-14 10:38:27] [info]  [ 3168] Starting service...
[2020-03-14 10:38:29] [info]  [ 3168] Service started in 1168 ms.
[2020-03-14 10:40:46] [info]  [ 8436] Stopping service...
[2020-03-14 10:40:47] [info]  [ 8436] Service stop thread completed.
[2020-03-14 10:40:47] [info]  [ 5928] Run service finished.
[2020-03-14 10:40:47] [info]  [ 5928] Commons Daemon procrun finished
[2020-03-14 10:40:48] [info]  [ 5300] Commons Daemon procrun (1.0.15.0 64-bit) started
[2020-03-14 10:40:48] [info]  [ 5300] Running 'Tomcat8' Service...
[2020-03-14 10:40:48] [info]  [ 9780] Starting service...
[2020-03-14 10:40:49] [info]  [ 9780] Service started in 1183 ms.
[2020-03-14 10:48:32] [info]  [ 4680] Stopping service...
[2020-03-14 10:48:33] [info]  [ 4680] Service stop thread completed.
[2020-03-14 10:48:33] [info]  [ 5300] Run service finished.
[2020-03-14 10:48:33] [info]  [ 5300] Commons Daemon procrun finished
[2020-03-14 10:48:34] [info]  [ 1516] Commons Daemon procrun (1.0.15.0 64-bit) started
[2020-03-14 10:48:34] [info]  [ 1516] Running 'Tomcat8' Service...
[2020-03-14 10:48:34] [info]  [ 2036] Starting service...
[2020-03-14 10:48:35] [info]  [ 2036] Service started in 1194 ms.
[2020-03-14 10:50:55] [info]  [ 9256] Stopping service...
[2020-03-14 10:50:57] [info]  [ 9256] Service stop thread completed.
[2020-03-14 10:50:57] [info]  [ 1516] Run service finished.
[2020-03-14 10:50:57] [info]  [ 1516] Commons Daemon procrun finished
[2020-03-14 10:50:57] [info]  [ 4000] Commons Daemon procrun (1.0.15.0 64-bit) started
[2020-03-14 10:50:57] [info]  [ 4000] Running 'Tomcat8' Service...
[2020-03-14 10:50:57] [info]  [ 8504] Starting service...
[2020-03-14 10:50:59] [info]  [ 8504] Service started in 1237 ms.
[2020-03-14 10:51:32] [info]  [ 7800] Stopping service...
[2020-03-14 10:51:34] [info]  [ 7800] Service stop thread completed.
[2020-03-14 10:51:34] [info]  [ 4000] Run service finished.
[2020-03-14 10:51:34] [info]  [ 4000] Commons Daemon procrun finished
[2020-03-14 10:51:34] [info]  [ 4824] Commons Daemon procrun (1.0.15.0 64-bit) started
[2020-03-14 10:51:34] [info]  [ 4824] Running 'Tomcat8' Service...
[2020-03-14 10:51:34] [info]  [ 4136] Starting service...
[2020-03-14 10:51:36] [info]  [ 4136] Service started in 1179 ms.
[2020-03-14 10:54:14] [info]  [ 3112] Stopping service...
[2020-03-14 10:54:15] [info]  [ 3112] Service stop thread completed.
[2020-03-14 10:54:15] [info]  [ 4824] Run service finished.
[2020-03-14 10:54:15] [info]  [ 4824] Commons Daemon procrun finished
[2020-03-14 10:54:15] [info]  [ 2596] Commons Daemon procrun (1.0.15.0 64-bit) started
[2020-03-14 10:54:15] [info]  [ 2596] Running 'Tomcat8' Service...
[2020-03-14 10:54:16] [info]  [ 4448] Starting service...
[2020-03-14 10:54:17] [info]  [ 4448] Service started in 1186 ms.
[2020-03-14 11:59:31] [info]  [ 9660] Stopping service...
[2020-03-14 11:59:32] [info]  [ 9660] Service stop thread completed.
[2020-03-14 11:59:32] [info]  [ 2596] Run service finished.
[2020-03-14 11:59:32] [info]  [ 2596] Commons Daemon procrun finished
[2020-03-14 11:59:33] [info]  [ 6672] Commons Daemon procrun (1.0.15.0 64-bit) started
[2020-03-14 11:59:33] [info]  [ 6672] Running 'Tomcat8' Service...
[2020-03-14 11:59:33] [info]  [ 5292] Starting service...
[2020-03-14 11:59:35] [info]  [ 5292] Service started in 2082 ms.
[2020-03-14 13:00:19] [info]  [ 6296] Stopping service...
[2020-03-14 13:00:20] [info]  [ 6296] Service stop thread completed.
[2020-03-14 13:00:20] [info]  [ 6672] Run service finished.
[2020-03-14 13:00:20] [info]  [ 6672] Commons Daemon procrun finished
[2020-03-14 13:00:21] [info]  [ 4296] Commons Daemon procrun (1.0.15.0 64-bit) started
[2020-03-14 13:00:21] [info]  [ 4296] Running 'Tomcat8' Service...
[2020-03-14 13:00:21] [info]  [ 1256] Starting service...
[2020-03-14 13:00:22] [info]  [ 1256] Service started in 1196 ms.
[2020-03-14 13:09:22] [info]  [10884] Stopping service...
[2020-03-14 13:09:23] [info]  [10884] Service stop thread completed.
[2020-03-14 13:09:24] [info]  [ 4296] Run service finished.
[2020-03-14 13:09:24] [info]  [ 4296] Commons Daemon procrun finished
[2020-03-14 13:09:24] [info]  [ 3728] Commons Daemon procrun (1.0.15.0 64-bit) started
[2020-03-14 13:09:24] [info]  [ 3728] Running 'Tomcat8' Service...
[2020-03-14 13:09:24] [info]  [10740] Starting service...
[2020-03-14 13:09:26] [info]  [10740] Service started in 1244 ms.
[2020-03-14 13:11:20] [info]  [10612] Stopping service...
[2020-03-14 13:11:21] [info]  [10612] Service stop thread completed.
[2020-03-14 13:11:21] [info]  [ 3728] Run service finished.
[2020-03-14 13:11:21] [info]  [ 3728] Commons Daemon procrun finished
[2020-03-14 13:11:22] [info]  [ 7200] Commons Daemon procrun (1.0.15.0 64-bit) started
[2020-03-14 13:11:22] [info]  [ 7200] Running 'Tomcat8' Service...
[2020-03-14 13:11:22] [info]  [ 9860] Starting service...
[2020-03-14 13:11:23] [info]  [ 9860] Service started in 1198 ms.
[2020-03-14 13:36:50] [info]  [ 9196] Stopping service...
[2020-03-14 13:36:51] [info]  [ 9196] Service stop thread completed.
[2020-03-14 13:36:51] [info]  [ 7200] Run service finished.
[2020-03-14 13:36:51] [info]  [ 7200] Commons Daemon procrun finished
[2020-03-14 13:36:52] [info]  [10480] Commons Daemon procrun (1.0.15.0 64-bit) started
[2020-03-14 13:36:52] [info]  [10480] Running 'Tomcat8' Service...
[2020-03-14 13:36:52] [info]  [ 4612] Starting service...
[2020-03-14 13:36:53] [info]  [ 4612] Service started in 1181 ms.
[2020-03-14 13:40:23] [info]  [10804] Stopping service...
[2020-03-14 13:40:24] [info]  [10804] Service stop thread completed.
[2020-03-14 13:40:25] [info]  [10480] Run service finished.
[2020-03-14 13:40:25] [info]  [10480] Commons Daemon procrun finished
[2020-03-14 15:18:32] [info]  [ 1644] Commons Daemon procrun (1.0.15.0 64-bit) started
[2020-03-14 15:18:32] [info]  [ 1644] Running 'Tomcat8' Service...
[2020-03-14 15:18:32] [info]  [10396] Starting service...
[2020-03-14 15:18:33] [info]  [10396] Service started in 1158 ms.
[2020-03-14 15:29:58] [info]  [ 4696] Stopping service...
[2020-03-14 15:29:59] [info]  [ 4696] Service stop thread completed.
[2020-03-14 15:29:59] [info]  [ 1644] Run service finished.
[2020-03-14 15:29:59] [info]  [ 1644] Commons Daemon procrun finished
[2020-03-14 15:29:59] [info]  [ 6520] Commons Daemon procrun (1.0.15.0 64-bit) started
[2020-03-14 15:30:00] [info]  [ 6520] Running 'Tomcat8' Service...
[2020-03-14 15:30:00] [info]  [ 1888] Starting service...
[2020-03-14 15:30:01] [info]  [ 1888] Service started in 1235 ms.
[2020-03-14 16:46:35] [info]  [ 6660] Stopping service...
[2020-03-14 16:46:36] [info]  [ 6660] Service stop thread completed.
[2020-03-14 16:46:36] [info]  [ 6520] Run service finished.
[2020-03-14 16:46:36] [info]  [ 6520] Commons Daemon procrun finished
[2020-03-14 16:46:37] [info]  [ 7848] Commons Daemon procrun (1.0.15.0 64-bit) started
[2020-03-14 16:46:37] [info]  [ 7848] Running 'Tomcat8' Service...
[2020-03-14 16:46:37] [info]  [ 9316] Starting service...
[2020-03-14 16:46:38] [info]  [ 9316] Service started in 1188 ms.
[2020-03-14 16:58:05] [info]  [10140] Stopping service...
[2020-03-14 16:58:06] [info]  [10140] Service stop thread completed.
[2020-03-14 16:58:06] [info]  [ 7848] Run service finished.
[2020-03-14 16:58:06] [info]  [ 7848] Commons Daemon procrun finished
[2020-03-14 16:58:07] [info]  [ 9264] Commons Daemon procrun (1.0.15.0 64-bit) started
[2020-03-14 16:58:07] [info]  [ 9264] Running 'Tomcat8' Service...
[2020-03-14 16:58:07] [info]  [ 4676] Starting service...
[2020-03-14 16:58:08] [info]  [ 4676] Service started in 1159 ms.
[2020-03-14 17:02:16] [info]  [ 5728] Stopping service...
[2020-03-14 17:02:18] [info]  [ 5728] Service stop thread completed.
[2020-03-14 17:02:18] [info]  [ 9264] Run service finished.
[2020-03-14 17:02:18] [info]  [ 9264] Commons Daemon procrun finished
[2020-03-14 17:02:18] [info]  [ 8484] Commons Daemon procrun (1.0.15.0 64-bit) started
[2020-03-14 17:02:18] [info]  [ 8484] Running 'Tomcat8' Service...
[2020-03-14 17:02:18] [info]  [ 7408] Starting service...
[2020-03-14 17:02:20] [info]  [ 7408] Service started in 1231 ms.
[2020-03-14 17:11:42] [info]  [ 8448] Stopping service...
[2020-03-14 17:11:43] [info]  [ 8448] Service stop thread completed.
[2020-03-14 17:11:44] [info]  [ 8484] Run service finished.
[2020-03-14 17:11:44] [info]  [ 8484] Commons Daemon procrun finished
[2020-03-14 17:11:44] [info]  [  504] Commons Daemon procrun (1.0.15.0 64-bit) started
[2020-03-14 17:11:44] [info]  [  504] Running 'Tomcat8' Service...
[2020-03-14 17:11:44] [info]  [10536] Starting service...
[2020-03-14 17:11:45] [info]  [10536] Service started in 1154 ms.
[2020-03-14 17:13:35] [info]  [ 8028] Stopping service...
[2020-03-14 17:13:36] [info]  [ 8028] Service stop thread completed.
[2020-03-14 17:13:37] [info]  [  504] Run service finished.
[2020-03-14 17:13:37] [info]  [  504] Commons Daemon procrun finished
[2020-03-14 17:13:37] [info]  [ 9764] Commons Daemon procrun (1.0.15.0 64-bit) started
[2020-03-14 17:13:37] [info]  [ 9764] Running 'Tomcat8' Service...
[2020-03-14 17:13:37] [info]  [ 2860] Starting service...
[2020-03-14 17:13:38] [info]  [ 2860] Service started in 1185 ms.
[2020-03-14 17:19:20] [info]  [11484] Stopping service...
[2020-03-14 17:19:21] [info]  [11484] Service stop thread completed.
[2020-03-14 17:19:21] [info]  [ 9764] Run service finished.
[2020-03-14 17:19:21] [info]  [ 9764] Commons Daemon procrun finished
[2020-03-14 17:19:22] [info]  [11524] Commons Daemon procrun (1.0.15.0 64-bit) started
[2020-03-14 17:19:22] [info]  [11524] Running 'Tomcat8' Service...
[2020-03-14 17:19:22] [info]  [11576] Starting service...
[2020-03-14 17:19:23] [info]  [11576] Service started in 1192 ms.
[2020-03-14 17:42:20] [info]  [10968] Stopping service...
[2020-03-14 17:42:21] [info]  [10968] Service stop thread completed.
[2020-03-14 17:42:22] [info]  [11524] Run service finished.
[2020-03-14 17:42:22] [info]  [11524] Commons Daemon procrun finished
[2020-03-14 18:00:19] [info]  [11424] Commons Daemon procrun (1.0.15.0 64-bit) started
[2020-03-14 18:00:19] [info]  [11424] Running 'Tomcat8' Service...
[2020-03-14 18:00:19] [info]  [12032] Starting service...
[2020-03-14 18:00:20] [info]  [12032] Service started in 1149 ms.
[2020-03-14 20:00:12] [info]  [11592] Stopping service...
[2020-03-14 20:00:13] [info]  [11592] Service stop thread completed.
[2020-03-14 20:00:14] [info]  [11424] Run service finished.
[2020-03-14 20:00:14] [info]  [11424] Commons Daemon procrun finished
[2020-03-14 20:00:14] [info]  [ 1240] Commons Daemon procrun (1.0.15.0 64-bit) started
[2020-03-14 20:00:14] [info]  [ 1240] Running 'Tomcat8' Service...
[2020-03-14 20:00:14] [info]  [ 7084] Starting service...
[2020-03-14 20:00:16] [info]  [ 7084] Service started in 1155 ms.
[2020-03-14 20:27:23] [info]  [ 8136] Stopping service...
[2020-03-14 20:27:24] [info]  [ 8136] Service stop thread completed.
[2020-03-14 20:27:24] [info]  [ 1240] Run service finished.
[2020-03-14 20:27:24] [info]  [ 1240] Commons Daemon procrun finished
