[2019-12-19 08:46:57] [info]  [ 4708] Commons Daemon procrun (1.0.15.0 64-bit) started
[2019-12-19 08:46:58] [info]  [ 4708] Service Tomcat8 name Apache Tomcat 8.5 Tomcat8
[2019-12-19 08:46:58] [info]  [ 4708] Service 'Tomcat8' installed
[2019-12-19 08:46:58] [info]  [ 4708] Commons Daemon procrun finished
[2019-12-19 08:47:21] [info]  [ 5156] Commons Daemon procrun (1.0.15.0 64-bit) started
[2019-12-19 08:47:24] [info]  [ 5156] Running 'Tomcat8' Service...
[2019-12-19 08:47:27] [info]  [ 8012] Starting service...
[2019-12-19 08:49:18] [info]  [ 8012] Service started in 108496 ms.
[2019-12-19 08:53:02] [info]  [ 6376] Stopping service...
[2019-12-19 08:53:04] [info]  [ 6376] Service stop thread completed.
[2019-12-19 08:53:04] [info]  [ 5156] Run service finished.
[2019-12-19 08:53:05] [info]  [ 5156] Commons Daemon procrun finished
[2019-12-19 08:53:05] [info]  [ 6556] Commons Daemon procrun (1.0.15.0 64-bit) started
[2019-12-19 08:53:05] [info]  [ 6556] Running 'Tomcat8' Service...
[2019-12-19 08:53:06] [info]  [ 6224] Starting service...
[2019-12-19 08:53:11] [info]  [ 6224] Service started in 4978 ms.
[2019-12-19 10:01:50] [info]  [ 9968] Stopping service...
[2019-12-19 10:01:51] [info]  [ 9968] Service stop thread completed.
[2019-12-19 10:01:52] [info]  [ 6556] Run service finished.
[2019-12-19 10:01:52] [info]  [ 6556] Commons Daemon procrun finished
[2019-12-19 10:05:37] [info]  [ 3756] Commons Daemon procrun (1.0.15.0 64-bit) started
[2019-12-19 10:05:37] [info]  [ 3756] Running 'Tomcat8' Service...
[2019-12-19 10:05:37] [info]  [ 9384] Starting service...
[2019-12-19 10:05:39] [info]  [ 9384] Service started in 1148 ms.
[2019-12-19 10:05:42] [info]  [ 3756] Run service finished.
[2019-12-19 10:05:42] [info]  [ 3756] Commons Daemon procrun finished
[2019-12-19 10:14:12] [info]  [13016] Commons Daemon procrun (1.0.15.0 64-bit) started
[2019-12-19 10:14:12] [info]  [13016] Running 'Tomcat8' Service...
[2019-12-19 10:14:12] [info]  [10024] Starting service...
[2019-12-19 10:14:14] [info]  [10024] Service started in 1147 ms.
[2019-12-19 10:14:14] [info]  [13016] Run service finished.
[2019-12-19 10:14:14] [info]  [13016] Commons Daemon procrun finished
[2019-12-19 10:14:24] [info]  [ 7656] Commons Daemon procrun (1.0.15.0 64-bit) started
[2019-12-19 10:14:25] [info]  [ 7656] Running 'Tomcat8' Service...
[2019-12-19 10:14:25] [info]  [ 6664] Starting service...
[2019-12-19 10:14:26] [info]  [ 6664] Service started in 1144 ms.
[2019-12-19 10:14:26] [info]  [ 7656] Run service finished.
[2019-12-19 10:14:26] [info]  [ 7656] Commons Daemon procrun finished
[2019-12-19 10:14:57] [info]  [10816] Commons Daemon procrun (1.0.15.0 64-bit) started
[2019-12-19 10:14:57] [info]  [10816] Running 'Tomcat8' Service...
[2019-12-19 10:14:57] [info]  [ 8520] Starting service...
[2019-12-19 10:14:59] [info]  [ 8520] Service started in 1160 ms.
[2019-12-19 10:15:00] [info]  [10816] Run service finished.
[2019-12-19 10:15:00] [info]  [10816] Commons Daemon procrun finished
[2019-12-19 10:15:02] [info]  [10008] Commons Daemon procrun (1.0.15.0 64-bit) started
[2019-12-19 10:15:02] [info]  [10008] Running 'Tomcat8' Service...
[2019-12-19 10:15:02] [info]  [ 8360] Starting service...
[2019-12-19 10:15:04] [info]  [ 8360] Service started in 1148 ms.
[2019-12-19 10:15:05] [info]  [10008] Run service finished.
[2019-12-19 10:15:05] [info]  [10008] Commons Daemon procrun finished
[2019-12-19 10:17:35] [info]  [ 7760] Commons Daemon procrun (1.0.15.0 64-bit) started
[2019-12-19 10:17:36] [info]  [ 7760] Running 'Tomcat8' Service...
[2019-12-19 10:17:37] [info]  [11808] Starting service...
[2019-12-19 10:17:38] [info]  [11808] Service started in 1136 ms.
[2019-12-19 10:17:39] [info]  [ 7760] Run service finished.
[2019-12-19 10:17:39] [info]  [ 7760] Commons Daemon procrun finished
[2019-12-19 10:17:47] [info]  [13332] Commons Daemon procrun (1.0.15.0 64-bit) started
[2019-12-19 10:17:47] [info]  [13332] Running 'Tomcat8' Service...
[2019-12-19 10:17:47] [info]  [12656] Starting service...
[2019-12-19 10:17:49] [info]  [12656] Service started in 1149 ms.
[2019-12-19 10:17:49] [info]  [13332] Run service finished.
[2019-12-19 10:17:50] [info]  [13332] Commons Daemon procrun finished
[2019-12-19 10:26:14] [info]  [13128] Commons Daemon procrun (1.0.15.0 64-bit) started
[2019-12-19 10:26:14] [info]  [13128] Running 'Tomcat8' Service...
[2019-12-19 10:26:14] [info]  [14316] Starting service...
[2019-12-19 10:26:15] [info]  [14316] Service started in 1136 ms.
[2019-12-19 10:27:22] [info]  [10324] Stopping service...
[2019-12-19 10:27:23] [info]  [10324] Service stop thread completed.
[2019-12-19 10:27:23] [info]  [13128] Run service finished.
[2019-12-19 10:27:23] [info]  [13128] Commons Daemon procrun finished
[2019-12-19 10:27:23] [info]  [13100] Commons Daemon procrun (1.0.15.0 64-bit) started
[2019-12-19 10:27:23] [info]  [13100] Running 'Tomcat8' Service...
[2019-12-19 10:27:23] [info]  [ 9788] Starting service...
[2019-12-19 10:27:25] [info]  [ 9788] Service started in 1140 ms.
[2019-12-19 10:39:08] [info]  [ 8572] Stopping service...
[2019-12-19 10:39:09] [info]  [ 8572] Service stop thread completed.
[2019-12-19 10:39:09] [info]  [13100] Run service finished.
[2019-12-19 10:39:09] [info]  [13100] Commons Daemon procrun finished
[2019-12-19 10:39:10] [info]  [12796] Commons Daemon procrun (1.0.15.0 64-bit) started
[2019-12-19 10:39:10] [info]  [12796] Running 'Tomcat8' Service...
[2019-12-19 10:39:10] [info]  [  520] Starting service...
[2019-12-19 10:39:11] [info]  [  520] Service started in 1142 ms.
[2019-12-19 10:57:41] [info]  [ 8572] Stopping service...
[2019-12-19 10:57:42] [info]  [ 8572] Service stop thread completed.
[2019-12-19 10:57:42] [info]  [12796] Run service finished.
[2019-12-19 10:57:43] [info]  [12796] Commons Daemon procrun finished
[2019-12-19 10:57:43] [info]  [ 8536] Commons Daemon procrun (1.0.15.0 64-bit) started
[2019-12-19 10:57:43] [info]  [ 8536] Running 'Tomcat8' Service...
[2019-12-19 10:57:43] [info]  [ 9908] Starting service...
[2019-12-19 10:57:44] [info]  [ 9908] Service started in 1164 ms.
[2019-12-19 10:59:25] [info]  [ 7240] Stopping service...
[2019-12-19 10:59:26] [info]  [ 7240] Service stop thread completed.
[2019-12-19 10:59:27] [info]  [ 8536] Run service finished.
[2019-12-19 10:59:27] [info]  [ 8536] Commons Daemon procrun finished
[2019-12-19 10:59:27] [info]  [ 8264] Commons Daemon procrun (1.0.15.0 64-bit) started
[2019-12-19 10:59:27] [info]  [ 8264] Running 'Tomcat8' Service...
[2019-12-19 10:59:27] [info]  [ 8520] Starting service...
[2019-12-19 10:59:28] [info]  [ 8520] Service started in 1149 ms.
[2019-12-19 11:03:22] [info]  [14036] Stopping service...
[2019-12-19 11:03:25] [info]  [14036] Service stop thread completed.
[2019-12-19 11:03:25] [info]  [ 8264] Run service finished.
[2019-12-19 11:03:25] [info]  [ 8264] Commons Daemon procrun finished
[2019-12-19 11:13:52] [info]  [ 6836] Commons Daemon procrun (1.0.15.0 64-bit) started
[2019-12-19 11:13:52] [info]  [ 6836] Running 'Tomcat8' Service...
[2019-12-19 11:13:52] [info]  [ 1824] Starting service...
[2019-12-19 11:13:53] [info]  [ 1824] Service started in 1143 ms.
[2019-12-19 11:22:34] [info]  [ 7280] Stopping service...
[2019-12-19 11:22:35] [info]  [ 7280] Service stop thread completed.
[2019-12-19 11:22:35] [info]  [ 6836] Run service finished.
[2019-12-19 11:22:35] [info]  [ 6836] Commons Daemon procrun finished
