[2019-12-20 08:04:29] [info]  [ 6196] Commons Daemon procrun (1.0.15.0 64-bit) started
[2019-12-20 08:04:30] [info]  [ 6196] Running 'Tomcat8' Service...
[2019-12-20 08:04:30] [info]  [ 7364] Starting service...
[2019-12-20 08:04:41] [info]  [ 7364] Service started in 11234 ms.
[2019-12-20 08:12:39] [info]  [ 9712] Stopping service...
[2019-12-20 08:12:40] [info]  [ 9712] Service stop thread completed.
[2019-12-20 08:12:41] [info]  [ 6196] Run service finished.
[2019-12-20 08:12:41] [info]  [ 6196] Commons Daemon procrun finished
[2019-12-20 10:10:57] [info]  [ 7596] Commons Daemon procrun (1.0.15.0 64-bit) started
[2019-12-20 10:10:57] [info]  [ 7596] Running 'Tomcat8' Service...
[2019-12-20 10:10:57] [info]  [ 1824] Starting service...
[2019-12-20 10:10:59] [info]  [ 1824] Service started in 1420 ms.
[2019-12-20 10:20:06] [info]  [ 8076] Stopping service...
[2019-12-20 10:20:07] [info]  [ 8076] Service stop thread completed.
[2019-12-20 10:20:07] [info]  [ 7596] Run service finished.
[2019-12-20 10:20:08] [info]  [ 7596] Commons Daemon procrun finished
[2019-12-20 10:20:08] [info]  [ 8792] Commons Daemon procrun (1.0.15.0 64-bit) started
[2019-12-20 10:20:08] [info]  [ 8792] Running 'Tomcat8' Service...
[2019-12-20 10:20:08] [info]  [ 1756] Starting service...
[2019-12-20 10:20:09] [info]  [ 1756] Service started in 1150 ms.
[2019-12-20 13:37:12] [info]  [10120] Console SHUTDOWN event signaled
[2019-12-20 13:37:12] [info]  [10120] Stopping service...
[2019-12-20 13:37:13] [info]  [10120] Service stop thread completed.
[2019-12-20 13:37:13] [info]  [ 8792] Run service finished.
[2019-12-20 13:37:14] [info]  [ 8792] Commons Daemon procrun finished
