[2020-03-11 11:30:36] [info]  [10164] Commons Daemon procrun (1.0.15.0 64-bit) started
[2020-03-11 11:30:36] [info]  [10164] Running 'Tomcat8' Service...
[2020-03-11 11:30:36] [info]  [ 2688] Starting service...
[2020-03-11 11:30:37] [info]  [ 2688] Service started in 1188 ms.
[2020-03-11 12:20:33] [info]  [10752] Stopping service...
[2020-03-11 12:20:34] [info]  [10752] Service stop thread completed.
[2020-03-11 12:20:34] [info]  [10164] Run service finished.
[2020-03-11 12:20:34] [info]  [10164] Commons Daemon procrun finished
[2020-03-11 12:20:36] [info]  [10560] Commons Daemon procrun (1.0.15.0 64-bit) started
[2020-03-11 12:20:36] [info]  [10560] Running 'Tomcat8' Service...
[2020-03-11 12:20:36] [info]  [ 9716] Starting service...
[2020-03-11 12:20:38] [info]  [ 9716] Service started in 1157 ms.
[2020-03-11 12:22:35] [info]  [11008] Stopping service...
[2020-03-11 12:22:37] [info]  [11008] Service stop thread completed.
[2020-03-11 12:22:37] [info]  [10560] Run service finished.
[2020-03-11 12:22:37] [info]  [10560] Commons Daemon procrun finished
[2020-03-11 12:22:37] [info]  [ 5572] Commons Daemon procrun (1.0.15.0 64-bit) started
[2020-03-11 12:22:37] [info]  [ 5572] Running 'Tomcat8' Service...
[2020-03-11 12:22:37] [info]  [ 5676] Starting service...
[2020-03-11 12:22:39] [info]  [ 5676] Service started in 1153 ms.
[2020-03-11 12:40:45] [info]  [  796] Stopping service...
[2020-03-11 12:40:47] [info]  [  796] Service stop thread completed.
[2020-03-11 12:40:47] [info]  [ 5572] Run service finished.
[2020-03-11 12:40:47] [info]  [ 5572] Commons Daemon procrun finished
[2020-03-11 12:40:47] [info]  [ 9080] Commons Daemon procrun (1.0.15.0 64-bit) started
[2020-03-11 12:40:47] [info]  [ 9080] Running 'Tomcat8' Service...
[2020-03-11 12:40:48] [info]  [ 9836] Starting service...
[2020-03-11 12:40:49] [info]  [ 9836] Service started in 1159 ms.
[2020-03-11 12:53:31] [info]  [ 2532] Stopping service...
[2020-03-11 12:53:32] [info]  [ 2532] Service stop thread completed.
[2020-03-11 12:53:32] [info]  [ 9080] Run service finished.
[2020-03-11 12:53:32] [info]  [ 9080] Commons Daemon procrun finished
[2020-03-11 12:53:32] [info]  [ 3444] Commons Daemon procrun (1.0.15.0 64-bit) started
[2020-03-11 12:53:33] [info]  [ 3444] Running 'Tomcat8' Service...
[2020-03-11 12:53:33] [info]  [ 9596] Starting service...
[2020-03-11 12:53:34] [info]  [ 9596] Service started in 1162 ms.
[2020-03-11 12:54:46] [info]  [ 4656] Stopping service...
[2020-03-11 12:54:47] [info]  [ 4656] Service stop thread completed.
[2020-03-11 12:54:48] [info]  [ 3444] Run service finished.
[2020-03-11 12:54:48] [info]  [ 3444] Commons Daemon procrun finished
[2020-03-11 12:54:48] [info]  [ 8748] Commons Daemon procrun (1.0.15.0 64-bit) started
[2020-03-11 12:54:48] [info]  [ 8748] Running 'Tomcat8' Service...
[2020-03-11 12:54:48] [info]  [10852] Starting service...
[2020-03-11 12:54:49] [info]  [10852] Service started in 1192 ms.
[2020-03-11 12:58:18] [info]  [ 7540] Stopping service...
[2020-03-11 12:58:20] [info]  [ 7540] Service stop thread completed.
[2020-03-11 12:58:20] [info]  [ 8748] Run service finished.
[2020-03-11 12:58:20] [info]  [ 8748] Commons Daemon procrun finished
[2020-03-11 12:58:20] [info]  [ 5308] Commons Daemon procrun (1.0.15.0 64-bit) started
[2020-03-11 12:58:20] [info]  [ 5308] Running 'Tomcat8' Service...
[2020-03-11 12:58:21] [info]  [ 8636] Starting service...
[2020-03-11 12:58:22] [info]  [ 8636] Service started in 1162 ms.
[2020-03-11 22:28:18] [info]  [12180] Console SHUTDOWN event signaled
[2020-03-11 22:28:18] [info]  [12180] Stopping service...
[2020-03-11 22:28:19] [info]  [12180] Service stop thread completed.
[2020-03-11 22:28:19] [info]  [ 5308] Run service finished.
[2020-03-11 22:28:20] [info]  [ 5308] Commons Daemon procrun finished
