[2019-12-27 08:26:49] [info]  [ 6868] Commons Daemon procrun (1.0.15.0 64-bit) started
[2019-12-27 08:26:50] [info]  [ 6868] Running 'Tomcat8' Service...
[2019-12-27 08:26:50] [info]  [ 5876] Starting service...
[2019-12-27 08:26:51] [info]  [ 5876] Service started in 1199 ms.
[2019-12-27 09:25:01] [info]  [ 9692] Stopping service...
[2019-12-27 09:25:02] [info]  [ 9692] Service stop thread completed.
[2019-12-27 09:25:02] [info]  [ 6868] Run service finished.
[2019-12-27 09:25:03] [info]  [ 6868] Commons Daemon procrun finished
[2019-12-27 09:25:04] [info]  [ 9560] Commons Daemon procrun (1.0.15.0 64-bit) started
[2019-12-27 09:25:04] [info]  [ 9560] Running 'Tomcat8' Service...
[2019-12-27 09:25:05] [info]  [ 9604] Starting service...
[2019-12-27 09:25:07] [info]  [ 9604] Service started in 1913 ms.
[2019-12-27 09:30:03] [info]  [ 6652] Stopping service...
[2019-12-27 09:30:04] [info]  [ 6652] Service stop thread completed.
[2019-12-27 09:30:05] [info]  [ 9560] Run service finished.
[2019-12-27 09:30:05] [info]  [ 9560] Commons Daemon procrun finished
[2019-12-27 09:30:05] [info]  [ 7072] Commons Daemon procrun (1.0.15.0 64-bit) started
[2019-12-27 09:30:05] [info]  [ 7072] Running 'Tomcat8' Service...
[2019-12-27 09:30:05] [info]  [ 4440] Starting service...
[2019-12-27 09:30:07] [info]  [ 4440] Service started in 1527 ms.
[2019-12-27 09:37:03] [info]  [ 9936] Stopping service...
[2019-12-27 09:37:04] [info]  [ 9936] Service stop thread completed.
[2019-12-27 09:37:05] [info]  [ 7072] Run service finished.
[2019-12-27 09:37:05] [info]  [ 7072] Commons Daemon procrun finished
[2019-12-27 09:40:33] [info]  [ 7516] Commons Daemon procrun (1.0.15.0 64-bit) started
[2019-12-27 09:40:34] [info]  [ 7516] Running 'Tomcat8' Service...
[2019-12-27 09:40:34] [info]  [ 9500] Starting service...
[2019-12-27 09:40:36] [info]  [ 9500] Service started in 1805 ms.
[2019-12-27 11:11:37] [info]  [ 1592] Commons Daemon procrun (1.0.15.0 64-bit) started
[2019-12-27 11:11:37] [info]  [ 1592] Running 'Tomcat8' Service...
[2019-12-27 11:11:37] [info]  [ 1904] Starting service...
[2019-12-27 11:11:38] [info]  [ 1904] Service started in 1190 ms.
[2019-12-27 11:24:38] [info]  [ 7808] Console SHUTDOWN event signaled
[2019-12-27 11:24:38] [info]  [ 7808] Stopping service...
[2019-12-27 11:24:56] [info]  [ 1592] Service SHUTDOWN signaled
[2019-12-27 11:24:57] [info]  [ 7536] Stopping service...
[2019-12-27 11:24:57] [info]  [ 7808] Service stop thread completed.
[2019-12-27 11:24:58] [info]  [ 1592] Run service finished.
[2019-12-27 11:24:58] [info]  [ 1592] Commons Daemon procrun finished
