[2020-03-12 20:09:31] [info]  [ 6984] Commons Daemon procrun (1.0.15.0 64-bit) started
[2020-03-12 20:09:31] [info]  [ 6984] Running 'Tomcat8' Service...
[2020-03-12 20:09:31] [info]  [ 7064] Starting service...
[2020-03-12 20:09:33] [info]  [ 7064] Service started in 1207 ms.
[2020-03-12 21:42:13] [info]  [ 8024] Stopping service...
[2020-03-12 21:42:14] [info]  [ 8024] Service stop thread completed.
[2020-03-12 21:42:15] [info]  [ 6984] Run service finished.
[2020-03-12 21:42:15] [info]  [ 6984] Commons Daemon procrun finished
[2020-03-12 21:42:15] [info]  [ 4500] Commons Daemon procrun (1.0.15.0 64-bit) started
[2020-03-12 21:42:16] [info]  [ 4500] Running 'Tomcat8' Service...
[2020-03-12 21:42:16] [info]  [ 8744] Starting service...
[2020-03-12 21:42:17] [info]  [ 8744] Service started in 1199 ms.
[2020-03-12 21:51:37] [info]  [10616] Stopping service...
[2020-03-12 21:51:38] [info]  [10616] Service stop thread completed.
[2020-03-12 21:51:39] [info]  [ 4500] Run service finished.
[2020-03-12 21:51:39] [info]  [ 4500] Commons Daemon procrun finished
[2020-03-12 21:51:39] [info]  [10960] Commons Daemon procrun (1.0.15.0 64-bit) started
[2020-03-12 21:51:39] [info]  [10960] Running 'Tomcat8' Service...
[2020-03-12 21:51:39] [info]  [10964] Starting service...
[2020-03-12 21:51:41] [info]  [10964] Service started in 1274 ms.
[2020-03-12 22:02:56] [info]  [ 6736] Stopping service...
[2020-03-12 22:02:58] [info]  [ 6736] Service stop thread completed.
[2020-03-12 22:02:58] [info]  [10960] Run service finished.
[2020-03-12 22:02:58] [info]  [10960] Commons Daemon procrun finished
[2020-03-12 22:03:14] [info]  [ 9796] Commons Daemon procrun (1.0.15.0 64-bit) started
[2020-03-12 22:03:14] [info]  [ 9796] Running 'Tomcat8' Service...
[2020-03-12 22:03:14] [info]  [ 6992] Starting service...
[2020-03-12 22:03:15] [info]  [ 6992] Service started in 1171 ms.
[2020-03-12 22:05:38] [info]  [ 3876] Stopping service...
[2020-03-12 22:05:39] [info]  [ 3876] Service stop thread completed.
[2020-03-12 22:05:39] [info]  [ 9796] Run service finished.
[2020-03-12 22:05:39] [info]  [ 9796] Commons Daemon procrun finished
[2020-03-12 22:05:40] [info]  [10924] Commons Daemon procrun (1.0.15.0 64-bit) started
[2020-03-12 22:05:40] [info]  [10924] Running 'Tomcat8' Service...
[2020-03-12 22:05:40] [info]  [10844] Starting service...
[2020-03-12 22:05:41] [info]  [10844] Service started in 1181 ms.
[2020-03-12 22:11:04] [info]  [ 3424] Stopping service...
[2020-03-12 22:11:06] [info]  [ 3424] Service stop thread completed.
[2020-03-12 22:11:06] [info]  [10924] Run service finished.
[2020-03-12 22:11:06] [info]  [10924] Commons Daemon procrun finished
[2020-03-12 22:11:07] [info]  [ 5912] Commons Daemon procrun (1.0.15.0 64-bit) started
[2020-03-12 22:11:07] [info]  [ 5912] Running 'Tomcat8' Service...
[2020-03-12 22:11:07] [info]  [10816] Starting service...
[2020-03-12 22:11:08] [info]  [10816] Service started in 1292 ms.
[2020-03-12 22:22:07] [info]  [  820] Stopping service...
[2020-03-12 22:22:08] [info]  [  820] Service stop thread completed.
[2020-03-12 22:22:09] [info]  [ 5912] Run service finished.
[2020-03-12 22:22:09] [info]  [ 5912] Commons Daemon procrun finished
[2020-03-12 22:22:09] [info]  [ 4424] Commons Daemon procrun (1.0.15.0 64-bit) started
[2020-03-12 22:22:09] [info]  [ 4424] Running 'Tomcat8' Service...
[2020-03-12 22:22:09] [info]  [ 9192] Starting service...
[2020-03-12 22:22:11] [info]  [ 9192] Service started in 1199 ms.
[2020-03-12 22:40:12] [info]  [ 7684] Stopping service...
[2020-03-12 22:40:13] [info]  [ 7684] Service stop thread completed.
[2020-03-12 22:40:14] [info]  [ 4424] Run service finished.
[2020-03-12 22:40:14] [info]  [ 4424] Commons Daemon procrun finished
[2020-03-12 22:40:14] [info]  [ 9120] Commons Daemon procrun (1.0.15.0 64-bit) started
[2020-03-12 22:40:14] [info]  [ 9120] Running 'Tomcat8' Service...
[2020-03-12 22:40:14] [info]  [ 3292] Starting service...
[2020-03-12 22:40:15] [info]  [ 3292] Service started in 1172 ms.
[2020-03-12 22:48:49] [info]  [ 2032] Stopping service...
[2020-03-12 22:48:50] [info]  [ 2032] Service stop thread completed.
[2020-03-12 22:48:50] [info]  [ 9120] Run service finished.
[2020-03-12 22:48:50] [info]  [ 9120] Commons Daemon procrun finished
[2020-03-12 22:54:26] [info]  [ 7648] Commons Daemon procrun (1.0.15.0 64-bit) started
[2020-03-12 22:54:26] [info]  [ 7648] Running 'Tomcat8' Service...
[2020-03-12 22:54:26] [info]  [10184] Starting service...
[2020-03-12 22:54:27] [info]  [10184] Service started in 1153 ms.
[2020-03-12 23:21:54] [info]  [10396] Stopping service...
[2020-03-12 23:21:55] [info]  [10396] Service stop thread completed.
[2020-03-12 23:21:55] [info]  [ 7648] Run service finished.
[2020-03-12 23:21:55] [info]  [ 7648] Commons Daemon procrun finished
[2020-03-12 23:21:55] [info]  [ 9524] Commons Daemon procrun (1.0.15.0 64-bit) started
[2020-03-12 23:21:55] [info]  [ 9524] Running 'Tomcat8' Service...
[2020-03-12 23:21:55] [info]  [ 8476] Starting service...
[2020-03-12 23:21:57] [info]  [ 8476] Service started in 1151 ms.
[2020-03-12 23:29:53] [info]  [ 8588] Stopping service...
[2020-03-12 23:29:55] [info]  [ 8588] Service stop thread completed.
[2020-03-12 23:29:55] [info]  [ 9524] Run service finished.
[2020-03-12 23:29:55] [info]  [ 9524] Commons Daemon procrun finished
