[2020-03-06 13:20:36] [info]  [  416] Commons Daemon procrun (1.0.15.0 64-bit) started
[2020-03-06 13:20:37] [info]  [  416] Running 'Tomcat8' Service...
[2020-03-06 13:20:37] [info]  [ 6772] Starting service...
[2020-03-06 13:20:38] [info]  [ 6772] Service started in 1188 ms.
[2020-03-06 13:30:37] [info]  [ 2192] Stopping service...
[2020-03-06 13:30:38] [info]  [ 2192] Service stop thread completed.
[2020-03-06 13:30:39] [info]  [  416] Run service finished.
[2020-03-06 13:30:39] [info]  [  416] Commons Daemon procrun finished
[2020-03-06 13:30:39] [info]  [ 3620] Commons Daemon procrun (1.0.15.0 64-bit) started
[2020-03-06 13:30:39] [info]  [ 3620] Running 'Tomcat8' Service...
[2020-03-06 13:30:39] [info]  [ 1768] Starting service...
[2020-03-06 13:30:41] [info]  [ 1768] Service started in 1157 ms.
[2020-03-06 13:49:45] [info]  [ 2192] Stopping service...
[2020-03-06 13:49:46] [info]  [ 2192] Service stop thread completed.
[2020-03-06 13:49:47] [info]  [ 3620] Run service finished.
[2020-03-06 13:49:47] [info]  [ 3620] Commons Daemon procrun finished
[2020-03-06 13:49:47] [info]  [11208] Commons Daemon procrun (1.0.15.0 64-bit) started
[2020-03-06 13:49:47] [info]  [11208] Running 'Tomcat8' Service...
[2020-03-06 13:49:48] [info]  [10140] Starting service...
[2020-03-06 13:49:49] [info]  [10140] Service started in 1148 ms.
[2020-03-06 14:41:14] [info]  [ 7180] Stopping service...
[2020-03-06 14:41:15] [info]  [ 7180] Service stop thread completed.
[2020-03-06 14:41:16] [info]  [11208] Run service finished.
[2020-03-06 14:41:16] [info]  [11208] Commons Daemon procrun finished
[2020-03-06 14:41:16] [info]  [  684] Commons Daemon procrun (1.0.15.0 64-bit) started
[2020-03-06 14:41:17] [info]  [  684] Running 'Tomcat8' Service...
[2020-03-06 14:41:17] [info]  [ 7544] Starting service...
[2020-03-06 14:41:18] [info]  [ 7544] Service started in 1157 ms.
[2020-03-06 14:41:51] [info]  [10728] Stopping service...
[2020-03-06 14:41:53] [info]  [10728] Service stop thread completed.
[2020-03-06 14:41:53] [info]  [  684] Run service finished.
[2020-03-06 14:41:53] [info]  [  684] Commons Daemon procrun finished
[2020-03-06 14:41:54] [info]  [ 3576] Commons Daemon procrun (1.0.15.0 64-bit) started
[2020-03-06 14:41:54] [info]  [ 3576] Running 'Tomcat8' Service...
[2020-03-06 14:41:54] [info]  [11004] Starting service...
[2020-03-06 14:41:55] [info]  [11004] Service started in 1150 ms.
[2020-03-07 00:14:56] [info]  [11184] Console SHUTDOWN event signaled
[2020-03-07 00:14:57] [info]  [11184] Stopping service...
[2020-03-07 00:14:58] [info]  [11184] Service stop thread completed.
[2020-03-07 00:14:58] [info]  [ 3576] Run service finished.
[2020-03-07 00:14:59] [info]  [ 3576] Commons Daemon procrun finished
