[2020-03-16 08:44:35] [info]  [ 8824] Commons Daemon procrun (1.0.15.0 64-bit) started
[2020-03-16 08:44:35] [info]  [ 8824] Running 'Tomcat8' Service...
[2020-03-16 08:44:36] [info]  [ 4516] Starting service...
[2020-03-16 08:44:37] [info]  [ 4516] Service started in 1239 ms.
[2020-03-16 10:28:35] [info]  [10136] Stopping service...
[2020-03-16 10:28:36] [info]  [10136] Service stop thread completed.
[2020-03-16 10:28:37] [info]  [ 8824] Run service finished.
[2020-03-16 10:28:37] [info]  [ 8824] Commons Daemon procrun finished
[2020-03-16 10:28:37] [info]  [ 6420] Commons Daemon procrun (1.0.15.0 64-bit) started
[2020-03-16 10:28:37] [info]  [ 6420] Running 'Tomcat8' Service...
[2020-03-16 10:28:37] [info]  [ 9492] Starting service...
[2020-03-16 10:28:39] [info]  [ 9492] Service started in 1173 ms.
[2020-03-16 10:30:03] [info]  [10168] Stopping service...
[2020-03-16 10:30:04] [info]  [10168] Service stop thread completed.
[2020-03-16 10:30:05] [info]  [ 6420] Run service finished.
[2020-03-16 10:30:05] [info]  [ 6420] Commons Daemon procrun finished
[2020-03-16 10:30:05] [info]  [ 2032] Commons Daemon procrun (1.0.15.0 64-bit) started
[2020-03-16 10:30:05] [info]  [ 2032] Running 'Tomcat8' Service...
[2020-03-16 10:30:05] [info]  [10088] Starting service...
[2020-03-16 10:30:07] [info]  [10088] Service started in 1165 ms.
[2020-03-16 14:08:34] [info]  [ 7180] Stopping service...
[2020-03-16 14:08:35] [info]  [ 7180] Service stop thread completed.
[2020-03-16 14:08:35] [info]  [ 2032] Run service finished.
[2020-03-16 14:08:35] [info]  [ 2032] Commons Daemon procrun finished
[2020-03-16 14:08:36] [info]  [ 9736] Commons Daemon procrun (1.0.15.0 64-bit) started
[2020-03-16 14:08:36] [info]  [ 9736] Running 'Tomcat8' Service...
[2020-03-16 14:08:36] [info]  [ 8708] Starting service...
[2020-03-16 14:08:37] [info]  [ 8708] Service started in 1183 ms.
[2020-03-16 14:11:49] [info]  [ 4424] Stopping service...
[2020-03-16 14:11:50] [info]  [ 4424] Service stop thread completed.
[2020-03-16 14:11:51] [info]  [ 9736] Run service finished.
[2020-03-16 14:11:51] [info]  [ 9736] Commons Daemon procrun finished
[2020-03-16 14:11:51] [info]  [10884] Commons Daemon procrun (1.0.15.0 64-bit) started
[2020-03-16 14:11:51] [info]  [10884] Running 'Tomcat8' Service...
[2020-03-16 14:11:51] [info]  [ 1424] Starting service...
[2020-03-16 14:11:53] [info]  [ 1424] Service started in 1163 ms.
[2020-03-16 17:38:01] [info]  [ 2624] Stopping service...
[2020-03-16 17:38:02] [info]  [ 2624] Service stop thread completed.
[2020-03-16 17:38:03] [info]  [10884] Run service finished.
[2020-03-16 17:38:03] [info]  [10884] Commons Daemon procrun finished
[2020-03-16 17:38:03] [info]  [11464] Commons Daemon procrun (1.0.15.0 64-bit) started
[2020-03-16 17:38:04] [info]  [11464] Running 'Tomcat8' Service...
[2020-03-16 17:38:04] [info]  [11400] Starting service...
[2020-03-16 17:38:05] [info]  [11400] Service started in 1209 ms.
[2020-03-16 19:51:58] [info]  [11268] Console SHUTDOWN event signaled
[2020-03-16 19:51:58] [info]  [11268] Stopping service...
[2020-03-16 19:51:59] [info]  [11268] Service stop thread completed.
[2020-03-16 19:52:00] [info]  [11464] Run service finished.
[2020-03-16 19:52:00] [info]  [11464] Commons Daemon procrun finished
