20-Mar-2020 17:31:23.977 严重 [localhost-startStop-1] org.apache.catalina.core.StandardContext.filterStart Exception starting filter [HttpRequestAndResponseFilter]
 java.lang.ClassNotFoundException: com.qf.filter.HttpRequestAndResponseFilter
	at org.apache.catalina.loader.WebappClassLoaderBase.loadClass(WebappClassLoaderBase.java:1285)
	at org.apache.catalina.loader.WebappClassLoaderBase.loadClass(WebappClassLoaderBase.java:1119)
	at org.apache.catalina.core.DefaultInstanceManager.loadClass(DefaultInstanceManager.java:512)
	at org.apache.catalina.core.DefaultInstanceManager.loadClassMaybePrivileged(DefaultInstanceManager.java:493)
	at org.apache.catalina.core.DefaultInstanceManager.newInstance(DefaultInstanceManager.java:119)
	at org.apache.catalina.core.ApplicationFilterConfig.getFilter(ApplicationFilterConfig.java:264)
	at org.apache.catalina.core.ApplicationFilterConfig.<init>(ApplicationFilterConfig.java:108)
	at org.apache.catalina.core.StandardContext.filterStart(StandardContext.java:4590)
	at org.apache.catalina.core.StandardContext.startInternal(StandardContext.java:5233)
	at org.apache.catalina.util.LifecycleBase.start(LifecycleBase.java:150)
	at org.apache.catalina.core.ContainerBase.addChildInternal(ContainerBase.java:752)
	at org.apache.catalina.core.ContainerBase.addChild(ContainerBase.java:728)
	at org.apache.catalina.core.StandardHost.addChild(StandardHost.java:734)
	at org.apache.catalina.startup.HostConfig.deployDirectory(HostConfig.java:1144)
	at org.apache.catalina.startup.HostConfig$DeployDirectory.run(HostConfig.java:1878)
	at java.util.concurrent.Executors$RunnableAdapter.call(Unknown Source)
	at java.util.concurrent.FutureTask.run(Unknown Source)
	at java.util.concurrent.ThreadPoolExecutor.runWorker(Unknown Source)
	at java.util.concurrent.ThreadPoolExecutor$Worker.run(Unknown Source)
	at java.lang.Thread.run(Unknown Source)

20-Mar-2020 19:50:22.253 严重 [localhost-startStop-2] org.apache.catalina.core.StandardContext.filterStart Exception starting filter [HttpRequestAndResponseFilter]
 java.lang.ClassNotFoundException: com.qf.filter.HttpRequestAndResponseFilter
	at org.apache.catalina.loader.WebappClassLoaderBase.loadClass(WebappClassLoaderBase.java:1285)
	at org.apache.catalina.loader.WebappClassLoaderBase.loadClass(WebappClassLoaderBase.java:1119)
	at org.apache.catalina.core.DefaultInstanceManager.loadClass(DefaultInstanceManager.java:512)
	at org.apache.catalina.core.DefaultInstanceManager.loadClassMaybePrivileged(DefaultInstanceManager.java:493)
	at org.apache.catalina.core.DefaultInstanceManager.newInstance(DefaultInstanceManager.java:119)
	at org.apache.catalina.core.ApplicationFilterConfig.getFilter(ApplicationFilterConfig.java:264)
	at org.apache.catalina.core.ApplicationFilterConfig.<init>(ApplicationFilterConfig.java:108)
	at org.apache.catalina.core.StandardContext.filterStart(StandardContext.java:4590)
	at org.apache.catalina.core.StandardContext.startInternal(StandardContext.java:5233)
	at org.apache.catalina.util.LifecycleBase.start(LifecycleBase.java:150)
	at org.apache.catalina.core.ContainerBase.addChildInternal(ContainerBase.java:752)
	at org.apache.catalina.core.ContainerBase.addChild(ContainerBase.java:728)
	at org.apache.catalina.core.StandardHost.addChild(StandardHost.java:734)
	at org.apache.catalina.startup.HostConfig.deployDirectory(HostConfig.java:1144)
	at org.apache.catalina.startup.HostConfig$DeployDirectory.run(HostConfig.java:1878)
	at java.util.concurrent.Executors$RunnableAdapter.call(Unknown Source)
	at java.util.concurrent.FutureTask.run(Unknown Source)
	at java.util.concurrent.ThreadPoolExecutor.runWorker(Unknown Source)
	at java.util.concurrent.ThreadPoolExecutor$Worker.run(Unknown Source)
	at java.lang.Thread.run(Unknown Source)

20-Mar-2020 19:52:32.632 严重 [localhost-startStop-3] org.apache.catalina.core.StandardContext.filterStart Exception starting filter [HttpRequestAndResponseFilter]
 java.lang.ClassNotFoundException: com.qf.filter.HttpRequestAndResponseFilter
	at org.apache.catalina.loader.WebappClassLoaderBase.loadClass(WebappClassLoaderBase.java:1285)
	at org.apache.catalina.loader.WebappClassLoaderBase.loadClass(WebappClassLoaderBase.java:1119)
	at org.apache.catalina.core.DefaultInstanceManager.loadClass(DefaultInstanceManager.java:512)
	at org.apache.catalina.core.DefaultInstanceManager.loadClassMaybePrivileged(DefaultInstanceManager.java:493)
	at org.apache.catalina.core.DefaultInstanceManager.newInstance(DefaultInstanceManager.java:119)
	at org.apache.catalina.core.ApplicationFilterConfig.getFilter(ApplicationFilterConfig.java:264)
	at org.apache.catalina.core.ApplicationFilterConfig.<init>(ApplicationFilterConfig.java:108)
	at org.apache.catalina.core.StandardContext.filterStart(StandardContext.java:4590)
	at org.apache.catalina.core.StandardContext.startInternal(StandardContext.java:5233)
	at org.apache.catalina.util.LifecycleBase.start(LifecycleBase.java:150)
	at org.apache.catalina.core.ContainerBase.addChildInternal(ContainerBase.java:752)
	at org.apache.catalina.core.ContainerBase.addChild(ContainerBase.java:728)
	at org.apache.catalina.core.StandardHost.addChild(StandardHost.java:734)
	at org.apache.catalina.startup.HostConfig.deployDirectory(HostConfig.java:1144)
	at org.apache.catalina.startup.HostConfig$DeployDirectory.run(HostConfig.java:1878)
	at java.util.concurrent.Executors$RunnableAdapter.call(Unknown Source)
	at java.util.concurrent.FutureTask.run(Unknown Source)
	at java.util.concurrent.ThreadPoolExecutor.runWorker(Unknown Source)
	at java.util.concurrent.ThreadPoolExecutor$Worker.run(Unknown Source)
	at java.lang.Thread.run(Unknown Source)

