
2020-02-17 14:19:26 Commons Daemon procrun stderr initialized
17-Feb-2020 14:19:32.690 信息 [main] org.apache.catalina.startup.VersionLoggerListener.log Server version:        Apache Tomcat/8.5.20
17-Feb-2020 14:19:32.857 信息 [main] org.apache.catalina.startup.VersionLoggerListener.log Server built:          Aug 2 2017 21:35:49 UTC
17-Feb-2020 14:19:32.858 信息 [main] org.apache.catalina.startup.VersionLoggerListener.log Server number:         8.5.20.0
17-Feb-2020 14:19:32.858 信息 [main] org.apache.catalina.startup.VersionLoggerListener.log OS Name:               Windows 10
17-Feb-2020 14:19:32.858 信息 [main] org.apache.catalina.startup.VersionLoggerListener.log OS Version:            10.0
17-Feb-2020 14:19:32.858 信息 [main] org.apache.catalina.startup.VersionLoggerListener.log Architecture:          amd64
17-Feb-2020 14:19:32.858 信息 [main] org.apache.catalina.startup.VersionLoggerListener.log Java Home:             E:\UserProgram\JAVA\jre
17-Feb-2020 14:19:32.858 信息 [main] org.apache.catalina.startup.VersionLoggerListener.log JVM Version:           1.8.0_161-b12
17-Feb-2020 14:19:32.859 信息 [main] org.apache.catalina.startup.VersionLoggerListener.log JVM Vendor:            Oracle Corporation
17-Feb-2020 14:19:32.859 信息 [main] org.apache.catalina.startup.VersionLoggerListener.log CATALINA_BASE:         E:\Server\apache-tomcat-8.5.20
17-Feb-2020 14:19:32.859 信息 [main] org.apache.catalina.startup.VersionLoggerListener.log CATALINA_HOME:         E:\Server\apache-tomcat-8.5.20
17-Feb-2020 14:19:32.860 信息 [main] org.apache.catalina.startup.VersionLoggerListener.log Command line argument: -Dcatalina.home=E:\Server\apache-tomcat-8.5.20
17-Feb-2020 14:19:32.860 信息 [main] org.apache.catalina.startup.VersionLoggerListener.log Command line argument: -Dcatalina.base=E:\Server\apache-tomcat-8.5.20
17-Feb-2020 14:19:32.861 信息 [main] org.apache.catalina.startup.VersionLoggerListener.log Command line argument: -Djava.io.tmpdir=E:\Server\apache-tomcat-8.5.20\temp
17-Feb-2020 14:19:32.861 信息 [main] org.apache.catalina.startup.VersionLoggerListener.log Command line argument: -Djava.util.logging.manager=org.apache.juli.ClassLoaderLogManager
17-Feb-2020 14:19:32.861 信息 [main] org.apache.catalina.startup.VersionLoggerListener.log Command line argument: -Djava.util.logging.config.file=E:\Server\apache-tomcat-8.5.20\conf\logging.properties
17-Feb-2020 14:19:32.862 信息 [main] org.apache.catalina.startup.VersionLoggerListener.log Command line argument: exit
17-Feb-2020 14:19:32.863 信息 [main] org.apache.catalina.startup.VersionLoggerListener.log Command line argument: -Xms128m
17-Feb-2020 14:19:32.863 信息 [main] org.apache.catalina.startup.VersionLoggerListener.log Command line argument: -Xmx256m
17-Feb-2020 14:19:32.863 信息 [main] org.apache.catalina.core.AprLifecycleListener.lifecycleEvent Loaded APR based Apache Tomcat Native library [1.2.12] using APR version [1.5.2].
17-Feb-2020 14:19:32.863 信息 [main] org.apache.catalina.core.AprLifecycleListener.lifecycleEvent APR capabilities: IPv6 [true], sendfile [true], accept filters [false], random [true].
17-Feb-2020 14:19:32.863 信息 [main] org.apache.catalina.core.AprLifecycleListener.lifecycleEvent APR/OpenSSL configuration: useAprConnector [false], useOpenSSL [true]
17-Feb-2020 14:19:34.056 信息 [main] org.apache.catalina.core.AprLifecycleListener.initializeSSL OpenSSL successfully initialized [OpenSSL 1.0.2k  26 Jan 2017]
17-Feb-2020 14:19:35.454 信息 [main] org.apache.coyote.AbstractProtocol.init Initializing ProtocolHandler ["http-nio-80"]
17-Feb-2020 14:19:35.991 信息 [main] org.apache.tomcat.util.net.NioSelectorPool.getSharedSelector Using a shared selector for servlet write/read
17-Feb-2020 14:19:36.028 信息 [main] org.apache.coyote.AbstractProtocol.init Initializing ProtocolHandler ["ajp-nio-8009"]
17-Feb-2020 14:19:36.031 信息 [main] org.apache.tomcat.util.net.NioSelectorPool.getSharedSelector Using a shared selector for servlet write/read
17-Feb-2020 14:19:36.031 信息 [main] org.apache.catalina.startup.Catalina.load Initialization processed in 5844 ms
17-Feb-2020 14:19:36.224 信息 [main] org.apache.catalina.core.StandardService.startInternal Starting service [Catalina]
17-Feb-2020 14:19:36.224 信息 [main] org.apache.catalina.core.StandardEngine.startInternal Starting Servlet Engine: Apache Tomcat/8.5.20
17-Feb-2020 14:19:37.807 信息 [localhost-startStop-1] org.apache.jasper.servlet.TldScanner.scanJars At least one JAR was scanned for TLDs yet contained no TLDs. Enable debug logging for this logger for a complete list of JARs that were scanned but no TLDs were found in them. Skipping unneeded JARs during scanning can improve startup time and JSP compilation time.
17-Feb-2020 14:19:38.124 信息 [localhost-startStop-1] org.apache.catalina.startup.HostConfig.deployDirectory Deploying web application directory [E:\Server\apache-tomcat-8.5.20\webapps\docs]
17-Feb-2020 14:19:38.271 信息 [localhost-startStop-1] org.apache.catalina.startup.HostConfig.deployDirectory Deployment of web application directory [E:\Server\apache-tomcat-8.5.20\webapps\docs] has finished in [134] ms
17-Feb-2020 14:19:38.271 信息 [localhost-startStop-1] org.apache.catalina.startup.HostConfig.deployDirectory Deploying web application directory [E:\Server\apache-tomcat-8.5.20\webapps\examples]
17-Feb-2020 14:19:39.339 信息 [localhost-startStop-1] org.apache.catalina.startup.HostConfig.deployDirectory Deployment of web application directory [E:\Server\apache-tomcat-8.5.20\webapps\examples] has finished in [1,068] ms
17-Feb-2020 14:19:39.340 信息 [localhost-startStop-1] org.apache.catalina.startup.HostConfig.deployDirectory Deploying web application directory [E:\Server\apache-tomcat-8.5.20\webapps\host-manager]
17-Feb-2020 14:19:39.448 信息 [localhost-startStop-1] org.apache.catalina.startup.HostConfig.deployDirectory Deployment of web application directory [E:\Server\apache-tomcat-8.5.20\webapps\host-manager] has finished in [108] ms
17-Feb-2020 14:19:39.448 信息 [localhost-startStop-1] org.apache.catalina.startup.HostConfig.deployDirectory Deploying web application directory [E:\Server\apache-tomcat-8.5.20\webapps\manager]
17-Feb-2020 14:19:39.521 信息 [localhost-startStop-1] org.apache.catalina.startup.HostConfig.deployDirectory Deployment of web application directory [E:\Server\apache-tomcat-8.5.20\webapps\manager] has finished in [72] ms
17-Feb-2020 14:19:39.529 信息 [main] org.apache.coyote.AbstractProtocol.start Starting ProtocolHandler ["http-nio-80"]
17-Feb-2020 14:19:39.545 信息 [main] org.apache.coyote.AbstractProtocol.start Starting ProtocolHandler ["ajp-nio-8009"]
17-Feb-2020 14:19:39.548 信息 [main] org.apache.catalina.startup.Catalina.start Server startup in 3492 ms
17-Feb-2020 14:23:30.756 信息 [Thread-6] org.apache.coyote.AbstractProtocol.pause Pausing ProtocolHandler ["http-nio-80"]
17-Feb-2020 14:23:30.938 信息 [Thread-6] org.apache.coyote.AbstractProtocol.pause Pausing ProtocolHandler ["ajp-nio-8009"]
17-Feb-2020 14:23:31.038 信息 [Thread-6] org.apache.catalina.core.StandardService.stopInternal Stopping service [Catalina]
17-Feb-2020 14:23:31.151 信息 [Thread-6] org.apache.coyote.AbstractProtocol.stop Stopping ProtocolHandler ["http-nio-80"]
17-Feb-2020 14:23:31.155 信息 [Thread-6] org.apache.coyote.AbstractProtocol.stop Stopping ProtocolHandler ["ajp-nio-8009"]
