
2019-12-23 08:04:27 Commons Daemon procrun stderr initialized
23-Dec-2019 08:04:36.114 信息 [main] org.apache.catalina.startup.VersionLoggerListener.log Server version:        Apache Tomcat/8.5.20
23-Dec-2019 08:04:36.317 信息 [main] org.apache.catalina.startup.VersionLoggerListener.log Server built:          Aug 2 2017 21:35:49 UTC
23-Dec-2019 08:04:36.318 信息 [main] org.apache.catalina.startup.VersionLoggerListener.log Server number:         8.5.20.0
23-Dec-2019 08:04:36.319 信息 [main] org.apache.catalina.startup.VersionLoggerListener.log OS Name:               Windows 10
23-Dec-2019 08:04:36.320 信息 [main] org.apache.catalina.startup.VersionLoggerListener.log OS Version:            10.0
23-Dec-2019 08:04:36.320 信息 [main] org.apache.catalina.startup.VersionLoggerListener.log Architecture:          amd64
23-Dec-2019 08:04:36.321 信息 [main] org.apache.catalina.startup.VersionLoggerListener.log Java Home:             E:\UserProgram\JAVA\jre
23-Dec-2019 08:04:36.322 信息 [main] org.apache.catalina.startup.VersionLoggerListener.log JVM Version:           1.8.0_161-b12
23-Dec-2019 08:04:36.322 信息 [main] org.apache.catalina.startup.VersionLoggerListener.log JVM Vendor:            Oracle Corporation
23-Dec-2019 08:04:36.323 信息 [main] org.apache.catalina.startup.VersionLoggerListener.log CATALINA_BASE:         E:\Server\apache-tomcat-8.5.20
23-Dec-2019 08:04:36.335 信息 [main] org.apache.catalina.startup.VersionLoggerListener.log CATALINA_HOME:         E:\Server\apache-tomcat-8.5.20
23-Dec-2019 08:04:36.336 信息 [main] org.apache.catalina.startup.VersionLoggerListener.log Command line argument: -Dcatalina.home=E:\Server\apache-tomcat-8.5.20
23-Dec-2019 08:04:36.336 信息 [main] org.apache.catalina.startup.VersionLoggerListener.log Command line argument: -Dcatalina.base=E:\Server\apache-tomcat-8.5.20
23-Dec-2019 08:04:36.337 信息 [main] org.apache.catalina.startup.VersionLoggerListener.log Command line argument: -Djava.io.tmpdir=E:\Server\apache-tomcat-8.5.20\temp
23-Dec-2019 08:04:36.337 信息 [main] org.apache.catalina.startup.VersionLoggerListener.log Command line argument: -Djava.util.logging.manager=org.apache.juli.ClassLoaderLogManager
23-Dec-2019 08:04:36.338 信息 [main] org.apache.catalina.startup.VersionLoggerListener.log Command line argument: -Djava.util.logging.config.file=E:\Server\apache-tomcat-8.5.20\conf\logging.properties
23-Dec-2019 08:04:36.338 信息 [main] org.apache.catalina.startup.VersionLoggerListener.log Command line argument: exit
23-Dec-2019 08:04:36.339 信息 [main] org.apache.catalina.startup.VersionLoggerListener.log Command line argument: -Xms128m
23-Dec-2019 08:04:36.339 信息 [main] org.apache.catalina.startup.VersionLoggerListener.log Command line argument: -Xmx256m
23-Dec-2019 08:04:36.340 信息 [main] org.apache.catalina.core.AprLifecycleListener.lifecycleEvent Loaded APR based Apache Tomcat Native library [1.2.12] using APR version [1.5.2].
23-Dec-2019 08:04:36.341 信息 [main] org.apache.catalina.core.AprLifecycleListener.lifecycleEvent APR capabilities: IPv6 [true], sendfile [true], accept filters [false], random [true].
23-Dec-2019 08:04:36.342 信息 [main] org.apache.catalina.core.AprLifecycleListener.lifecycleEvent APR/OpenSSL configuration: useAprConnector [false], useOpenSSL [true]
23-Dec-2019 08:04:37.041 信息 [main] org.apache.catalina.core.AprLifecycleListener.initializeSSL OpenSSL successfully initialized [OpenSSL 1.0.2k  26 Jan 2017]
23-Dec-2019 08:04:39.336 信息 [main] org.apache.coyote.AbstractProtocol.init Initializing ProtocolHandler ["http-nio-80"]
23-Dec-2019 08:04:39.911 信息 [main] org.apache.tomcat.util.net.NioSelectorPool.getSharedSelector Using a shared selector for servlet write/read
23-Dec-2019 08:04:39.935 信息 [main] org.apache.coyote.AbstractProtocol.init Initializing ProtocolHandler ["ajp-nio-8009"]
23-Dec-2019 08:04:39.938 信息 [main] org.apache.tomcat.util.net.NioSelectorPool.getSharedSelector Using a shared selector for servlet write/read
23-Dec-2019 08:04:39.938 信息 [main] org.apache.catalina.startup.Catalina.load Initialization processed in 7676 ms
23-Dec-2019 08:04:40.121 信息 [main] org.apache.catalina.core.StandardService.startInternal Starting service [Catalina]
23-Dec-2019 08:04:40.121 信息 [main] org.apache.catalina.core.StandardEngine.startInternal Starting Servlet Engine: Apache Tomcat/8.5.20
23-Dec-2019 08:04:43.788 信息 [localhost-startStop-1] org.apache.jasper.servlet.TldScanner.scanJars At least one JAR was scanned for TLDs yet contained no TLDs. Enable debug logging for this logger for a complete list of JARs that were scanned but no TLDs were found in them. Skipping unneeded JARs during scanning can improve startup time and JSP compilation time.
23-Dec-2019 08:04:43.970 信息 [localhost-startStop-1] org.apache.catalina.startup.HostConfig.deployDirectory Deploying web application directory [E:\Server\apache-tomcat-8.5.20\webapps\docs]
23-Dec-2019 08:04:44.198 信息 [localhost-startStop-1] org.apache.catalina.startup.HostConfig.deployDirectory Deployment of web application directory [E:\Server\apache-tomcat-8.5.20\webapps\docs] has finished in [225] ms
23-Dec-2019 08:04:44.199 信息 [localhost-startStop-1] org.apache.catalina.startup.HostConfig.deployDirectory Deploying web application directory [E:\Server\apache-tomcat-8.5.20\webapps\examples]
23-Dec-2019 08:04:45.906 信息 [localhost-startStop-1] org.apache.catalina.startup.HostConfig.deployDirectory Deployment of web application directory [E:\Server\apache-tomcat-8.5.20\webapps\examples] has finished in [1,708] ms
23-Dec-2019 08:04:45.906 信息 [localhost-startStop-1] org.apache.catalina.startup.HostConfig.deployDirectory Deploying web application directory [E:\Server\apache-tomcat-8.5.20\webapps\host-manager]
23-Dec-2019 08:04:46.027 信息 [localhost-startStop-1] org.apache.catalina.startup.HostConfig.deployDirectory Deployment of web application directory [E:\Server\apache-tomcat-8.5.20\webapps\host-manager] has finished in [121] ms
23-Dec-2019 08:04:46.027 信息 [localhost-startStop-1] org.apache.catalina.startup.HostConfig.deployDirectory Deploying web application directory [E:\Server\apache-tomcat-8.5.20\webapps\manager]
23-Dec-2019 08:04:46.185 信息 [localhost-startStop-1] org.apache.catalina.startup.HostConfig.deployDirectory Deployment of web application directory [E:\Server\apache-tomcat-8.5.20\webapps\manager] has finished in [158] ms
23-Dec-2019 08:04:46.190 信息 [main] org.apache.coyote.AbstractProtocol.start Starting ProtocolHandler ["http-nio-80"]
23-Dec-2019 08:04:46.201 信息 [main] org.apache.coyote.AbstractProtocol.start Starting ProtocolHandler ["ajp-nio-8009"]
23-Dec-2019 08:04:46.203 信息 [main] org.apache.catalina.startup.Catalina.start Server startup in 6264 ms
23-Dec-2019 08:18:51.271 信息 [Thread-6] org.apache.coyote.AbstractProtocol.pause Pausing ProtocolHandler ["http-nio-80"]
23-Dec-2019 08:18:51.474 信息 [Thread-6] org.apache.coyote.AbstractProtocol.pause Pausing ProtocolHandler ["ajp-nio-8009"]
23-Dec-2019 08:18:51.649 信息 [Thread-6] org.apache.catalina.core.StandardService.stopInternal Stopping service [Catalina]
23-Dec-2019 08:18:51.758 信息 [Thread-6] org.apache.coyote.AbstractProtocol.stop Stopping ProtocolHandler ["http-nio-80"]
23-Dec-2019 08:18:51.760 信息 [Thread-6] org.apache.coyote.AbstractProtocol.stop Stopping ProtocolHandler ["ajp-nio-8009"]
