
2020-03-20 17:31:20 Commons Daemon procrun stderr initialized
20-Mar-2020 17:31:21.796 信息 [main] org.apache.catalina.startup.VersionLoggerListener.log Server version:        Apache Tomcat/8.5.20
20-Mar-2020 17:31:21.801 信息 [main] org.apache.catalina.startup.VersionLoggerListener.log Server built:          Aug 2 2017 21:35:49 UTC
20-Mar-2020 17:31:21.801 信息 [main] org.apache.catalina.startup.VersionLoggerListener.log Server number:         8.5.20.0
20-Mar-2020 17:31:21.801 信息 [main] org.apache.catalina.startup.VersionLoggerListener.log OS Name:               Windows 10
20-Mar-2020 17:31:21.801 信息 [main] org.apache.catalina.startup.VersionLoggerListener.log OS Version:            10.0
20-Mar-2020 17:31:21.801 信息 [main] org.apache.catalina.startup.VersionLoggerListener.log Architecture:          amd64
20-Mar-2020 17:31:21.802 信息 [main] org.apache.catalina.startup.VersionLoggerListener.log Java Home:             E:\UserProgram\JAVA\jre
20-Mar-2020 17:31:21.802 信息 [main] org.apache.catalina.startup.VersionLoggerListener.log JVM Version:           1.8.0_161-b12
20-Mar-2020 17:31:21.802 信息 [main] org.apache.catalina.startup.VersionLoggerListener.log JVM Vendor:            Oracle Corporation
20-Mar-2020 17:31:21.802 信息 [main] org.apache.catalina.startup.VersionLoggerListener.log CATALINA_BASE:         E:\Server\apache-tomcat-8.5.20
20-Mar-2020 17:31:21.802 信息 [main] org.apache.catalina.startup.VersionLoggerListener.log CATALINA_HOME:         E:\Server\apache-tomcat-8.5.20
20-Mar-2020 17:31:21.802 信息 [main] org.apache.catalina.startup.VersionLoggerListener.log Command line argument: -Dcatalina.home=E:\Server\apache-tomcat-8.5.20
20-Mar-2020 17:31:21.803 信息 [main] org.apache.catalina.startup.VersionLoggerListener.log Command line argument: -Dcatalina.base=E:\Server\apache-tomcat-8.5.20
20-Mar-2020 17:31:21.803 信息 [main] org.apache.catalina.startup.VersionLoggerListener.log Command line argument: -Djava.io.tmpdir=E:\Server\apache-tomcat-8.5.20\temp
20-Mar-2020 17:31:21.803 信息 [main] org.apache.catalina.startup.VersionLoggerListener.log Command line argument: -Djava.util.logging.manager=org.apache.juli.ClassLoaderLogManager
20-Mar-2020 17:31:21.803 信息 [main] org.apache.catalina.startup.VersionLoggerListener.log Command line argument: -Djava.util.logging.config.file=E:\Server\apache-tomcat-8.5.20\conf\logging.properties
20-Mar-2020 17:31:21.803 信息 [main] org.apache.catalina.startup.VersionLoggerListener.log Command line argument: exit
20-Mar-2020 17:31:21.803 信息 [main] org.apache.catalina.startup.VersionLoggerListener.log Command line argument: -Xms128m
20-Mar-2020 17:31:21.803 信息 [main] org.apache.catalina.startup.VersionLoggerListener.log Command line argument: -Xmx256m
20-Mar-2020 17:31:21.803 信息 [main] org.apache.catalina.core.AprLifecycleListener.lifecycleEvent Loaded APR based Apache Tomcat Native library [1.2.12] using APR version [1.5.2].
20-Mar-2020 17:31:21.803 信息 [main] org.apache.catalina.core.AprLifecycleListener.lifecycleEvent APR capabilities: IPv6 [true], sendfile [true], accept filters [false], random [true].
20-Mar-2020 17:31:21.804 信息 [main] org.apache.catalina.core.AprLifecycleListener.lifecycleEvent APR/OpenSSL configuration: useAprConnector [false], useOpenSSL [true]
20-Mar-2020 17:31:22.424 信息 [main] org.apache.catalina.core.AprLifecycleListener.initializeSSL OpenSSL successfully initialized [OpenSSL 1.0.2k  26 Jan 2017]
20-Mar-2020 17:31:22.601 信息 [main] org.apache.coyote.AbstractProtocol.init Initializing ProtocolHandler ["http-nio-80"]
20-Mar-2020 17:31:22.871 信息 [main] org.apache.tomcat.util.net.NioSelectorPool.getSharedSelector Using a shared selector for servlet write/read
20-Mar-2020 17:31:22.875 信息 [main] org.apache.coyote.AbstractProtocol.init Initializing ProtocolHandler ["ajp-nio-8009"]
20-Mar-2020 17:31:22.878 信息 [main] org.apache.tomcat.util.net.NioSelectorPool.getSharedSelector Using a shared selector for servlet write/read
20-Mar-2020 17:31:22.878 信息 [main] org.apache.catalina.startup.Catalina.load Initialization processed in 1503 ms
20-Mar-2020 17:31:22.920 信息 [main] org.apache.catalina.core.StandardService.startInternal Starting service [Catalina]
20-Mar-2020 17:31:22.920 信息 [main] org.apache.catalina.core.StandardEngine.startInternal Starting Servlet Engine: Apache Tomcat/8.5.20
20-Mar-2020 17:31:23.825 信息 [localhost-startStop-1] org.apache.jasper.servlet.TldScanner.scanJars At least one JAR was scanned for TLDs yet contained no TLDs. Enable debug logging for this logger for a complete list of JARs that were scanned but no TLDs were found in them. Skipping unneeded JARs during scanning can improve startup time and JSP compilation time.
20-Mar-2020 17:31:23.896 信息 [localhost-startStop-1] org.apache.catalina.startup.HostConfig.deployDirectory Deploying web application directory [E:\Server\apache-tomcat-8.5.20\webapps\ExamSystem]
20-Mar-2020 17:31:23.977 严重 [localhost-startStop-1] org.apache.catalina.core.StandardContext.startInternal One or more Filters failed to start. Full details will be found in the appropriate container log file
20-Mar-2020 17:31:23.977 严重 [localhost-startStop-1] org.apache.catalina.core.StandardContext.startInternal Context [/ExamSystem] startup failed due to previous errors
20-Mar-2020 17:31:23.988 信息 [localhost-startStop-1] org.apache.catalina.startup.HostConfig.deployDirectory Deployment of web application directory [E:\Server\apache-tomcat-8.5.20\webapps\ExamSystem] has finished in [92] ms
20-Mar-2020 17:31:23.991 信息 [main] org.apache.coyote.AbstractProtocol.start Starting ProtocolHandler ["http-nio-80"]
20-Mar-2020 17:31:24.002 信息 [main] org.apache.coyote.AbstractProtocol.start Starting ProtocolHandler ["ajp-nio-8009"]
20-Mar-2020 17:31:24.005 信息 [main] org.apache.catalina.startup.Catalina.start Server startup in 1126 ms
20-Mar-2020 19:50:22.190 信息 [localhost-startStop-2] org.apache.catalina.startup.HostConfig.deployDirectory Deploying web application directory [E:\Server\apache-tomcat-8.5.20\webapps\一组文件]
20-Mar-2020 19:50:22.253 严重 [localhost-startStop-2] org.apache.catalina.core.StandardContext.startInternal One or more Filters failed to start. Full details will be found in the appropriate container log file
20-Mar-2020 19:50:22.253 严重 [localhost-startStop-2] org.apache.catalina.core.StandardContext.startInternal Context [/一组文件] startup failed due to previous errors
20-Mar-2020 19:50:22.258 信息 [localhost-startStop-2] org.apache.catalina.startup.HostConfig.deployDirectory Deployment of web application directory [E:\Server\apache-tomcat-8.5.20\webapps\一组文件] has finished in [68] ms
20-Mar-2020 19:52:32.592 信息 [localhost-startStop-3] org.apache.catalina.startup.HostConfig.deployDirectory Deploying web application directory [E:\Server\apache-tomcat-8.5.20\webapps\HomeOfMovie]
20-Mar-2020 19:52:32.632 严重 [localhost-startStop-3] org.apache.catalina.core.StandardContext.startInternal One or more Filters failed to start. Full details will be found in the appropriate container log file
20-Mar-2020 19:52:32.632 严重 [localhost-startStop-3] org.apache.catalina.core.StandardContext.startInternal Context [/HomeOfMovie] startup failed due to previous errors
20-Mar-2020 19:52:32.635 信息 [localhost-startStop-3] org.apache.catalina.startup.HostConfig.deployDirectory Deployment of web application directory [E:\Server\apache-tomcat-8.5.20\webapps\HomeOfMovie] has finished in [43] ms
20-Mar-2020 19:52:43.139 信息 [ContainerBackgroundProcessor[StandardEngine[Catalina]]] org.apache.catalina.startup.HostConfig.undeploy Undeploying context [/一组文件]
20-Mar-2020 22:59:47.470 信息 [Thread-6] org.apache.coyote.AbstractProtocol.pause Pausing ProtocolHandler ["http-nio-80"]
20-Mar-2020 22:59:47.657 信息 [Thread-6] org.apache.coyote.AbstractProtocol.pause Pausing ProtocolHandler ["ajp-nio-8009"]
20-Mar-2020 22:59:47.797 信息 [Thread-6] org.apache.catalina.core.StandardService.stopInternal Stopping service [Catalina]
20-Mar-2020 22:59:47.860 信息 [Thread-6] org.apache.coyote.AbstractProtocol.stop Stopping ProtocolHandler ["http-nio-80"]
20-Mar-2020 22:59:47.860 信息 [Thread-6] org.apache.coyote.AbstractProtocol.stop Stopping ProtocolHandler ["ajp-nio-8009"]
