
2020-03-15 13:57:32 Commons Daemon procrun stderr initialized
15-Mar-2020 13:57:33.172 信息 [main] org.apache.catalina.startup.VersionLoggerListener.log Server version:        Apache Tomcat/8.5.20
15-Mar-2020 13:57:33.175 信息 [main] org.apache.catalina.startup.VersionLoggerListener.log Server built:          Aug 2 2017 21:35:49 UTC
15-Mar-2020 13:57:33.175 信息 [main] org.apache.catalina.startup.VersionLoggerListener.log Server number:         8.5.20.0
15-Mar-2020 13:57:33.175 信息 [main] org.apache.catalina.startup.VersionLoggerListener.log OS Name:               Windows 10
15-Mar-2020 13:57:33.175 信息 [main] org.apache.catalina.startup.VersionLoggerListener.log OS Version:            10.0
15-Mar-2020 13:57:33.175 信息 [main] org.apache.catalina.startup.VersionLoggerListener.log Architecture:          amd64
15-Mar-2020 13:57:33.175 信息 [main] org.apache.catalina.startup.VersionLoggerListener.log Java Home:             E:\UserProgram\JAVA\jre
15-Mar-2020 13:57:33.175 信息 [main] org.apache.catalina.startup.VersionLoggerListener.log JVM Version:           1.8.0_161-b12
15-Mar-2020 13:57:33.175 信息 [main] org.apache.catalina.startup.VersionLoggerListener.log JVM Vendor:            Oracle Corporation
15-Mar-2020 13:57:33.178 信息 [main] org.apache.catalina.startup.VersionLoggerListener.log CATALINA_BASE:         E:\Server\apache-tomcat-8.5.20
15-Mar-2020 13:57:33.178 信息 [main] org.apache.catalina.startup.VersionLoggerListener.log CATALINA_HOME:         E:\Server\apache-tomcat-8.5.20
15-Mar-2020 13:57:33.178 信息 [main] org.apache.catalina.startup.VersionLoggerListener.log Command line argument: -Dcatalina.home=E:\Server\apache-tomcat-8.5.20
15-Mar-2020 13:57:33.178 信息 [main] org.apache.catalina.startup.VersionLoggerListener.log Command line argument: -Dcatalina.base=E:\Server\apache-tomcat-8.5.20
15-Mar-2020 13:57:33.179 信息 [main] org.apache.catalina.startup.VersionLoggerListener.log Command line argument: -Djava.io.tmpdir=E:\Server\apache-tomcat-8.5.20\temp
15-Mar-2020 13:57:33.179 信息 [main] org.apache.catalina.startup.VersionLoggerListener.log Command line argument: -Djava.util.logging.manager=org.apache.juli.ClassLoaderLogManager
15-Mar-2020 13:57:33.179 信息 [main] org.apache.catalina.startup.VersionLoggerListener.log Command line argument: -Djava.util.logging.config.file=E:\Server\apache-tomcat-8.5.20\conf\logging.properties
15-Mar-2020 13:57:33.179 信息 [main] org.apache.catalina.startup.VersionLoggerListener.log Command line argument: exit
15-Mar-2020 13:57:33.179 信息 [main] org.apache.catalina.startup.VersionLoggerListener.log Command line argument: -Xms128m
15-Mar-2020 13:57:33.179 信息 [main] org.apache.catalina.startup.VersionLoggerListener.log Command line argument: -Xmx256m
15-Mar-2020 13:57:33.179 信息 [main] org.apache.catalina.core.AprLifecycleListener.lifecycleEvent Loaded APR based Apache Tomcat Native library [1.2.12] using APR version [1.5.2].
15-Mar-2020 13:57:33.179 信息 [main] org.apache.catalina.core.AprLifecycleListener.lifecycleEvent APR capabilities: IPv6 [true], sendfile [true], accept filters [false], random [true].
15-Mar-2020 13:57:33.179 信息 [main] org.apache.catalina.core.AprLifecycleListener.lifecycleEvent APR/OpenSSL configuration: useAprConnector [false], useOpenSSL [true]
15-Mar-2020 13:57:33.766 信息 [main] org.apache.catalina.core.AprLifecycleListener.initializeSSL OpenSSL successfully initialized [OpenSSL 1.0.2k  26 Jan 2017]
15-Mar-2020 13:57:33.920 信息 [main] org.apache.coyote.AbstractProtocol.init Initializing ProtocolHandler ["http-nio-80"]
15-Mar-2020 13:57:34.162 信息 [main] org.apache.tomcat.util.net.NioSelectorPool.getSharedSelector Using a shared selector for servlet write/read
15-Mar-2020 13:57:34.164 信息 [main] org.apache.coyote.AbstractProtocol.init Initializing ProtocolHandler ["ajp-nio-8009"]
15-Mar-2020 13:57:34.168 信息 [main] org.apache.tomcat.util.net.NioSelectorPool.getSharedSelector Using a shared selector for servlet write/read
15-Mar-2020 13:57:34.168 信息 [main] org.apache.catalina.startup.Catalina.load Initialization processed in 1464 ms
15-Mar-2020 13:57:34.233 信息 [main] org.apache.catalina.core.StandardService.startInternal Starting service [Catalina]
15-Mar-2020 13:57:34.233 信息 [main] org.apache.catalina.core.StandardEngine.startInternal Starting Servlet Engine: Apache Tomcat/8.5.20
15-Mar-2020 13:57:34.956 信息 [localhost-startStop-1] org.apache.jasper.servlet.TldScanner.scanJars At least one JAR was scanned for TLDs yet contained no TLDs. Enable debug logging for this logger for a complete list of JARs that were scanned but no TLDs were found in them. Skipping unneeded JARs during scanning can improve startup time and JSP compilation time.
15-Mar-2020 13:57:35.012 信息 [localhost-startStop-1] org.apache.catalina.startup.HostConfig.deployDirectory Deploying web application directory [E:\Server\apache-tomcat-8.5.20\webapps\examSystem]
15-Mar-2020 13:57:35.118 严重 [localhost-startStop-1] org.apache.catalina.core.StandardContext.startInternal One or more Filters failed to start. Full details will be found in the appropriate container log file
15-Mar-2020 13:57:35.118 严重 [localhost-startStop-1] org.apache.catalina.core.StandardContext.startInternal Context [/examSystem] startup failed due to previous errors
15-Mar-2020 13:57:35.128 信息 [localhost-startStop-1] org.apache.catalina.startup.HostConfig.deployDirectory Deployment of web application directory [E:\Server\apache-tomcat-8.5.20\webapps\examSystem] has finished in [115] ms
15-Mar-2020 13:57:35.131 信息 [main] org.apache.coyote.AbstractProtocol.start Starting ProtocolHandler ["http-nio-80"]
15-Mar-2020 13:57:35.140 信息 [main] org.apache.coyote.AbstractProtocol.start Starting ProtocolHandler ["ajp-nio-8009"]
15-Mar-2020 13:57:35.143 信息 [main] org.apache.catalina.startup.Catalina.start Server startup in 944 ms
15-Mar-2020 14:25:32.476 信息 [Thread-6] org.apache.coyote.AbstractProtocol.pause Pausing ProtocolHandler ["http-nio-80"]
15-Mar-2020 14:25:32.648 信息 [Thread-6] org.apache.coyote.AbstractProtocol.pause Pausing ProtocolHandler ["ajp-nio-8009"]
15-Mar-2020 14:25:32.773 信息 [Thread-6] org.apache.catalina.core.StandardService.stopInternal Stopping service [Catalina]
15-Mar-2020 14:25:32.820 警告 [localhost-startStop-2] org.apache.catalina.loader.WebappClassLoaderBase.clearReferencesJdbc The web application [ROOT] registered the JDBC driver [com.mysql.jdbc.Driver] but failed to unregister it when the web application was stopped. To prevent a memory leak, the JDBC Driver has been forcibly unregistered.
15-Mar-2020 14:25:32.820 信息 [Thread-6] org.apache.coyote.AbstractProtocol.stop Stopping ProtocolHandler ["http-nio-80"]
15-Mar-2020 14:25:32.820 信息 [Thread-6] org.apache.coyote.AbstractProtocol.stop Stopping ProtocolHandler ["ajp-nio-8009"]
