
2019-12-27 08:26:50 Commons Daemon procrun stdout initialized
刘备
191919
false
刘备
191919
true

2019-12-27 09:25:04 Commons Daemon procrun stdout initialized
刘备
191919
true

2019-12-27 09:30:05 Commons Daemon procrun stdout initialized
刘备
191919
true

2019-12-27 09:40:34 Commons Daemon procrun stdout initialized
刘备
191919
true
刘备
191919
true
刘备
191919
true
刘备
191919
true
游客
4343
true
刘备
191919
true
2
9
刘备
191919
true

2019-12-27 11:11:37 Commons Daemon procrun stdout initialized
刘备
191919
true
刘备
191919
true
刘备
191919
true
7
