
2019-12-20 08:04:30 Commons Daemon procrun stdout initialized

2019-12-20 10:10:57 Commons Daemon procrun stdout initialized

2019-12-20 10:20:08 Commons Daemon procrun stdout initialized
증구
191919
false
증구
191919
false
증구
191919
증구
191919
증구
191919
증구
191919
false
黜끅
4343
false
黜끅
4343
false
5
5
령질
4343
false
령질
4343
false
증구
191919
false
10
10
10
4343
true
黜끅
4343
false
령질
4343
false
증구
191919
false
10
10
5
5
증구
191919
false
黜끅
4343
false
10
10
증구
191919
false
黜끅
4343
false
령질
4343
false
증구
191919
false
